    --> : <HELO name="ID696E3BCC-hLHNE8Wf" tid="f0" sx="M" />
<--     : ['<HELO uname="%74%73%74%5F%74%69%6F" auth="20200608-5423ee53" PF4="9,50,956.55,-8020.0,44,68,136,197,28,2447,247,463,429,218" PF3="0,0,1470.07,-63.0,0,0,1,0,1,7,0,2,0,0" ratingscale="PF3=1.000000&PF4=1.000000&PF01C=0.582222&PF02C=0.501632&PF03C=0.414869&PF11C=0.823386&PF12C=0.709416&PF13C=0.586714&PF23C=0.378722&PF33C=0.535594&PF1C00=8.000000" rr="PF3=0,0&PF4=202692,0&PF01C=0,0&PF02C=0,0&PF03C=0,0&PF11C=0,0&PF12C=0,0&PF13C=0,0&PF23C=0,0&PF33C=0,0&PF1C00=0,0"/>']
    --> : <AUTH val="20200608-a23dcb31"/>
    --> : <PXR V="9" />
<--     : ['<LN n="BrJ1BnD1Tb1Jm" j="C5D2C1B4B9B3B12D4C12B4D8C1B2B2C2B4B" g="KM1E2Q1No3k1BM4E8OM3Y1Eo4E8IA4CU12BY4I8b1EL2DD2CQ2V1t1n1b1t2G"/>']
    --> : <Z />
    --> : <JOIN t="0,1" />
<--     : ['<GO type="1" lobby="0" gpid="DB5F07CC-51113DE0"/>', '<UN n0="%74%73%74%5F%74%69%6F" n1="%E3%83%A9%E3%83%96%E3%83%8A%E3%82%A4%E3%83%95" n2="%E3%81%84%E3%81%95%E3%82%93%E3%82%93" n3="%4F%70%75%73%54%77%6F" dan="9,4,11,11" rate="956.55,1524.47,1825.52,1750.18" sx="M,M,M,M"/>', '<TAIKYOKU oya="0" log="2020060820gm-0001-0000-77831935"/>']
    --> : <GOK /
    --> : <NEXTREADY />
    --> : <Z />
    --> : <Z />
    --> : <Z />
<--     : ['<INIT seed="0,0,0,5,3,32" ten="250,250,250,250" oya="0" hai="55,47,19,97,17,20,33,103,65,80,93,62,41"/>', '<T116/>']
    --> : <D p="116"/>
<--     : ['<D116/>', '<U/>']
    --> : <Z />
<--     : ['<E123/>', '<V/>']
    --> : <Z />
    --> : <Z />
    --> : <Z />
<--     : ['<F121/>', '<W/>']
<--     : ['<G54/>', '<T117/>']
    --> : <Z />
    --> : <D p="117"/>
<--     : ['<D117/>', '<U/>']
    --> : <Z />
<--     : ['<E131/>', '<V/>']
    --> : <Z />
<--     : ['<F114/>']
<--     : ['<N who="1" m="43529" />']
    --> : <Z />
<--     : ['<E37/>', '<V/>']
<--     : ['<F128/>', '<W/>']
    --> : <Z />
    --> : <Z />
<--     : ['<g35/>', '<T16/>']
    --> : <D p="33"/>
<--     : ['<D33/>', '<U/>']
    --> : <Z />
<--     : ['<E107/>', '<V/>']
    --> : <Z />
<--     : ['<F126/>', '<W/>']
    --> : <Z />
<--     : ['<G122/>', '<T82/>']
    --> : <D p="20"/>
<--     : ['<D20/>', '<U/>']
    --> : <Z />
<--     : ['<e105/>', '<V/>']
    --> : <Z />
<--     : ['<F67/>', '<W/>']
    --> : <Z />
<--     : ['<G106 t="4"/>']
    --> : <N />
<--     : ['<T76/>']
    --> : <D p="76"/>
<--     : ['<D76/>', '<U/>']
    --> : <Z />
<--     : ['<E77/>', '<V/>']
    --> : <Z />
    --> : <Z />
    --> : <Z />
<--     : ['<f63/>', '<W/>']
<--     : ['<G79/>', '<T92/>']
    --> : <Z />
    --> : <D p="93"/>
<--     : ['<D93/>']
    --> : <Z />
<--     : ['<N who="1" m="54511" />']
<--     : ['<E34/>', '<V/>']
    --> : <Z />
<--     : ['<f135/>']
    --> : <Z />
<--     : ['<N who="3" m="51723" />']
<--     : ['<G66/>', '<T14/>']
    --> : <D p="14"/>
<--     : ['<D14/>']
    --> : <Z />
<--     : ['<U/>']
    --> : <Z />
    --> : <Z />
<--     : ['<E39/>', '<V/>']
    --> : <Z />
    --> : <Z />
<--     : ['<F50/>', '<W/>']
    --> : <Z />
<--     : ['<G124/>', '<T86/>']
    --> : <D p="86"/>
<--     : ['<D86/>', '<U/>']
    --> : <Z />
<--     : ['<e70/>', '<V/>']
    --> : <Z />
    --> : <Z />
<--     : ['<F46/>', '<W/>']
<--     : ['<g120/>', '<T89/>']
    --> : <D p="55"/>
<--     : ['<D55/>']
    --> : <Z />
<--     : ['<N who="1" m="33887" />']
    --> : <Z />
<--     : ['<E61/>', '<V/>']
    --> : <Z />
<--     : ['<F75/>', '<W/>']
    --> : <Z />
<--     : ['<g64/>', '<T68 t="32"/>']
    --> : <REACH hai="89"/>
    --> : <D p="89"/>
<--     : ['<REACH who="0" step="1"/>']
<--     : ['<D89/>']
    --> : <Z />
    --> : <Z />
<--     : ['<REACH who="0" ten="240,250,250,250" step="2"/>', '<U/>']
    --> : <Z />
<--     : ['<e101/>', '<V/>']
    --> : <Z />
<--     : ['<F74/>', '<W/>']
    --> : <Z />
<--     : ['<g129/>', '<T119/>']
    --> : <D p="119"/>
<--     : ['<D119/>', '<U/>']
    --> : <Z />
<--     : ['<e15/>']
    --> : <Z />
<--     : ['<V/>']
    --> : <Z />
<--     : ['<f72/>', '<W/>']
<--     : ['<G31/>', '<T95/>']
    --> : <D p="95"/>
    --> : <Z />
<--     : ['<D95/>', '<U/>']
    --> : <Z />
<--     : ['<e73/>', '<V/>']
    --> : <Z />
    --> : <Z />
<--     : ['<F90/>', '<W/>']
    --> : <Z />
<--     : ['<G30/>', '<T23/>']
    --> : <D p="23"/>
<--     : ['<D23/>', '<U/>']
    --> : <Z />
    --> : <Z />
<--     : ['<E110/>', '<V/>']
    --> : <Z />
<--     : ['<F88/>', '<W/>']
    --> : <Z />
<--     : ['<G29/>', '<T69/>']
    --> : <D p="69"/>
<--     : ['<D69/>', '<U/>']
    --> : <Z />
<--     : ['<E108/>', '<V/>']
    --> : <Z />
    --> : <Z />
    --> : <Z />
<--     : ['<F13/>']
<--     : ['<W/>']
    --> : <Z />
    --> : <Z />
<--     : ['<G28/>', '<T27/>']
    --> : <D p="27"/>
<--     : ['<D27/>', '<U/>']
    --> : <Z />
<--     : ['<N who="1" m="43537"/>', '<U/>']
<--     : ['<DORA hai="25" />', '<E132/>', '<V/>']
    --> : <Z />
    --> : <Z />
    --> : <Z />
<--     : ['<F99/>']
<--     : ['<W/>']
    --> : <Z />
<--     : ['<G98/>', '<T100/>']
    --> : <D p="100"/>
<--     : ['<D100/>', '<U/>']
    --> : <Z />
<--     : ['<e71/>', '<V/>']
    --> : <Z />
<--     : ['<F111/>', '<W/>']
    --> : <Z />
    --> : <Z />
    --> : <Z />
<--     : ['<G96/>', '<T24/>']
    --> : <D p="24"/>
<--     : ['<D24/>', '<U/>']
    --> : <Z />
    --> : <Z />
    --> : <Z />
<--     : ['<E59/>', '<V/>']
    --> : <Z />
<--     : ['<f118/>', '<W/>']
    --> : <Z />
<--     : ['<G83/>', '<T87/>']
    --> : <D p="87"/>
<--     : ['<D87/>', '<U/>']
    --> : <Z />
<--     : ['<e109/>', '<V/>']
    --> : <Z />
<--     : ['<F102/>', '<RYUUKYOKU ba="0,1" sc="240,15,250,15,250,-15,250,-15" hai0="16,17,19,41,47,62,65,68,80,82,92,97,103" hai1="1,4,42,43" />']
    --> : <NEXTREADY />
    --> : <Z />
    --> : <Z />
    --> : <Z />
<--     : ['<INIT seed="0,1,1,3,1,81" ten="255,265,235,235" oya="0" hai="35,65,78,9,1,71,105,93,74,103,52,43,134"/>', '<T7/>']
    --> : <D p="35"/>
<--     : ['<D35/>', '<U/>']
    --> : <Z />
    --> : <Z />
<--     : ['<E118/>', '<V/>']
    --> : <Z />
<--     : ['<f112/>', '<W/>']
    --> : <Z />
<--     : ['<G34/>', '<T92/>']
    --> : <D p="134"/>
<--     : ['<D134/>', '<U/>']
    --> : <Z />
<--     : ['<E120/>', '<V/>']
    --> : <Z />
<--     : ['<F130/>', '<W/>']
    --> : <Z />
<--     : ['<G129/>', '<T25/>']
    --> : <D p="43"/>
<--     : ['<D43/>', '<U/>']
    --> : <Z />
    --> : <Z />
<--     : ['<E47/>', '<V/>']
    --> : <Z />
<--     : ['<F73/>', '<W/>']
<--     : ['<G102/>', '<T14/>']
    --> : <D p="1"/>
<--     : ['<D1/>', '<U/>']
    --> : <Z />
<--     : ['<E114/>', '<V/>']
    --> : <Z />
<--     : ['<f69/>']
    --> : <Z />
<--     : ['<W/>']
<--     : ['<G116/>', '<T32/>']
    --> : <D p="52"/>
    --> : <Z />
<--     : ['<D52/>', '<U/>']
    --> : <Z />
<--     : ['<E110/>', '<V/>']
<--     : ['<F111/>', '<W/>']
    --> : <Z />
    --> : <Z />
<--     : ['<G49/>', '<T8/>']
    --> : <D p="9"/>
<--     : ['<D9/>', '<U/>']
    --> : <Z />
<--     : ['<E132/>', '<V/>']
    --> : <Z />
    --> : <Z />
<--     : ['<f18/>']
<--     : ['<N who="3" m="7275" />']
    --> : <Z />
<--     : ['<G41/>', '<T115/>']
    --> : <D p="115"/>
<--     : ['<D115/>', '<U/>']
    --> : <Z />
<--     : ['<E131/>', '<V/>']
    --> : <Z />
    --> : <Z />
<--     : ['<F38/>', '<W/>']
<--     : ['<G133/>', '<T4/>']
    --> : <Z />
    --> : <D p="7"/>
<--     : ['<D7/>', '<U/>']
    --> : <Z />
<--     : ['<E66/>', '<V/>']
    --> : <Z />
<--     : ['<F107/>']
    --> : <Z />
<--     : ['<N who="1" m="41001" />']
<--     : ['<E56/>', '<V/>']
<--     : ['<f113/>', '<W/>']
    --> : <Z />
    --> : <Z />
<--     : ['<N who="3" m="15360" />', '<DORA hai="127" />', '<W/>']
    --> : <Z />
<--     : ['<G67/>', '<T40/>']
    --> : <D p="40"/>
<--     : ['<D40/>', '<U/>']
    --> : <Z />
<--     : ['<E22/>', '<V/>']
    --> : <Z />
<--     : ['<f128/>', '<W/>']
    --> : <Z />
<--     : ['<g83 t="4"/>']
    --> : <N />
<--     : ['<T12/>']
    --> : <D p="14"/>
<--     : ['<D14/>', '<U/>']
    --> : <Z />
<--     : ['<E15/>']
<--     : ['<N who="2" m="5615" />']
    --> : <Z />
<--     : ['<F108/>', '<W/>']
    --> : <Z />
<--     : ['<G51/>', '<T68/>']
    --> : <D p="65"/>
<--     : ['<D65/>', '<U/>']
    --> : <Z />
<--     : ['<E121/>']
    --> : <Z />
<--     : ['<N who="3" m="46090" />']
<--     : ['<G119/>', '<T58/>']
    --> : <D p="58"/>
<--     : ['<D58/>', '<U/>']
    --> : <Z />
<--     : ['<E37/>', '<V/>']
    --> : <Z />
<--     : ['<f55/>']
    --> : <Z />
<--     : ['<W/>']
<--     : ['<g77/>']
    --> : <Z />
<--     : ['<N who="1" m="29770" />']
<--     : ['<E19/>']
    --> : <Z />
<--     : ['<AGARI ba="1,1" hai="10,13,19,89,91" m="46090,15360,7275" machi="19" ten="50,3200,0" yaku="13,1,54,1" doraHai="81,127" who="3" fromWho="1" sc="255,0,265,-35,235,0,235,45" />']
    --> : <NEXTREADY />
    --> : <Z />
<--     : ['<INIT seed="1,0,0,3,3,128" ten="255,230,235,280" oya="1" hai="41,126,88,37,98,103,122,110,94,28,77,26,107"/>', '<U/>']
    --> : <Z />
    --> : <Z />
<--     : ['<E50/>', '<V/>']
    --> : <Z />
<--     : ['<F121/>', '<W/>']
<--     : ['<G36/>', '<T47/>']
    --> : <D p="122"/>
<--     : ['<D122/>', '<U/>']
    --> : <Z />
<--     : ['<E39/>', '<V/>']
    --> : <Z />
<--     : ['<F115/>', '<W/>']
    --> : <Z />
<--     : ['<G129/>', '<T48/>']
    --> : <D p="37"/>
<--     : ['<D37/>', '<U/>']
    --> : <Z />
<--     : ['<E6/>']
    --> : <Z />
<--     : ['<V/>']
<--     : ['<F73/>', '<W/>']
    --> : <Z />
    --> : <Z />
<--     : ['<G15/>', '<T52/>']
    --> : <D p="110"/>
<--     : ['<D110/>', '<U/>']
    --> : <Z />
<--     : ['<E27/>', '<V/>']
    --> : <Z />
<--     : ['<F35/>']
    --> : <Z />
<--     : ['<N who="3" m="20911" />']
    --> : <Z />
<--     : ['<G95 t="4"/>']
    --> : <N />
<--     : ['<T30/>']
    --> : <D p="126"/>
<--     : ['<D126/>', '<U/>']
    --> : <Z />
    --> : <Z />
<--     : ['<e5/>']
<--     : ['<V/>']
<--     : ['<F125/>', '<W/>']
    --> : <Z />
<--     : ['<G97 t="4"/>']
    --> : <N />
<--     : ['<T105/>']
    --> : <D p="77"/>
<--     : ['<D77/>']
    --> : <Z />
    --> : <Z />
    --> : <Z />
<--     : ['<N who="1" m="46191" />']
<--     : ['<E124/>', '<V/>']
    --> : <Z />
<--     : ['<F40/>']
<--     : ['<W/>']
    --> : <Z />
<--     : ['<g8/>']
    --> : <Z />
<--     : ['<T3/>']
    --> : <D p="30"/>
<--     : ['<D30/>', '<U/>']
    --> : <Z />
<--     : ['<E114/>', '<V/>']
    --> : <Z />
<--     : ['<F118/>']
<--     : ['<N who="1" m="45065" />']
    --> : <Z />
<--     : ['<E74/>', '<V/>']
    --> : <Z />
<--     : ['<f111/>', '<W/>']
    --> : <Z />
<--     : ['<g20 t="4"/>']
    --> : <N />
<--     : ['<T132/>']
    --> : <Z />
    --> : <D p="3"/>
<--     : ['<D3/>', '<U/>']
    --> : <Z />
    --> : <Z />
<--     : ['<E76/>', '<V/>']
    --> : <Z />
<--     : ['<F10/>', '<W/>']
    --> : <Z />
<--     : ['<G116/>', '<T70/>']
    --> : <D p="70"/>
<--     : ['<D70/>', '<U/>']
    --> : <Z />
<--     : ['<e12/>']
<--     : ['<V/>']
    --> : <Z />
<--     : ['<f109/>', '<W/>']
    --> : <Z />
<--     : ['<G63/>', '<T104/>']
    --> : <D p="132"/>
<--     : ['<D132/>']
<--     : ['<AGARI ba="0,0" hai="17,18,44,51,54,58,62,66,132,134,135" m="20911" machi="132" ten="30,7700,0" yaku="20,1,52,3" doraHai="128" who="3" fromWho="0" sc="255,-77,230,0,235,0,280,77" />']
    --> : <NEXTREADY />
    --> : <Z />
    --> : <Z />
<--     : ['<INIT seed="2,0,0,0,4,68" ten="178,230,235,357" oya="2" hai="2,0,8,26,47,28,60,35,80,98,63,14,95"/>', '<V/>']
    --> : <Z />
<--     : ['<F115/>']
    --> : <Z />
<--     : ['<N who="3" m="44107" />']
<--     : ['<G74/>', '<T58/>']
    --> : <D p="47"/>
<--     : ['<D47/>', '<U/>']
    --> : <Z />
<--     : ['<E67/>']
    --> : <Z />
<--     : ['<V/>']
    --> : <Z />
<--     : ['<F134/>', '<W/>']
<--     : ['<G5 t="4"/>']
    --> : <N />
<--     : ['<T78/>']
    --> : <D p="63"/>
<--     : ['<D63/>', '<U/>']
    --> : <Z />
<--     : ['<E77/>', '<V/>']
    --> : <Z />
    --> : <Z />
<--     : ['<F108/>']
    --> : <Z />
<--     : ['<N who="1" m="41577" />']
<--     : ['<E53/>', '<V/>']
    --> : <Z />
<--     : ['<F42/>']
    --> : <Z />
<--     : ['<W/>']
<--     : ['<G103 t="4"/>']
    --> : <N />
<--     : ['<T122/>']
    --> : <D p="122"/>
<--     : ['<D122/>', '<U/>']
    --> : <Z />
    --> : <Z />
<--     : ['<E123/>', '<V/>']
    --> : <Z />
<--     : ['<f130/>']
<--     : ['<N who="1" m="50281" />']
    --> : <Z />
<--     : ['<E32/>']
    --> : <Z />
<--     : ['<V/>']
    --> : <Z />
<--     : ['<f7/>', '<W/>']
    --> : <Z />
<--     : ['<G101 t="4"/>']
    --> : <N />
<--     : ['<T106/>']
    --> : <D p="106"/>
<--     : ['<D106/>', '<U/>']
    --> : <Z />
<--     : ['<e61/>', '<V/>']
    --> : <Z />
    --> : <Z />
<--     : ['<F4/>', '<W/>']
<--     : ['<g3 t="1"/>']
    --> : <N />
<--     : ['<T81/>']
    --> : <Z />
    --> : <D p="81"/>
<--     : ['<D81/>']
<--     : ['<N who="1" m="47271" />']
    --> : <Z />
<--     : ['<E99/>', '<V/>']
    --> : <Z />
<--     : ['<f114/>', '<W/>']
<--     : ['<g100 t="4"/>']
    --> : <N />
<--     : ['<T36/>']
    --> : <D p="36"/>
<--     : ['<D36/>']
    --> : <Z />
<--     : ['<N who="3" m="13929" />']
<--     : ['<G119/>', '<T57/>']
    --> : <Z />
    --> : <D p="8"/>
<--     : ['<D8/>']
    --> : <Z />
<--     : ['<N who="1" m="2127" />']
    --> : <Z />
<--     : ['<E15/>']
<--     : ['<V/>']
    --> : <Z />
    --> : <Z />
<--     : ['<F84/>', '<W/>']
    --> : <Z />
<--     : ['<G111/>', '<T40/>']
    --> : <D p="40"/>
<--     : ['<D40/>', '<U/>']
    --> : <Z />
<--     : ['<e33/>']
    --> : <Z />
<--     : ['<V/>']
<--     : ['<f124/>', '<W/>']
    --> : <Z />
<--     : ['<G132/>', '<T90/>']
    --> : <D p="14"/>
<--     : ['<D14/>', '<U/>']
    --> : <Z />
<--     : ['<e12/>']
<--     : ['<V/>']
    --> : <Z />
<--     : ['<f133/>', '<W/>']
<--     : ['<G34 t="4"/>']
    --> : <Z />
    --> : <N />
<--     : ['<T41/>']
    --> : <D p="41"/>
<--     : ['<D41/>', '<U/>']
    --> : <Z />
<--     : ['<e20/>']
<--     : ['<V/>']
    --> : <Z />
<--     : ['<f29/>', '<W/>']
    --> : <Z />
<--     : ['<g131/>', '<T127/>']
    --> : <D p="127"/>
<--     : ['<D127/>', '<U/>']
    --> : <Z />
<--     : ['<e30/>']
<--     : ['<V/>']
    --> : <Z />
<--     : ['<f79/>', '<W/>']
    --> : <Z />
    --> : <Z />
<--     : ['<g56 t="1"/>']
    --> : <N />
<--     : ['<T51/>']
    --> : <D p="51"/>
<--     : ['<D51/>', '<U/>']
    --> : <Z />
<--     : ['<e9/>']
    --> : <Z />
<--     : ['<V/>']
    --> : <Z />
<--     : ['<F55/>', '<W/>']
<--     : ['<G126/>', '<T23/>']
    --> : <Z />
    --> : <D p="35"/>
<--     : ['<D35/>', '<U/>']
<--     : ['<e73/>', '<V/>']
    --> : <Z />
<--     : ['<f54/>', '<W/>']
    --> : <Z />
<--     : ['<g97 t="4"/>']
    --> : <N />
<--     : ['<T135/>']
    --> : <D p="135"/>
<--     : ['<D135/>', '<U/>']
    --> : <Z />
<--     : ['<e117/>', '<V/>']
<--     : ['<f105/>', '<W/>']
    --> : <Z />
<--     : ['<g93 t="4"/>']
    --> : <N />
<--     : ['<T121/>']
    --> : <D p="121"/>
<--     : ['<D121/>', '<U/>']
    --> : <Z />
<--     : ['<AGARI ba="0,0" hai="18,19" m="2127,47271,50281,41577" machi="18" ten="40,2700,0" yaku="14,1,19,1" doraHai="68" who="1" fromWho="1" sc="178,-7,230,27,235,-13,357,-7" />']
    --> : <NEXTREADY />
    --> : <Z />
    --> : <Z />
<--     : ['<INIT seed="3,0,0,3,2,95" ten="171,257,222,350" oya="3" hai="2,118,135,116,62,126,34,36,26,21,77,53,64"/>', '<W/>']
    --> : <Z />
    --> : <Z />
<--     : ['<G60/>', '<T122/>']
    --> : <D p="122"/>
<--     : ['<D122/>', '<U/>']
    --> : <Z />
<--     : ['<E120/>', '<V/>']
    --> : <Z />
<--     : ['<F73/>', '<W/>']
    --> : <Z />
<--     : ['<G22/>']
    --> : <Z />
<--     : ['<T9/>']
    --> : <D p="36"/>
<--     : ['<D36/>', '<U/>']
<--     : ['<E131/>', '<V/>']
    --> : <Z />
<--     : ['<F3/>', '<W/>']
    --> : <Z />
<--     : ['<G42/>', '<T107/>']
    --> : <D p="107"/>
<--     : ['<D107/>']
    --> : <Z />
<--     : ['<N who="3" m="41033" />']
<--     : ['<G54/>', '<T10/>']
    --> : <D p="135"/>
<--     : ['<D135/>', '<U/>']
    --> : <Z />
<--     : ['<e125/>', '<V/>']
<--     : ['<F130/>', '<W/>']
    --> : <Z />
<--     : ['<g17 t="4"/>']
    --> : <N />
<--     : ['<T52/>']
    --> : <D p="126"/>
<--     : ['<D126/>', '<U/>']
    --> : <Z />
<--     : ['<e74/>', '<V/>']
    --> : <Z />
<--     : ['<F56/>', '<W/>']
<--     : ['<G50/>', '<T115/>']
    --> : <D p="34"/>
    --> : <Z />
<--     : ['<D34/>']
<--     : ['<U/>']
    --> : <Z />
<--     : ['<E48/>']
    --> : <Z />
<--     : ['<V/>']
    --> : <Z />
<--     : ['<f1/>', '<W/>']
<--     : ['<G127/>', '<T109/>']
    --> : <D p="109"/>
<--     : ['<D109/>', '<U/>']
    --> : <Z />
    --> : <Z />
<--     : ['<E66/>', '<V/>']
<--     : ['<f32/>', '<W/>']
    --> : <Z />
<--     : ['<G128/>', '<T59/>']
    --> : <D p="115"/>
<--     : ['<D115/>', '<U/>']
    --> : <Z />
<--     : ['<e117 t="1"/>']
    --> : <N />
<--     : ['<V/>']
    --> : <Z />
<--     : ['<f57/>', '<W/>']
<--     : ['<g5 t="4"/>']
    --> : <N />
<--     : ['<T121/>']
    --> : <D p="121"/>
<--     : ['<D121/>', '<U/>']
    --> : <Z />
    --> : <Z />
<--     : ['<e61/>', '<V/>']
    --> : <Z />
    --> : <Z />
<--     : ['<F38/>', '<W/>']
    --> : <Z />
<--     : ['<g39/>', '<T14/>']
    --> : <D p="2"/>
<--     : ['<D2/>']
    --> : <Z />
<--     : ['<U/>']
<--     : ['<e72/>', '<V/>']
    --> : <Z />
    --> : <Z />
<--     : ['<F23/>', '<W/>']
<--     : ['<G134/>', '<T58/>']
    --> : <Z />
    --> : <D p="64"/>
<--     : ['<D64/>']
<--     : ['<U/>']
    --> : <Z />
<--     : ['<REACH who="1" step="1"/>']
    --> : <Z />
<--     : ['<E92/>', '<REACH who="1" ten="171,247,222,350" step="2"/>', '<V/>']
    --> : <Z />
    --> : <Z />
<--     : ['<REACH who="2" step="1"/>']
<--     : ['<f31/>', '<REACH who="2" ten="171,247,212,350" step="2"/>', '<W/>']
    --> : <Z />
    --> : <Z />
<--     : ['<G108/>', '<T119/>']
    --> : <D p="77"/>
<--     : ['<D77/>', '<U/>']
<--     : ['<e111/>', '<V/>']
    --> : <Z />
<--     : ['<f112/>', '<W/>']
<--     : ['<G79/>', '<T41/>']
    --> : <D p="41"/>
<--     : ['<D41/>', '<U/>']
    --> : <Z />
<--     : ['<e28/>', '<V/>']
<--     : ['<f82/>']
    --> : <Z />
<--     : ['<PROF lobby="0" type="1" add="-33.0,0,0,0,1,0,5,0,1,0,1"/>', '<AGARI ba="0,2" hai="7,8,11,12,13,18,24,30,35,63,67,68,80,82" machi="82" ten="40,1300,0" yaku="1,1,53,0" doraHai="95" doraHaiUra="129" who="1" fromWho="2" sc="171,0,247,33,212,-13,350,0" owari="171,-33.0,280,8.0,199,-20.0,350,45.0" />']
    --> : <NEXTREADY />
    --> : <BYE />
