    --> : <HELO name="ID696E3BCC-hLHNE8Wf" tid="f0" sx="M" />
<--     : ['<HELO uname="%74%73%74%5F%74%69%6F" auth="20200608-13ff4887" PF4="9,30,953.34,-8053.0,44,68,136,198,28,2452,247,464,429,219" PF3="0,0,1470.07,-63.0,0,0,1,0,1,7,0,2,0,0" ratingscale="PF3=1.000000&PF4=1.000000&PF01C=0.582222&PF02C=0.501632&PF03C=0.414869&PF11C=0.823386&PF12C=0.709416&PF13C=0.586714&PF23C=0.378722&PF33C=0.535594&PF1C00=8.000000" rr="PF3=0,0&PF4=202720,0&PF01C=0,0&PF02C=0,0&PF03C=0,0&PF11C=0,0&PF12C=0,0&PF13C=0,0&PF23C=0,0&PF33C=0,0&PF1C00=0,0"/>']
    --> : <AUTH val="20200608-e5e16de5"/>
    --> : <PXR V="9" />
<--     : ['<LN n="CEI1ByF1Ty1Iq" j="D1C2B4B13D3D1B12B4D12B4D8B1B1B1C2C4B1C3B" g="Lk3M1QA1E2s1CA4I8QI1E2c1FY4E8JY4Cg12Bc4I8e1FQ2Cx2CW2V1BI1k1M1BI2J"/>']
    --> : <Z />
    --> : <JOIN t="0,1" />
<--     : ['<GO type="1" lobby="0" gpid="AF5D8100-FDD429CA"/>', '<UN n0="%74%73%74%5F%74%69%6F" n1="%E3%82%B4%E3%83%83%E3%83%88%E3%83%8F%E3%83%B3%E3%83%89" n2="%4E%6F%4E%61%6D%65" n3="%30%37%31%33" dan="9,5,0,6" rate="953.34,1565.51,1500.00,1691.94" sx="M,M,M,M"/>', '<TAIKYOKU oya="0" log="2020060820gm-0001-0000-4e0c0e81"/>']
    --> : <GOK /
    --> : <NEXTREADY />
    --> : <Z />
<--     : ['<INIT seed="0,0,0,3,5,50" ten="250,250,250,250" oya="0" hai="19,8,129,56,97,81,40,103,73,33,5,52,88"/>', '<T36/>']
    --> : <D p="33"/>
<--     : ['<D33/>', '<U/>']
    --> : <Z />
    --> : <Z />
<--     : ['<E135/>', '<V/>']
    --> : <Z />
<--     : ['<F115/>', '<W/>']
    --> : <Z />
    --> : <Z />
    --> : <Z />
<--     : ['<G128/>', '<T82/>']
    --> : <D p="129"/>
<--     : ['<D129/>', '<U/>']
<--     : ['<E127/>', '<V/>']
    --> : <Z />
    --> : <Z />
<--     : ['<F35/>', '<W/>']
    --> : <Z />
<--     : ['<G124/>', '<T131/>']
    --> : <D p="131"/>
<--     : ['<D131/>', '<U/>']
    --> : <Z />
    --> : <Z />
<--     : ['<E18/>']
    --> : <Z />
<--     : ['<V/>']
    --> : <Z />
    --> : <Z />
<--     : ['<f112/>', '<W/>']
<--     : ['<g32/>', '<T27/>']
    --> : <D p="73"/>
    --> : <Z />
<--     : ['<D73/>']
<--     : ['<U/>']
    --> : <Z />
<--     : ['<e134/>', '<V/>']
    --> : <Z />
<--     : ['<f119/>', '<W/>']
    --> : <Z />
<--     : ['<g116/>', '<T3/>']
    --> : <D p="88"/>
<--     : ['<D88/>']
    --> : <Z />
<--     : ['<U/>']
<--     : ['<E85/>', '<V/>']
    --> : <Z />
<--     : ['<f114/>', '<W/>']
    --> : <Z />
<--     : ['<G123/>', '<T87/>']
    --> : <D p="87"/>
<--     : ['<D87/>', '<U/>']
    --> : <Z />
<--     : ['<e80 t="1"/>']
    --> : <N />
    --> : <Z />
    --> : <Z />
    --> : <Z />
<--     : ['<N who="2" m="47119" />']
    --> : <Z />
<--     : ['<F105/>']
<--     : ['<W/>']
    --> : <Z />
<--     : ['<g125/>', '<T102/>']
    --> : <D p="103"/>
<--     : ['<D103/>', '<U/>']
    --> : <Z />
<--     : ['<E0/>', '<V/>']
    --> : <Z />
    --> : <Z />
<--     : ['<f121/>', '<W/>']
    --> : <Z />
    --> : <Z />
    --> : <Z />
<--     : ['<G89/>', '<T113/>']
    --> : <D p="113"/>
<--     : ['<D113/>', '<U/>']
    --> : <Z />
    --> : <Z />
<--     : ['<E76/>', '<V/>']
    --> : <Z />
<--     : ['<F71/>']
    --> : <Z />
<--     : ['<W/>']
<--     : ['<g118/>', '<T83/>']
    --> : <D p="19"/>
<--     : ['<D19/>', '<U/>']
    --> : <Z />
<--     : ['<e130/>', '<V/>']
    --> : <Z />
<--     : ['<f74/>']
    --> : <Z />
<--     : ['<W/>']
    --> : <Z />
<--     : ['<g31/>', '<T109/>']
    --> : <D p="109"/>
<--     : ['<D109/>', '<U/>']
    --> : <Z />
<--     : ['<e122/>', '<V/>']
    --> : <Z />
<--     : ['<F65/>']
    --> : <Z />
<--     : ['<W/>']
<--     : ['<g126/>', '<T86/>']
    --> : <D p="86"/>
<--     : ['<D86/>', '<U/>']
    --> : <Z />
<--     : ['<e39/>']
<--     : ['<V/>']
    --> : <Z />
    --> : <Z />
<--     : ['<f67/>']
    --> : <Z />
<--     : ['<W/>']
<--     : ['<g25/>', '<T90/>']
    --> : <D p="90"/>
<--     : ['<D90/>', '<U/>']
    --> : <Z />
<--     : ['<e110/>', '<V/>']
    --> : <Z />
<--     : ['<F6/>']
    --> : <Z />
<--     : ['<W/>']
    --> : <Z />
<--     : ['<g133/>', '<T45/>']
    --> : <D p="83"/>
<--     : ['<D83/>', '<U/>']
    --> : <Z />
<--     : ['<e132/>', '<V/>']
    --> : <Z />
<--     : ['<AGARI ba="0,0" hai="12,13,15,21,26,28,49,53,59,98,99" m="47119" machi="12" ten="30,2000,0" yaku="8,1,52,1" doraHai="50" who="2" fromWho="2" sc="250,-10,250,-5,250,20,250,-5" />']
    --> : <NEXTREADY />
    --> : <Z />
    --> : <Z />
<--     : ['<INIT seed="1,0,0,3,1,117" ten="240,245,270,245" oya="1" hai="80,21,89,92,76,114,70,55,120,61,64,31,129"/>', '<U/>']
    --> : <Z />
    --> : <Z />
    --> : <Z />
<--     : ['<E130/>', '<V/>']
<--     : ['<F119/>', '<W/>']
    --> : <Z />
<--     : ['<G35/>', '<T40/>']
    --> : <D p="114"/>
<--     : ['<D114/>', '<U/>']
    --> : <Z />
<--     : ['<E73/>']
    --> : <Z />
<--     : ['<V/>']
    --> : <Z />
<--     : ['<F0/>']
    --> : <Z />
<--     : ['<W/>']
<--     : ['<REACH who="3" step="1"/>']
<--     : ['<G124/>', '<REACH who="3" ten="240,245,270,235" step="2"/>', '<T82/>']
    --> : <Z />
    --> : <D p="129"/>
<--     : ['<D129/>', '<U/>']
    --> : <Z />
<--     : ['<e134/>', '<V/>']
    --> : <Z />
<--     : ['<F133/>', '<W/>']
    --> : <Z />
<--     : ['<g39/>']
    --> : <Z />
<--     : ['<T22/>']
    --> : <D p="120"/>
<--     : ['<D120/>']
<--     : ['<U/>']
    --> : <Z />
<--     : ['<E101/>', '<V/>']
    --> : <Z />
<--     : ['<F36/>', '<W/>']
<--     : ['<g96 t="4"/>']
    --> : <N />
<--     : ['<T113/>']
    --> : <D p="113"/>
<--     : ['<D113/>', '<U/>']
    --> : <Z />
    --> : <Z />
    --> : <Z />
<--     : ['<E1/>', '<V/>']
<--     : ['<F38/>', '<W/>']
<--     : ['<g88/>', '<T84/>']
    --> : <Z />
    --> : <D p="40"/>
<--     : ['<D40/>', '<U/>']
    --> : <Z />
<--     : ['<E6/>']
    --> : <Z />
    --> : <Z />
<--     : ['<V/>']
<--     : ['<F121/>', '<W/>']
<--     : ['<g5/>', '<T27/>']
    --> : <D p="76"/>
<--     : ['<D76/>']
    --> : <Z />
<--     : ['<AGARI ba="0,1" hai="4,11,14,37,43,46,66,67,68,69,71,74,76,83" machi="76" ten="40,1300,0" yaku="1,1,53,0" doraHai="117" doraHaiUra="86" who="3" fromWho="0" sc="240,-13,245,0,270,0,235,23" />']
    --> : <NEXTREADY />
    --> : <Z />
    --> : <Z />
    --> : <Z />
    --> : <Z />
<--     : ['<INIT seed="2,0,0,4,3,74" ten="227,245,270,258" oya="2" hai="101,7,105,58,118,42,122,76,57,108,22,33,29"/>', '<V/>']
    --> : <Z />
    --> : <Z />
<--     : ['<F112/>', '<W/>']
    --> : <Z />
<--     : ['<G113/>', '<T0/>']
    --> : <D p="122"/>
<--     : ['<D122/>', '<U/>']
    --> : <Z />
<--     : ['<E73/>', '<V/>']
    --> : <Z />
<--     : ['<F39/>']
<--     : ['<W/>']
    --> : <Z />
<--     : ['<G120/>', '<T23/>']
    --> : <D p="108"/>
<--     : ['<D108/>', '<U/>']
    --> : <Z />
<--     : ['<e104/>', '<V/>']
    --> : <Z />
    --> : <Z />
    --> : <Z />
<--     : ['<F26/>']
<--     : ['<W/>']
    --> : <Z />
<--     : ['<G66/>', '<T130/>']
    --> : <Z />
    --> : <D p="130"/>
<--     : ['<D130/>', '<U/>']
    --> : <Z />
<--     : ['<E123/>', '<V/>']
    --> : <Z />
<--     : ['<F86/>', '<W/>']
    --> : <Z />
<--     : ['<G2/>', '<T65/>']
    --> : <Z />
    --> : <D p="118"/>
<--     : ['<D118/>', '<U/>']
    --> : <Z />
<--     : ['<E94/>']
    --> : <Z />
<--     : ['<V/>']
    --> : <Z />
<--     : ['<f121/>', '<W/>']
    --> : <Z />
<--     : ['<G41/>', '<T134/>']
    --> : <D p="134"/>
<--     : ['<D134/>']
    --> : <Z />
    --> : <Z />
<--     : ['<N who="2" m="51210" />']
    --> : <Z />
<--     : ['<F131/>', '<W/>']
<--     : ['<g117/>', '<T1/>']
    --> : <D p="42"/>
<--     : ['<D42/>']
    --> : <Z />
<--     : ['<U/>']
    --> : <Z />
<--     : ['<E68/>']
    --> : <Z />
    --> : <Z />
<--     : ['<N who="2" m="42095" />']
    --> : <Z />
<--     : ['<F107/>', '<W/>']
    --> : <Z />
<--     : ['<G50/>', '<T127/>']
    --> : <D p="127"/>
    --> : <Z />
<--     : ['<D127/>', '<U/>']
    --> : <Z />
    --> : <Z />
    --> : <Z />
    --> : <Z />
    --> : <Z />
    --> : <Z />
    --> : <Z />
    --> : <Z />
    --> : <Z />
    --> : <Z />
    --> : <Z />
    --> : <Z />
    --> : <Z />
    --> : <Z />
    --> : <Z />
    --> : <Z />
    --> : <Z />
    --> : <Z />
    --> : <Z />
    --> : <Z />
    --> : <Z />
    --> : <Z />
    --> : <Z />
    --> : <Z />
    --> : <Z />
    --> : <Z />
    --> : <Z />
    --> : <Z />
    --> : <Z />
    --> : <Z />
    --> : <Z />
    --> : <Z />
    --> : <Z />
    --> : <Z />
    --> : <Z />
    --> : <Z />
    --> : <Z />
    --> : <Z />
    --> : <Z />
    --> : <Z />
    --> : <Z />
    --> : <Z />
    --> : <Z />
    --> : <Z />
    --> : <Z />
    --> : <Z />
    --> : <Z />
    --> : <Z />
    --> : <Z />
    --> : <Z />
    --> : <Z />
    --> : <Z />
    --> : <Z />
    --> : <Z />
    --> : <Z />
    --> : <Z />
    --> : <Z />
    --> : <Z />
    --> : <Z />
    --> : <Z />
    --> : <Z />
    --> : <Z />
    --> : <Z />
    --> : <Z />
    --> : <Z />
    --> : <Z />
    --> : <Z />
    --> : <Z />
    --> : <Z />
    --> : <Z />
    --> : <Z />
    --> : <Z />
    --> : <Z />
    --> : <Z />
    --> : <Z />
    --> : <Z />
    --> : <Z />
    --> : <Z />
    --> : <Z />
    --> : <Z />
    --> : <Z />
    --> : <Z />
    --> : <Z />
    --> : <Z />
    --> : <Z />
    --> : <Z />
    --> : <Z />
    --> : <Z />
    --> : <Z />
    --> : <Z />
    --> : <Z />
    --> : <Z />
    --> : <Z />
    --> : <Z />
    --> : <Z />
    --> : <Z />
    --> : <Z />
    --> : <Z />
    --> : <Z />
    --> : <Z />
    --> : <Z />
    --> : <Z />
    --> : <Z />
    --> : <Z />
    --> : <Z />
    --> : <Z />
    --> : <Z />
    --> : <Z />
    --> : <Z />
    --> : <Z />
    --> : <Z />
    --> : <Z />
    --> : <Z />
    --> : <Z />
    --> : <Z />
    --> : <Z />
    --> : <Z />
    --> : <Z />
    --> : <Z />
    --> : <Z />
    --> : <Z />
    --> : <Z />
    --> : <Z />
    --> : <Z />
    --> : <Z />
    --> : <Z />
    --> : <Z />
    --> : <Z />
    --> : <Z />
    --> : <Z />
    --> : <Z />
    --> : <Z />
    --> : <Z />
    --> : <Z />
    --> : <Z />
    --> : <Z />
    --> : <Z />
    --> : <Z />
    --> : <Z />
    --> : <Z />
    --> : <Z />
    --> : <Z />
    --> : <Z />
    --> : <Z />
    --> : <Z />
    --> : <Z />
    --> : <Z />
    --> : <Z />
    --> : <Z />
    --> : <Z />
    --> : <Z />
    --> : <Z />
    --> : <Z />
    --> : <Z />
    --> : <Z />
    --> : <Z />
    --> : <Z />
    --> : <Z />
    --> : <Z />
    --> : <Z />
    --> : <Z />
    --> : <Z />
    --> : <Z />
    --> : <Z />
    --> : <Z />
    --> : <Z />
    --> : <Z />
    --> : <Z />
    --> : <Z />
    --> : <Z />
    --> : <Z />
    --> : <Z />
    --> : <Z />
    --> : <Z />
    --> : <Z />
    --> : <Z />
    --> : <Z />
    --> : <Z />
    --> : <Z />
    --> : <Z />
    --> : <Z />
    --> : <Z />
    --> : <Z />
    --> : <Z />
    --> : <Z />
    --> : <Z />
    --> : <Z />
    --> : <Z />
    --> : <Z />
    --> : <Z />
    --> : <Z />
    --> : <Z />
    --> : <Z />
    --> : <Z />
    --> : <Z />
    --> : <Z />
    --> : <Z />
    --> : <Z />
    --> : <Z />
    --> : <Z />
    --> : <Z />
    --> : <Z />
    --> : <Z />
    --> : <Z />
    --> : <Z />
    --> : <Z />
    --> : <Z />
    --> : <Z />
    --> : <Z />
    --> : <Z />
    --> : <Z />
    --> : <Z />
    --> : <Z />
    --> : <Z />
    --> : <Z />
    --> : <Z />
    --> : <Z />
    --> : <Z />
    --> : <Z />
    --> : <Z />
    --> : <Z />
    --> : <Z />
    --> : <Z />
    --> : <Z />
    --> : <Z />
    --> : <Z />
    --> : <Z />
    --> : <Z />
    --> : <Z />
    --> : <Z />
    --> : <Z />
    --> : <Z />
    --> : <Z />
    --> : <Z />
    --> : <Z />
    --> : <Z />
    --> : <Z />
    --> : <Z />
    --> : <Z />
    --> : <Z />
    --> : <Z />
    --> : <Z />
    --> : <Z />
    --> : <Z />
    --> : <Z />
    --> : <Z />
    --> : <Z />
    --> : <Z />
    --> : <Z />
    --> : <Z />
    --> : <Z />
    --> : <Z />
    --> : <Z />
    --> : <Z />
    --> : <Z />
    --> : <Z />
    --> : <Z />
    --> : <Z />
    --> : <Z />
    --> : <Z />
    --> : <Z />
    --> : <Z />
    --> : <Z />
    --> : <Z />
    --> : <Z />
    --> : <Z />
    --> : <Z />
    --> : <Z />
    --> : <Z />
    --> : <Z />
    --> : <Z />
    --> : <Z />
    --> : <Z />
    --> : <Z />
    --> : <Z />
    --> : <Z />
    --> : <Z />
    --> : <Z />
    --> : <Z />
    --> : <Z />
    --> : <Z />
    --> : <Z />
    --> : <Z />
    --> : <Z />
    --> : <Z />
    --> : <Z />
    --> : <Z />
    --> : <Z />
    --> : <Z />
    --> : <Z />
    --> : <Z />
    --> : <Z />
    --> : <Z />
    --> : <Z />
    --> : <Z />
    --> : <Z />
    --> : <Z />
    --> : <Z />
    --> : <Z />
    --> : <Z />
    --> : <Z />
    --> : <Z />
    --> : <Z />
    --> : <Z />
    --> : <Z />
    --> : <Z />
    --> : <Z />
    --> : <Z />
    --> : <Z />
    --> : <Z />
    --> : <Z />
    --> : <Z />
    --> : <Z />
    --> : <Z />
    --> : <Z />
    --> : <Z />
    --> : <Z />
    --> : <Z />
    --> : <Z />
    --> : <Z />
    --> : <Z />
    --> : <Z />
    --> : <Z />
    --> : <Z />
    --> : <Z />
    --> : <Z />
    --> : <Z />
    --> : <Z />
    --> : <Z />
