    --> : <HELO name="ID696E3BCC-hLHNE8Wf" tid="f0" sx="M" />
<--     : ['<HELO uname="%74%73%74%5F%74%69%6F" auth="20200602-58549c8f" PF4="9,0,933.60,-8020.0,42,66,134,195,28,2402,241,457,412,211" PF3="0,0,1470.07,-63.0,0,0,1,0,1,7,0,2,0,0" ratingscale="PF3=1.000000&PF4=1.000000&PF01C=0.582222&PF02C=0.501632&PF03C=0.414869&PF11C=0.823386&PF12C=0.709416&PF13C=0.586714&PF23C=0.378722&PF33C=0.535594&PF1C00=8.000000" rr="PF3=0,0&PF4=195774,0&PF01C=0,0&PF02C=0,0&PF03C=0,0&PF11C=0,0&PF12C=0,0&PF13C=0,0&PF23C=0,0&PF33C=0,0&PF1C00=0,0"/>']
    --> : <AUTH val="20200602-7e0ac6de"/>
    --> : <PXR V="9" />
<--     : ['<LN n="js1iY1Nm1Cl" j="C4B1C2B1C12C16D4B12B12C1C2B2B3B" g="Cg4FI4U12EQ4s12Co4Y12U13Bd2z2k3J1J1G1D2D"/>']
    --> : <Z />
    --> : <JOIN t="0,1" />
<--     : ['<GO type="1" lobby="0" gpid="AA509115-002E4029"/>', '<UN n0="%74%73%74%5F%74%69%6F" n1="%30%33%34%79%6F%73%69" n2="%E3%82%89%E3%81%8F%E3%81%A0%E5%95%86%E4%BA%BA" n3="%E3%82%AD%E3%82%BF%E3%82%AC%E3%83%AF" dan="9,11,8,12" rate="933.60,1719.48,1749.49,1815.61" sx="M,M,M,M"/>', '<TAIKYOKU oya="1" log="2020060203gm-0001-0000-ce5390c2"/>']
    --> : <GOK /
    --> : <NEXTREADY />
    --> : <Z />
<--     : ['<INIT seed="0,0,0,0,1,15" ten="250,250,250,250" oya="1" hai="20,130,75,92,46,24,129,19,123,96,97,119,54"/>', '<U/>']
    --> : <Z />
<--     : ['<e74/>', '<V/>']
    --> : <Z />
<--     : ['<F114/>', '<W/>']
    --> : <Z />
<--     : ['<G33/>']
    --> : <Z />
<--     : ['<N who="2" m="12873" />']
<--     : ['<F95/>', '<W/>']
    --> : <Z />
    --> : <Z />
<--     : ['<G93/>', '<T69/>']
    --> : <Z />
    --> : <D p="119"/>
<--     : ['<D119/>', '<U/>']
    --> : <Z />
<--     : ['<E116/>', '<V/>']
<--     : ['<F101/>', '<W/>']
    --> : <Z />
<--     : ['<g77/>', '<T127/>']
    --> : <D p="75"/>
    --> : <Z />
<--     : ['<D75/>', '<U/>']
<--     : ['<E105/>', '<V/>']
    --> : <Z />
<--     : ['<F52/>', '<W/>']
    --> : <Z />
<--     : ['<G110/>', '<T94/>']
    --> : <Z />
    --> : <D p="69"/>
<--     : ['<D69/>']
<--     : ['<U/>']
<--     : ['<E134/>', '<V/>']
    --> : <Z />
<--     : ['<F125/>', '<W/>']
    --> : <Z />
<--     : ['<g81/>', '<T68/>']
    --> : <Z />
    --> : <D p="68"/>
<--     : ['<D68/>']
<--     : ['<U/>']
    --> : <Z />
<--     : ['<e135/>', '<V/>']
<--     : ['<f79/>']
    --> : <Z />
<--     : ['<W/>']
<--     : ['<g47/>', '<T29/>']
    --> : <Z />
    --> : <D p="123"/>
<--     : ['<D123/>']
<--     : ['<U/>']
    --> : <Z />
<--     : ['<E99 t="1"/>']
    --> : <N />
<--     : ['<V/>']
    --> : <Z />
<--     : ['<f55/>', '<W/>']
<--     : ['<g40/>', '<T73/>']
    --> : <Z />
    --> : <D p="73"/>
<--     : ['<D73/>', '<U/>']
<--     : ['<e112/>', '<V/>']
    --> : <Z />
<--     : ['<f57/>', '<W/>']
    --> : <Z />
<--     : ['<g113/>', '<T59/>']
    --> : <D p="127"/>
<--     : ['<D127/>', '<U/>']
    --> : <Z />
<--     : ['<e1/>']
    --> : <Z />
<--     : ['<N who="2" m="207" />']
    --> : <Z />
<--     : ['<F26/>', '<W/>']
<--     : ['<g115/>', '<T124/>']
    --> : <Z />
    --> : <D p="124"/>
    --> : <Z />
<--     : ['<D124/>', '<U/>']
<--     : ['<e13/>']
    --> : <Z />
    --> : <Z />
<--     : ['<V/>']
<--     : ['<f107/>', '<W/>']
    --> : <Z />
<--     : ['<g104/>', '<T100/>']
    --> : <Z />
    --> : <D p="46"/>
<--     : ['<D46/>', '<U/>']
    --> : <Z />
<--     : ['<E78/>', '<V/>']
    --> : <Z />
<--     : ['<f51/>', '<W/>']
    --> : <Z />
<--     : ['<g48 t="4"/>']
    --> : <N />
<--     : ['<T83/>']
    --> : <D p="83"/>
<--     : ['<D83/>']
    --> : <Z />
    --> : <Z />
<--     : ['<N who="1" m="49375" />']
<--     : ['<E63/>', '<V/>']
<--     : ['<f41/>']
    --> : <Z />
<--     : ['<AGARI ba="0,0" hai="14,18,23,41,45,49,56,61,67,90,91" m="49375" machi="41" ten="30,2900,0" yaku="8,1,52,1" doraHai="15" who="1" fromWho="2" sc="250,0,250,29,250,-29,250,0" />']
    --> : <NEXTREADY />
    --> : <Z />
<--     : ['<INIT seed="0,1,0,1,5,102" ten="250,279,221,250" oya="1" hai="69,123,89,93,118,18,82,24,73,95,11,51,10"/>', '<U/>']
    --> : <Z />
    --> : <Z />
<--     : ['<E70/>']
    --> : <Z />
<--     : ['<V/>']
<--     : ['<F1/>', '<W/>']
    --> : <Z />
<--     : ['<G39/>', '<T57/>']
    --> : <Z />
    --> : <D p="118"/>
<--     : ['<D118/>', '<U/>']
    --> : <Z />
<--     : ['<E115/>']
<--     : ['<V/>']
    --> : <Z />
<--     : ['<f116/>', '<W/>']
    --> : <Z />
    --> : <Z />
    --> : <Z />
    --> : <Z />
    --> : <Z />
<--     : ['<G127/>', '<T90/>']
    --> : <D p="69"/>
<--     : ['<D69/>', '<U/>']
    --> : <Z />
<--     : ['<E122/>', '<V/>']
<--     : ['<F34/>']
    --> : <Z />
<--     : ['<W/>']
<--     : ['<G129/>', '<T100/>']
    --> : <Z />
    --> : <D p="123"/>
<--     : ['<D123/>', '<U/>']
    --> : <Z />
<--     : ['<e65/>']
    --> : <Z />
<--     : ['<N who="2" m="41015" />']
<--     : ['<F81/>', '<W/>']
    --> : <Z />
    --> : <Z />
<--     : ['<G59/>', '<T15/>']
    --> : <Z />
    --> : <Z />
    --> : <D p="11"/>
<--     : ['<D11/>', '<U/>']
<--     : ['<E128/>', '<V/>']
    --> : <Z />
<--     : ['<f7/>', '<W/>']
    --> : <Z />
<--     : ['<g119/>', '<T30/>']
    --> : <D p="95"/>
<--     : ['<D95/>']
    --> : <Z />
    --> : <Z />
<--     : ['<N who="1" m="56807" />']
<--     : ['<E110/>']
    --> : <Z />
<--     : ['<V/>']
    --> : <Z />
<--     : ['<F126/>', '<W/>']
<--     : ['<g53 t="4"/>']
    --> : <N />
<--     : ['<T23/>']
    --> : <Z />
    --> : <D p="51"/>
<--     : ['<D51/>']
    --> : <Z />
<--     : ['<U/>']
<--     : ['<e101/>', '<V/>']
    --> : <Z />
<--     : ['<f83/>', '<W/>']
    --> : <Z />
<--     : ['<G4 t="4"/>']
    --> : <N />
<--     : ['<T2/>']
    --> : <Z />
    --> : <D p="2"/>
<--     : ['<D2/>']
<--     : ['<U/>']
    --> : <Z />
<--     : ['<e98/>', '<V/>']
    --> : <Z />
<--     : ['<f42/>', '<W/>']
    --> : <Z />
<--     : ['<g104/>', '<T125/>']
    --> : <D p="125"/>
    --> : <Z />
<--     : ['<D125/>']
<--     : ['<U/>']
    --> : <Z />
<--     : ['<e38/>', '<V/>']
<--     : ['<f66/>', '<W/>']
    --> : <Z />
<--     : ['<g58/>', '<T96 t="32"/>']
    --> : <D p="57"/>
    --> : <Z />
<--     : ['<D57/>', '<U/>']
    --> : <Z />
<--     : ['<E134/>', '<V/>']
    --> : <Z />
<--     : ['<F117/>', '<W/>']
<--     : ['<G74/>', '<T94 t="32"/>']
    --> : <Z />
    --> : <D p="94"/>
<--     : ['<D94/>', '<U/>']
    --> : <Z />
<--     : ['<E132/>', '<V/>']
<--     : ['<f67/>', '<W/>']
    --> : <Z />
<--     : ['<G17 t="4"/>']
    --> : <N />
<--     : ['<T5 t="32"/>']
    --> : <Z />
    --> : <D p="5"/>
    --> : <Z />
<--     : ['<D5/>']
<--     : ['<U/>']
    --> : <Z />
<--     : ['<FURITEN show="1" />', '<E79/>']
<--     : ['<V/>']
    --> : <Z />
<--     : ['<f131/>', '<W/>']
<--     : ['<g56/>', '<T133 t="32"/>']
    --> : <Z />
    --> : <D p="133"/>
<--     : ['<FURITEN show="0" />', '<D133/>', '<U/>']
    --> : <Z />
<--     : ['<E41/>', '<V/>']
<--     : ['<f120/>', '<W/>']
    --> : <Z />
<--     : ['<g61/>', '<T107 t="32"/>']
    --> : <Z />
    --> : <D p="93"/>
<--     : ['<D93/>', '<U/>']
    --> : <Z />
<--     : ['<e47/>', '<V/>']
<--     : ['<f106/>']
    --> : <Z />
<--     : ['<W/>']
<--     : ['<REACH who="3" step="1"/>']
    --> : <Z />
<--     : ['<G25 t="4"/>']
    --> : <N />
<--     : ['<REACH who="3" ten="250,279,221,240" step="2"/>', '<T26 t="32"/>']
    --> : <D p="26"/>
<--     : ['<D26/>']
    --> : <Z />
    --> : <Z />
<--     : ['<U/>']
    --> : <Z />
<--     : ['<e40/>', '<V/>']
<--     : ['<f36/>', '<W/>']
    --> : <Z />
<--     : ['<g71/>', '<T49 t="32"/>']
    --> : <D p="49"/>
<--     : ['<D49/>']
    --> : <Z />
<--     : ['<AGARI ba="1,1" hai="12,16,21,46,49,52,76,78,108,109,111" m="41015" machi="49" ten="30,3900,0" yaku="14,1,54,2" doraHai="102" who="2" fromWho="0" sc="250,-42,279,0,221,52,240,0" />']
    --> : <NEXTREADY />
    --> : <Z />
    --> : <Z />
<--     : ['<INIT seed="1,0,0,2,5,43" ten="208,279,273,240" oya="2" hai="108,126,75,57,14,48,10,119,73,18,56,19,92"/>', '<V/>']
    --> : <Z />
    --> : <Z />
<--     : ['<F71/>', '<W/>']
    --> : <Z />
<--     : ['<G2/>', '<T53/>']
    --> : <Z />
    --> : <D p="108"/>
<--     : ['<D108/>', '<U/>']
    --> : <Z />
<--     : ['<E104/>', '<V/>']
    --> : <Z />
<--     : ['<F3/>', '<W/>']
    --> : <Z />
<--     : ['<g1/>', '<T30/>']
    --> : <Z />
    --> : <D p="119"/>
<--     : ['<D119/>', '<U/>']
    --> : <Z />
<--     : ['<E95/>', '<V/>']
    --> : <Z />
    --> : <Z />
<--     : ['<F135/>', '<W/>']
<--     : ['<G78/>']
    --> : <Z />
<--     : ['<T107/>']
    --> : <Z />
    --> : <D p="107"/>
<--     : ['<D107/>', '<U/>']
<--     : ['<e102/>', '<V/>']
    --> : <Z />
    --> : <Z />
<--     : ['<F111/>', '<W/>']
    --> : <Z />
    --> : <Z />
<--     : ['<G105/>', '<T100/>']
    --> : <Z />
    --> : <Z />
    --> : <D p="126"/>
<--     : ['<D126/>', '<U/>']
    --> : <Z />
<--     : ['<e4/>']
<--     : ['<V/>']
<--     : ['<F106/>', '<W/>']
    --> : <Z />
<--     : ['<g82/>']
<--     : ['<T25/>']
    --> : <Z />
    --> : <D p="57"/>
<--     : ['<D57/>', '<U/>']
    --> : <Z />
<--     : ['<E80/>']
<--     : ['<V/>']
    --> : <Z />
<--     : ['<f128/>']
<--     : ['<N who="1" m="49257" />']
<--     : ['<E22/>', '<V/>']
    --> : <Z />
    --> : <Z />
<--     : ['<F63/>']
<--     : ['<N who="3" m="24139" />']
<--     : ['<G98 t="4"/>']
    --> : <N />
<--     : ['<T125/>']
    --> : <Z />
    --> : <Z />
    --> : <D p="125"/>
<--     : ['<D125/>', '<U/>']
<--     : ['<e44/>']
<--     : ['<V/>']
    --> : <Z />
<--     : ['<F72 t="1"/>']
    --> : <N />
<--     : ['<W/>']
<--     : ['<N who="3" m="30720" />', '<DORA hai="74" />', '<W/>']
    --> : <Z />
<--     : ['<g83/>', '<T41/>']
    --> : <Z />
    --> : <D p="19"/>
<--     : ['<D19/>']
<--     : ['<U/>']
    --> : <Z />
<--     : ['<e110/>', '<V/>']
<--     : ['<f66/>', '<W/>']
    --> : <Z />
<--     : ['<g89/>']
<--     : ['<AGARI ba="0,0" hai="12,17,21,36,37,47,49,52,81,84,89" m="49257" machi="89" ten="30,3900,0" yaku="19,1,52,1,54,1" doraHai="43,74" who="1" fromWho="3" sc="208,0,279,39,273,0,240,-39" />']
    --> : <NEXTREADY />
    --> : <Z />
    --> : <Z />
<--     : ['<INIT seed="2,0,0,3,3,88" ten="208,318,273,201" oya="3" hai="126,95,92,24,124,45,85,6,16,31,102,12,52"/>', '<W/>']
    --> : <Z />
    --> : <Z />
    --> : <Z />
    --> : <Z />
    --> : <Z />
<--     : ['<G81/>', '<T93/>']
    --> : <Z />
    --> : <D p="6"/>
<--     : ['<D6/>', '<U/>']
    --> : <Z />
<--     : ['<E65/>', '<V/>']
<--     : ['<F118/>']
    --> : <Z />
<--     : ['<W/>']
    --> : <Z />
<--     : ['<G43/>', '<T86/>']
    --> : <Z />
    --> : <D p="102"/>
<--     : ['<D102/>']
    --> : <Z />
<--     : ['<N who="1" m="60727" />']
<--     : ['<E131/>', '<V/>']
    --> : <Z />
<--     : ['<F130/>', '<W/>']
    --> : <Z />
<--     : ['<G22 t="4"/>']
    --> : <N type="3" hai0="12" hai1="16" />
<--     : ['<N who="0" m="11527" />']
    --> : <D p="45"/>
<--     : ['<D45/>']
    --> : <Z />
<--     : ['<U/>']
<--     : ['<e33/>', '<V/>']
    --> : <Z />
<--     : ['<F55/>', '<W/>']
<--     : ['<G10/>']
    --> : <Z />
<--     : ['<T40/>']
    --> : <D p="40"/>
<--     : ['<D40/>']
    --> : <Z />
<--     : ['<U/>']
<--     : ['<E112/>']
    --> : <Z />
<--     : ['<V/>']
    --> : <Z />
<--     : ['<F73/>', '<W/>']
<--     : ['<G63/>', '<T0/>']
    --> : <Z />
    --> : <D p="0"/>
<--     : ['<D0/>', '<U/>']
    --> : <Z />
<--     : ['<e103/>', '<V/>']
<--     : ['<f75/>', '<W/>']
    --> : <Z />
<--     : ['<G66/>', '<T15/>']
    --> : <Z />
    --> : <D p="15"/>
<--     : ['<D15/>', '<U/>']
<--     : ['<e68/>', '<V/>']
    --> : <Z />
<--     : ['<F32/>']
<--     : ['<W/>']
    --> : <Z />
    --> : <Z />
<--     : ['<G35 t="4"/>']
    --> : <N />
<--     : ['<T109/>']
    --> : <Z />
    --> : <D p="109"/>
<--     : ['<D109/>', '<U/>']
    --> : <Z />
<--     : ['<e80/>']
<--     : ['<V/>']
    --> : <Z />
<--     : ['<F101/>', '<W/>']
<--     : ['<g23 t="4"/>']
    --> : <N type="3" hai0="24" hai1="31" />
<--     : ['<N who="0" m="15775" />']
    --> : <Z />
    --> : <D p="52"/>
<--     : ['<D52/>', '<U/>']
    --> : <Z />
<--     : ['<e114/>']
<--     : ['<V/>']
    --> : <Z />
<--     : ['<F1/>', '<W/>']
    --> : <Z />
<--     : ['<g108/>', '<T134/>']
    --> : <Z />
    --> : <D p="134"/>
<--     : ['<D134/>', '<U/>']
    --> : <Z />
<--     : ['<E119/>', '<V/>']
<--     : ['<F5/>', '<W/>']
    --> : <Z />
<--     : ['<g18/>', '<T53/>']
    --> : <Z />
    --> : <D p="53"/>
<--     : ['<D53/>']
<--     : ['<U/>']
<--     : ['<e116/>', '<V/>']
    --> : <Z />
    --> : <Z />
<--     : ['<F13/>', '<W/>']
<--     : ['<g83/>', '<T7/>']
    --> : <Z />
    --> : <D p="7"/>
<--     : ['<D7/>', '<U/>']
    --> : <Z />
<--     : ['<E38/>', '<V/>']
<--     : ['<F30/>', '<W/>']
    --> : <Z />
<--     : ['<g48/>', '<T58/>']
    --> : <Z />
    --> : <D p="58"/>
<--     : ['<D58/>']
<--     : ['<U/>']
<--     : ['<e70/>']
    --> : <Z />
<--     : ['<V/>']
    --> : <Z />
<--     : ['<f44/>', '<W/>']
<--     : ['<g54/>', '<T37/>']
    --> : <Z />
    --> : <D p="37"/>
<--     : ['<D37/>']
<--     : ['<U/>']
    --> : <Z />
<--     : ['<e77/>', '<V/>']
    --> : <Z />
<--     : ['<f76/>', '<W/>']
    --> : <Z />
<--     : ['<g89 t="4"/>']
    --> : <N />
<--     : ['<T57/>']
    --> : <Z />
    --> : <D p="57"/>
<--     : ['<D57/>']
<--     : ['<U/>']
    --> : <Z />
<--     : ['<AGARI ba="0,0" hai="8,9,21,27,28,41,46,49,56,62,64" m="60727" machi="27" ten="30,4000,0" yaku="25,1,8,1,52,1" doraHai="88" who="1" fromWho="1" sc="208,-10,318,40,273,-10,201,-20" />']
    --> : <NEXTREADY />
    --> : <Z />
    --> : <Z />
<--     : ['<INIT seed="3,0,0,1,0,24" ten="198,358,263,181" oya="0" hai="96,73,28,118,83,19,70,102,2,129,105,88,69"/>', '<T7/>']
    --> : <D p="118"/>
    --> : <Z />
<--     : ['<D118/>', '<U/>']
    --> : <Z />
<--     : ['<E47/>']
<--     : ['<V/>']
    --> : <Z />
    --> : <Z />
<--     : ['<f112/>', '<W/>']
<--     : ['<G71 t="1"/>']
    --> : <N />
<--     : ['<T135/>']
    --> : <Z />
    --> : <D p="129"/>
<--     : ['<D129/>', '<U/>']
<--     : ['<E116/>', '<V/>']
    --> : <Z />
<--     : ['<f39/>']
<--     : ['<W/>']
    --> : <Z />
<--     : ['<g65/>', '<T15/>']
    --> : <D p="135"/>
    --> : <Z />
<--     : ['<D135/>', '<U/>']
<--     : ['<E130/>', '<V/>']
    --> : <Z />
<--     : ['<F120/>']
<--     : ['<W/>']
<--     : ['<g67/>', '<T119/>']
    --> : <Z />
    --> : <D p="119"/>
<--     : ['<D119/>', '<U/>']
    --> : <Z />
<--     : ['<e128/>', '<V/>']
<--     : ['<F113/>', '<W/>']
    --> : <Z />
<--     : ['<G127/>', '<T126/>']
    --> : <Z />
    --> : <D p="126"/>
<--     : ['<D126/>', '<U/>']
    --> : <Z />
<--     : ['<E107/>', '<V/>']
    --> : <Z />
<--     : ['<F124/>', '<W/>']
<--     : ['<g32/>', '<T74/>']
    --> : <Z />
    --> : <D p="28"/>
<--     : ['<D28/>', '<U/>']
    --> : <Z />
<--     : ['<e108/>']
<--     : ['<V/>']
    --> : <Z />
<--     : ['<F109/>']
<--     : ['<W/>']
    --> : <Z />
<--     : ['<g117/>', '<T56/>']
    --> : <D p="56"/>
<--     : ['<D56/>']
    --> : <Z />
<--     : ['<U/>']
<--     : ['<E85/>']
    --> : <Z />
<--     : ['<V/>']
<--     : ['<F34/>', '<W/>']
    --> : <Z />
<--     : ['<G111/>']
<--     : ['<T100/>']
    --> : <Z />
    --> : <Z />
    --> : <D p="102"/>
<--     : ['<D102/>']
<--     : ['<U/>']
<--     : ['<e36/>', '<V/>']
    --> : <Z />
<--     : ['<F114/>', '<W/>']
    --> : <Z />
<--     : ['<G110/>', '<T42/>']
    --> : <Z />
    --> : <D p="42"/>
<--     : ['<D42/>', '<U/>']
    --> : <Z />
<--     : ['<e80/>', '<V/>']
    --> : <Z />
<--     : ['<F53/>', '<W/>']
    --> : <Z />
<--     : ['<G75 t="1"/>']
    --> : <N />
<--     : ['<T6/>']
    --> : <Z />
    --> : <D p="74"/>
<--     : ['<D74/>', '<U/>']
    --> : <Z />
<--     : ['<E29/>', '<V/>']
<--     : ['<f122/>']
    --> : <Z />
<--     : ['<W/>']
    --> : <Z />
<--     : ['<g1/>', '<T134/>']
    --> : <Z />
    --> : <D p="134"/>
<--     : ['<D134/>', '<U/>']
    --> : <Z />
<--     : ['<e50/>']
<--     : ['<V/>']
    --> : <Z />
<--     : ['<F22/>', '<W/>']
    --> : <Z />
<--     : ['<G33/>', '<T35/>']
    --> : <Z />
    --> : <D p="35"/>
<--     : ['<D35/>', '<U/>']
<--     : ['<e131/>', '<V/>']
    --> : <Z />
<--     : ['<F115/>', '<W/>']
    --> : <Z />
    --> : <Z />
    --> : <Z />
    --> : <Z />
    --> : <Z />
<--     : ['<G41/>', '<T44/>']
    --> : <Z />
    --> : <D p="44"/>
<--     : ['<D44/>', '<U/>']
<--     : ['<e21/>', '<V/>']
    --> : <Z />
    --> : <Z />
    --> : <Z />
<--     : ['<REACH who="2" step="1"/>']
<--     : ['<F48/>']
    --> : <Z />
    --> : <Z />
<--     : ['<REACH who="2" ten="198,358,253,181" step="2"/>', '<W/>']
    --> : <Z />
<--     : ['<G45/>', '<T64/>']
    --> : <Z />
    --> : <D p="2"/>
<--     : ['<D2/>', '<U/>']
<--     : ['<e133/>', '<V/>']
    --> : <Z />
<--     : ['<f14/>']
<--     : ['<PROF lobby="0" type="1" add="-20.0,0,0,1,0,0,5,0,1,1,0"/>', '<AGARI ba="0,1" hai="14,17,23,55,58,60,89,91,92,94,97,99,121,123" machi="14" ten="30,2000,0" yaku="7,1,9,1" doraHai="24" who="1" fromWho="2" sc="198,0,358,30,253,-20,181,0" owari="198,-20.0,388,49.0,233,3.0,181,-32.0" />']
    --> : <NEXTREADY />
    --> : <BYE />
