    --> : <HELO name="ID696E3BCC-hLHNE8Wf" tid="f0" sx="M" />
<--     : ['<HELO uname="%74%73%74%5F%74%69%6F" auth="20190421-9c033b1f" PF4="9,50,986.91,-4027.0,29,43,71,107,14,1362,162,257,226,135" ratingscale="PF3=1.000000&PF4=1.000000&PF01C=0.582222&PF02C=0.501632&PF03C=0.414869&PF11C=0.823386&PF12C=0.709416&PF13C=0.586714&PF23C=0.378722&PF33C=0.535594&PF1C00=8.000000" rr="PF3=0,0&PF4=272284,0&PF01C=0,0&PF02C=0,0&PF03C=0,0&PF11C=0,0&PF12C=0,0&PF13C=0,0&PF23C=0,0&PF33C=0,0&PF1C00=0,0"/>']
    --> : <AUTH val="20190421-ba5d614e"/>
    --> : <PXR V="9" />
<--     : ['<LN n="CEK1Bve1at1Kd" j="1B2B1B8D4B4B3C1D12B3B13D4D8B1C2B5B1B1C" g="Jg1E2Q1Ok1I2BM1Bo4Q8Mw1E2c1Eo4I8JY4CA4E8Bc4I8S1EC2Cx2Bp2J1BF1b1b1q2h"/>']
    --> : <Z />
    --> : <JOIN t="0,1" />
<--     : ['<GO type="1" lobby="0" gpid="C484D8AA-603304A2"/>', '<UN n0="%74%73%74%5F%74%69%6F" n1="%4E%6F%4E%61%6D%65" n2="%52%65%78%62%6F%6C%74%31" n3="%E3%82%86%E3%81%86%33%30" dan="9,0,8,6" rate="986.91,1500.00,1368.23,1600.27" sx="M,M,F,M"/>', '<TAIKYOKU oya="0" log="2019042121gm-0001-0000-8a574266"/>']
    --> : <GOK /
    --> : <NEXTREADY />
<--     : ['<INIT seed="0,0,0,2,5,40" ten="250,250,250,250" oya="0" hai="15,55,70,58,49,103,97,46,13,51,12,4,35"/>', '<T25/>', '<BYE who="2" />']
    --> : <D p="70"/>
<--     : ['<D70/>', '<UN n2="%52%65%78%62%6F%6C%74%31" />', '<U/>']
<--     : ['<E104/>', '<V/>']
    --> : <Z />
<--     : ['<f110/>', '<W/>', '<BYE who="2" />']
<--     : ['<G116/>', '<UN n2="%52%65%78%62%6F%6C%74%31" />', '<T61/>']
    --> : <D p="4"/>
<--     : ['<D4/>', '<U/>']
<--     : ['<E120/>', '<V/>']
    --> : <Z />
<--     : ['<f119/>', '<W/>', '<BYE who="2" />']
<--     : ['<G112/>', '<UN n2="%52%65%78%62%6F%6C%74%31" />', '<T81/>']
    --> : <D p="81"/>
<--     : ['<D81/>']
<--     : ['<U/>']
<--     : ['<e108/>', '<V/>']
    --> : <Z />
<--     : ['<f31/>', '<W/>', '<BYE who="2" />']
<--     : ['<G135/>', '<UN n2="%52%65%78%62%6F%6C%74%31" />', '<T130/>']
    --> : <D p="130"/>
<--     : ['<D130/>']
<--     : ['<U/>']
<--     : ['<E66/>']
<--     : ['<V/>']
    --> : <Z />
    --> : <Z />
<--     : ['<f121/>', '<W/>', '<BYE who="2" />']
    --> : <Z />
<--     : ['<G74/>', '<T75/>']
    --> : <D p="75"/>
<--     : ['<D75/>']
<--     : ['<U/>']
<--     : ['<E133/>', '<V/>', '<f111/>', '<W/>']
<--     : ['<G76/>', '<T34/>']
    --> : <D p="25"/>
<--     : ['<D25/>']
    --> : <Z />
<--     : ['<U/>']
<--     : ['<E29/>', '<V/>', '<f45/>', '<W/>']
<--     : ['<G62 t="4"/>']
    --> : <N />
<--     : ['<T0/>']
    --> : <D p="0"/>
<--     : ['<D0/>', '<U/>']
    --> : <Z />
<--     : ['<E8/>', '<V/>', '<f115/>', '<W/>']
<--     : ['<REACH who="3" step="1"/>']
<--     : ['<G24/>', '<REACH who="3" ten="250,250,250,240" step="2"/>', '<T126/>']
    --> : <D p="126"/>
<--     : ['<D126/>']
<--     : ['<N who="1" m="48747" />']
<--     : ['<E23/>', '<V/>', '<f114/>', '<W/>']
<--     : ['<g2/>', '<T79/>']
    --> : <Z />
    --> : <D p="79"/>
<--     : ['<D79/>']
<--     : ['<U/>']
<--     : ['<E72/>', '<V/>', '<f93/>', '<W/>']
<--     : ['<g95 t="4"/>']
    --> : <N />
<--     : ['<T123/>']
    --> : <D p="123"/>
    --> : <Z />
<--     : ['<D123/>', '<U/>']
<--     : ['<e69/>', '<V/>', '<f43/>', '<W/>']
<--     : ['<g16/>', '<T80/>']
    --> : <D p="80"/>
<--     : ['<D80/>']
<--     : ['<U/>']
<--     : ['<e101/>', '<V/>', '<f63/>', '<W/>']
<--     : ['<g38/>', '<T94 t="32"/>']
    --> : <REACH hai="61"/>
    --> : <Z />
    --> : <D p="61"/>
<--     : ['<REACH who="0" step="1"/>', '<D61/>']
<--     : ['<REACH who="0" ten="240,250,250,240" step="2"/>', '<N who="1" m="35975" />']
<--     : ['<E57/>', '<V/>', '<f90/>']
<--     : ['<AGARI ba="0,2" hai="17,22,26,78,82,84,90,91" m="35975,48747" machi="90" ten="30,2000,0" yaku="18,1,54,1" doraHai="40" who="1" fromWho="2" sc="240,0,250,40,250,-20,240,0" />']
    --> : <NEXTREADY />
<--     : ['<INIT seed="1,0,0,3,5,70" ten="240,290,230,240" oya="1" hai="95,68,113,30,87,7,131,10,90,81,44,57,55"/>', '<U/>']
    --> : <Z />
<--     : ['<E123/>', '<V/>', '<f105/>', '<W/>']
<--     : ['<G112/>', '<T61/>']
    --> : <D p="113"/>
<--     : ['<D113/>', '<U/>']
<--     : ['<E117/>', '<V/>', '<f63/>']
<--     : ['<W/>']
    --> : <Z />
<--     : ['<G35/>', '<T96/>']
    --> : <D p="68"/>
<--     : ['<D68/>', '<U/>']
<--     : ['<E116/>', '<V/>', '<f2/>', '<W/>']
<--     : ['<G129/>', '<T33/>']
    --> : <D p="131"/>
<--     : ['<D131/>', '<U/>']
    --> : <Z />
<--     : ['<E127/>', '<V/>', '<f98/>', '<W/>']
<--     : ['<g34/>', '<T19/>']
    --> : <D p="19"/>
<--     : ['<D19/>', '<U/>']
<--     : ['<E71/>', '<V/>', '<f99/>', '<W/>']
    --> : <Z />
<--     : ['<g49 t="4"/>']
    --> : <N />
<--     : ['<T69/>']
    --> : <D p="69"/>
<--     : ['<D69/>', '<U/>']
<--     : ['<E36/>', '<V/>', '<f83/>', '<W/>']
<--     : ['<g118/>', '<T1/>']
    --> : <D p="44"/>
    --> : <Z />
<--     : ['<D44/>', '<U/>']
<--     : ['<E82/>', '<V/>', '<f39/>', '<W/>']
<--     : ['<G93 t="4"/>']
    --> : <N />
<--     : ['<T28 t="32"/>']
    --> : <REACH hai="33"/>
    --> : <Z />
    --> : <D p="33"/>
<--     : ['<REACH who="0" step="1"/>', '<D33/>']
<--     : ['<REACH who="0" ten="230,290,230,240" step="2"/>', '<U/>']
<--     : ['<e134/>', '<V/>', '<f51/>', '<W/>']
<--     : ['<g128/>', '<T121/>']
    --> : <D p="121"/>
<--     : ['<D121/>', '<U/>']
<--     : ['<E101 t="8"/>']
    --> : <N type="6" />
    --> : <N />
    --> : <Z />
<--     : ['<AGARI ba="0,1" hai="1,7,10,28,30,55,57,61,81,87,90,95,96,101" machi="101" ten="30,2000,0" yaku="1,1,7,1,53,0" doraHai="70" doraHaiUra="106" who="0" fromWho="1" sc="230,30,290,-20,230,0,240,0" />']
    --> : <NEXTREADY />
<--     : ['<INIT seed="2,0,0,0,1,132" ten="260,270,230,240" oya="2" hai="92,47,27,17,96,122,34,101,116,82,0,36,120"/>', '<V/>', '<f109/>', '<W/>']
    --> : <Z />
<--     : ['<G119/>', '<T56/>']
    --> : <D p="116"/>
<--     : ['<D116/>', '<U/>']
<--     : ['<E133/>', '<V/>', '<f129/>', '<W/>']
<--     : ['<G121 t="1"/>']
    --> : <N />
<--     : ['<T99/>']
    --> : <D p="0"/>
<--     : ['<D0/>', '<U/>']
<--     : ['<E128/>', '<V/>', '<f89/>']
    --> : <Z />
<--     : ['<W/>']
<--     : ['<G75/>', '<T19/>']
    --> : <D p="82"/>
<--     : ['<D82/>']
<--     : ['<U/>']
<--     : ['<E114/>', '<V/>', '<f131/>', '<W/>']
    --> : <Z />
<--     : ['<g134/>']
<--     : ['<T14/>']
    --> : <D p="99"/>
<--     : ['<D99/>', '<U/>']
<--     : ['<E117/>']
<--     : ['<V/>', '<f110/>', '<W/>']
<--     : ['<g108/>', '<T48/>']
    --> : <Z />
    --> : <D p="36"/>
<--     : ['<D36/>', '<U/>']
<--     : ['<E124/>', '<V/>', '<f50/>']
<--     : ['<W/>']
<--     : ['<G72/>', '<T21/>']
    --> : <D p="56"/>
<--     : ['<D56/>']
<--     : ['<U/>']
    --> : <Z />
<--     : ['<e127/>', '<V/>', '<f74/>', '<W/>']
<--     : ['<g79/>']
<--     : ['<T39/>']
    --> : <D p="39"/>
<--     : ['<D39/>', '<U/>']
<--     : ['<E104/>', '<V/>', '<f38/>', '<W/>']
<--     : ['<G90 t="4"/>']
    --> : <N />
    --> : <Z />
<--     : ['<T6/>']
    --> : <D p="6"/>
<--     : ['<D6/>', '<U/>']
<--     : ['<E70/>', '<V/>', '<f53/>']
<--     : ['<W/>']
<--     : ['<G32/>', '<T15/>']
    --> : <D p="15"/>
<--     : ['<D15/>']
    --> : <Z />
<--     : ['<U/>']
<--     : ['<E67/>', '<V/>', '<f5/>', '<W/>']
<--     : ['<REACH who="3" step="1"/>']
<--     : ['<G9 t="4"/>']
    --> : <N />
<--     : ['<REACH who="3" ten="260,270,230,230" step="2"/>', '<T33/>']
    --> : <D p="34"/>
<--     : ['<D34/>', '<U/>']
<--     : ['<E35/>', '<V/>', '<f60/>', '<W/>']
    --> : <Z />
<--     : ['<g54 t="4"/>']
    --> : <N />
<--     : ['<T118/>']
    --> : <D p="118"/>
<--     : ['<D118/>', '<U/>']
<--     : ['<e107/>', '<V/>', '<f95/>', '<W/>']
<--     : ['<g112/>', '<T84/>']
    --> : <D p="84"/>
<--     : ['<D84/>']
<--     : ['<U/>']
<--     : ['<e113/>', '<V/>', '<f45/>', '<W/>']
    --> : <Z />
<--     : ['<g26 t="4"/>']
    --> : <N />
<--     : ['<T41 t="32"/>']
    --> : <REACH hai="33"/>
    --> : <D p="33"/>
<--     : ['<REACH who="0" step="1"/>', '<D33/>', '<REACH who="0" ten="250,270,230,230" step="2"/>', '<U/>']
<--     : ['<E7/>', '<V/>', '<f46/>', '<W/>']
<--     : ['<g71/>', '<T4/>']
    --> : <D p="4"/>
<--     : ['<D4/>', '<U/>']
<--     : ['<E40/>', '<V/>', '<f106/>', '<W/>']
<--     : ['<g3/>', '<T105/>']
    --> : <D p="105"/>
    --> : <Z />
<--     : ['<D105/>', '<U/>']
<--     : ['<E94/>', '<V/>', '<f8 t="8"/>']
    --> : <N type="6" />
    --> : <N />
<--     : ['<AGARI ba="0,2" hai="8,14,17,19,21,27,41,47,48,92,96,101,120,122" machi="8" ten="30,2000,0" yaku="1,1,7,1,53,0" doraHai="132" doraHaiUra="87" who="0" fromWho="2" sc="250,40,270,0,230,-20,230,0" />']
    --> : <NEXTREADY />
    --> : <Z />
<--     : ['<INIT seed="3,0,0,1,2,44" ten="290,270,210,230" oya="3" hai="90,77,12,14,124,34,96,30,134,87,92,10,16"/>', '<W/>']
<--     : ['<G120/>', '<T64/>']
    --> : <D p="14"/>
<--     : ['<D14/>', '<U/>']
<--     : ['<e104/>', '<V/>', '<f82/>', '<W/>']
    --> : <Z />
<--     : ['<G42/>']
<--     : ['<N who="1" m="15882" />']
<--     : ['<E24/>', '<V/>', '<f130/>']
<--     : ['<W/>']
<--     : ['<g123/>', '<T119/>']
    --> : <Z />
    --> : <D p="134"/>
<--     : ['<D134/>']
<--     : ['<N who="1" m="51243" />']
<--     : ['<E94/>', '<V/>', '<f15/>', '<W/>']
<--     : ['<G113/>', '<T22/>']
    --> : <D p="119"/>
<--     : ['<D119/>', '<U/>']
<--     : ['<e114/>', '<V/>', '<f117/>', '<W/>']
    --> : <Z />
<--     : ['<G75/>', '<T85/>']
    --> : <D p="124"/>
<--     : ['<D124/>', '<U/>']
<--     : ['<E116/>', '<V/>', '<f51/>']
<--     : ['<W/>']
<--     : ['<g33/>', '<T56/>']
    --> : <D p="34"/>
<--     : ['<D34/>', '<U/>']
<--     : ['<E107/>', '<V/>', '<f54/>']
    --> : <Z />
<--     : ['<W/>']
<--     : ['<g108/>', '<T28/>']
    --> : <D p="77"/>
<--     : ['<D77/>', '<U/>']
<--     : ['<E118/>', '<V/>', '<f67/>']
<--     : ['<W/>']
    --> : <Z />
<--     : ['<G91 t="4"/>']
    --> : <N />
<--     : ['<T88/>']
    --> : <D p="10"/>
<--     : ['<D10/>', '<U/>']
<--     : ['<E102/>', '<V/>', '<f121/>', '<W/>']
<--     : ['<REACH who="3" step="1"/>']
<--     : ['<g127/>', '<REACH who="3" ten="290,270,210,220" step="2"/>', '<T99/>']
    --> : <D p="90"/>
    --> : <Z />
<--     : ['<D90/>']
<--     : ['<U/>']
<--     : ['<E126/>', '<V/>', '<f98 t="1"/>']
    --> : <N type="1" hai0="96" hai1="99" />
<--     : ['<N who="0" m="37418" />']
    --> : <D p="88"/>
<--     : ['<D88/>', '<U/>']
<--     : ['<e103/>', '<V/>', '<f71/>', '<W/>']
<--     : ['<g35/>', '<T79/>']
    --> : <D p="92"/>
    --> : <Z />
<--     : ['<D92/>', '<U/>']
<--     : ['<E31 t="1"/>']
    --> : <N />
<--     : ['<V/>', '<f93/>', '<W/>']
<--     : ['<g68/>', '<T84/>']
    --> : <D p="79"/>
<--     : ['<D79/>', '<U/>']
<--     : ['<E2/>', '<V/>', '<f52/>']
<--     : ['<PROF lobby="0" type="1" add="9.0,0,1,0,0,0,4,2,0,1,3"/>', '<AGARI ba="0,1" hai="0,4,5,6,9,26,29,32,37,40,46,52,58,60" machi="52" ten="30,11600,0" yaku="1,1,7,1,54,1,53,1" doraHai="44" doraHaiUra="38" who="3" fromWho="2" sc="290,0,270,0,210,-116,220,126" owari="290,9.0,270,-13.0,94,-41.0,346,45.0" />']
    --> : <NEXTREADY />
    --> : <BYE />
