    --> : <HELO name="ID696E3BCC-hLHNE8Wf" tid="f0" sx="M" />
<--     : ['<HELO uname="%74%73%74%5F%74%69%6F" auth="20190421-ab259e1a" PF4="9,50,985.47,-4005.0,29,43,70,107,14,1357,162,256,224,135" ratingscale="PF3=1.000000&PF4=1.000000&PF01C=0.582222&PF02C=0.501632&PF03C=0.414869&PF11C=0.823386&PF12C=0.709416&PF13C=0.586714&PF23C=0.378722&PF33C=0.535594&PF1C00=8.000000" rr="PF3=0,0&PF4=272052,0&PF01C=0,0&PF02C=0,0&PF03C=0,0&PF11C=0,0&PF12C=0,0&PF13C=0,0&PF23C=0,0&PF33C=0,0&PF1C00=0,0"/>']
    --> : <AUTH val="20190421-8d7bc44b"/>
    --> : <PXR V="9" />
<--     : ['<LN n="BgZ1Bdh1Xn1Ik" j="D1C2D2D2D1D12C3B13C1C2B1D12C4D8C1C1B3C2B1C1C1B1B" g="HA3Q1ME1E2BA1Bc4E8Lw3c1Dg12Gc4BQ12BQ4E8M1DM2Bj2Bg2S1t1q1M1BI2S"/>']
    --> : <Z />
    --> : <JOIN t="0,1" />
<--     : ['<REJOIN t="0,1,r"/>']
    --> : <JOIN t="0,1, r" />
<--     : ['<GO type="1" lobby="0" gpid="EE26C0F2-327686F1"/>', '<UN n0="%74%73%74%5F%74%69%6F" n1="%50%61%6C%6C%69%6E%69" n2="%74%69%74%69%6E%6E" n3="%4E%6F%4E%61%6D%65" dan="9,9,9,0" rate="985.47,1648.57,1379.50,1500.00" sx="M,M,M,M"/>', '<TAIKYOKU oya="3" log="2019042117gm-0001-0000-c7f2845c"/>']
    --> : <GOK /
    --> : <NEXTREADY />
    --> : <Z />


<--     : ['<INIT seed="0,0,0,0,1,50" ten="250,250,250,250" oya="3" hai="44,103,81,130,98,28,62,131,104,110,115,84,47"/>', '<W/>']
<--     : ['<G118/>', '<T55/>']
    --> : <D p="110"/>
<--     : ['<D110/>', '<U/>']
<--     : ['<E74/>', '<V/>']
    --> : <Z />
<--     : ['<F113/>', '<W/>']
<--     : ['<G112/>', '<T67/>']
    --> : <D p="115"/>
<--     : ['<D115/>', '<U/>']
<--     : ['<e116/>', '<V/>']
<--     : ['<F68/>']
<--     : ['<W/>']
<--     : ['<G72/>', '<T106/>']
    --> : <Z />
    --> : <D p="106"/>
<--     : ['<D106/>', '<U/>']
<--     : ['<E133/>', '<V/>']
<--     : ['<F108/>', '<W/>']
<--     : ['<G120/>', '<T15/>']
    --> : <Z />
    --> : <D p="28"/>
<--     : ['<D28/>', '<U/>']
<--     : ['<E129 t="1"/>']
    --> : <N type="1" hai0="130" hai1="131" />
<--     : ['<N who="0" m="49161" />']
    --> : <D p="15"/>
<--     : ['<D15/>']
<--     : ['<U/>']
    --> : <Z />
<--     : ['<E35/>']
<--     : ['<V/>']
<--     : ['<F2/>']
<--     : ['<W/>']
<--     : ['<G121/>', '<T64/>']
    --> : <D p="55"/>
<--     : ['<D55/>', '<U/>']
    --> : <Z />
<--     : ['<E32/>']
<--     : ['<V/>']
<--     : ['<F86/>', '<W/>']
<--     : ['<G24/>', '<T42/>']
    --> : <D p="42"/>
    --> : <Z />
<--     : ['<D42/>', '<U/>']
<--     : ['<E19/>', '<V/>']
<--     : ['<F87/>', '<W/>']
<--     : ['<g25/>', '<T61/>']
    --> : <D p="67"/>
<--     : ['<D67/>']
<--     : ['<N who="3" m="25609" />']
    --> : <Z />
<--     : ['<G0/>', '<T107/>']
    --> : <D p="107"/>
<--     : ['<D107/>', '<U/>']
<--     : ['<E60 t="1"/>']
    --> : <N type="1" hai0="61" hai1="62" />
<--     : ['<N who="0" m="23145" />']
    --> : <D p="64"/>
<--     : ['<D64/>', '<U/>']
<--     : ['<E29/>', '<V/>']
<--     : ['<f128/>', '<W/>']
<--     : ['<G3/>', '<T123/>']
    --> : <Z />
    --> : <D p="123"/>
<--     : ['<D123/>', '<U/>']
<--     : ['<E41/>', '<V/>']
    --> : <Z />
<--     : ['<F37/>']
<--     : ['<W/>']
<--     : ['<G13/>', '<T10/>']
    --> : <D p="10"/>
<--     : ['<D10/>']
<--     : ['<U/>']
<--     : ['<e114/>']
<--     : ['<V/>']
    --> : <Z />
<--     : ['<F14/>', '<W/>']
<--     : ['<g36/>']
<--     : ['<T105/>']
    --> : <D p="105"/>
<--     : ['<D105/>', '<U/>']
<--     : ['<E38/>', '<V/>']
<--     : ['<F94/>']
<--     : ['<N who="3" m="56415" />']     #CHI 5B(6B)7B from 2
    --> : <Z />
<--     : ['<G5/>']
<--     : ['<T31/>']
    --> : <D p="31"/>
<--     : ['<D31/>', '<U/>']
<--     : ['<REACH who="1" step="1"/>']
<--     : ['<E39/>', '<REACH who="1" ten="250,240,250,250" step="2"/>', '<V/>']
<--     : ['<F43/>', '<W/>']
<--     : ['<g122/>', '<T27/>']
    --> : <D p="27"/>
<--     : ['<D27/>']
    --> : <Z />
<--     : ['<AGARI ba="0,1" hai="4,7,8,12,16,18,23,27,69,70,71,88,89,90" machi="27" ten="50,8000,1" yaku="1,1,2,1,54,2,53,0" doraHai="50" doraHaiUra="46" who="1" fromWho="0" sc="250,-80,240,90,250,0,250,0" />']
    --> : <NEXTREADY />






<--     : ['<INIT seed="1,0,0,1,1,116" ten="170,330,250,250" oya="0" hai="69,14,110,26,50,123,0,57,120,35,13,67,43"/>', '<T78/>']
    --> : <D p="0"/>
<--     : ['<D0/>', '<U/>']
<--     : ['<E42/>', '<V/>']
    --> : <Z />
<--     : ['<F30/>', '<W/>']
<--     : ['<g113/>']
<--     : ['<N who="1" m="43018" />']
<--     : ['<E23/>']
<--     : ['<N who="3" m="8714" />']
<--     : ['<G5/>']
    --> : <Z />
<--     : ['<T38/>']
    --> : <D p="38"/>
<--     : ['<D38/>', '<U/>']
<--     : ['<e37/>', '<V/>']
<--     : ['<f118/>', '<W/>']
<--     : ['<g27/>', '<T112/>']
    --> : <Z />
    --> : <D p="112"/>
<--     : ['<D112/>', '<U/>']
<--     : ['<E130/>', '<V/>']
<--     : ['<f71/>', '<W/>']
<--     : ['<G92/>', '<T29/>']
    --> : <D p="110"/>
<--     : ['<D110/>']
<--     : ['<N who="1" m="42603" />']
<--     : ['<E121 t="1"/>']
    --> : <N />
    --> : <Z />
<--     : ['<V/>']
<--     : ['<f119/>', '<W/>']
<--     : ['<G128/>', '<T48/>']
    --> : <D p="78"/>
<--     : ['<D78/>', '<U/>']
<--     : ['<e79/>', '<V/>']
    --> : <Z />
<--     : ['<F4/>', '<W/>']
<--     : ['<G132/>']
<--     : ['<AGARI ba="0,0" hai="89,94,99,105,106,132,133,135" m="42603,43018" machi="132" ten="40,8000,1" yaku="20,1,11,1,14,1,34,2" doraHai="116" who="1" fromWho="3" sc="170,0,330,80,250,0,250,-80" />']
    --> : <NEXTREADY />



<--     : ['<INIT seed="2,0,0,3,4,13" ten="170,410,250,170" oya="1" hai="90,89,15,134,121,109,34,102,77,37,63,29,8"/>', '<U/>']
<--     : ['<E112/>', '<V/>']
    --> : <Z />
<--     : ['<F122/>', '<W/>']
<--     : ['<g108/>', '<T26/>']
    --> : <D p="109"/>
<--     : ['<D109/>', '<U/>']
<--     : ['<E110/>', '<V/>']
<--     : ['<F132/>', '<W/>']
<--     : ['<G125/>', '<T51/>']
    --> : <Z />
    --> : <D p="121"/>
<--     : ['<D121/>', '<U/>']
<--     : ['<E39/>']
<--     : ['<V/>']
<--     : ['<F18/>', '<W/>']
<--     : ['<G131/>']
<--     : ['<N who="1" m="50218" />']
    --> : <Z />
<--     : ['<E124/>', '<V/>']
<--     : ['<f111/>', '<W/>']
<--     : ['<g114/>', '<T38/>']
    --> : <D p="134"/>
<--     : ['<D134/>', '<U/>']
<--     : ['<e118/>', '<V/>']
<--     : ['<f135/>', '<W/>']
<--     : ['<G119/>', '<T74/>']
    --> : <Z />
    --> : <D p="102"/>
<--     : ['<D102/>', '<U/>']
<--     : ['<e126/>', '<V/>']
<--     : ['<f92/>']
<--     : ['<W/>']
<--     : ['<g113/>', '<T43/>']
    --> : <D p="63"/>
<--     : ['<D63/>']
    --> : <Z />
<--     : ['<N who="1" m="40095" />']
<--     : ['<E25/>']
<--     : ['<V/>']
<--     : ['<f105/>']
<--     : ['<W/>']
<--     : ['<g115/>', '<T107/>']
    --> : <D p="107"/>
<--     : ['<D107/>', '<U/>']
<--     : ['<e31/>', '<V/>']
    --> : <Z />
<--     : ['<f87/>', '<W/>']
<--     : ['<G35 t="4"/>']
    --> : <N />
<--     : ['<T100/>']
    --> : <D p="100"/>
<--     : ['<D100/>', '<U/>']
<--     : ['<E76/>', '<V/>']
<--     : ['<f75/>', '<W/>']
    --> : <Z />
<--     : ['<G73/>', '<T52/>']
    --> : <D p="43"/>
<--     : ['<D43/>', '<U/>']
<--     : ['<E12/>']
<--     : ['<V/>']
<--     : ['<f66/>']
<--     : ['<W/>']
    --> : <Z />
<--     : ['<G2/>']
<--     : ['<T70/>']
    --> : <D p="70"/>
<--     : ['<D70/>', '<U/>']
<--     : ['<e20/>', '<V/>']
<--     : ['<f80/>', '<W/>']
    --> : <Z />
<--     : ['<g4 t="4"/>']
    --> : <N />
<--     : ['<T91/>']
    --> : <D p="74"/>
<--     : ['<D74/>', '<U/>']
<--     : ['<e123/>', '<V/>']
<--     : ['<f116/>', '<W/>']
<--     : ['<G11/>', '<T14/>']
    --> : <D p="77"/>
    --> : <Z />
<--     : ['<D77/>', '<U/>']
<--     : ['<e62/>']
<--     : ['<V/>']
<--     : ['<F103/>']
<--     : ['<W/>']
<--     : ['<g10/>', '<T48/>']
    --> : <D p="15"/>
<--     : ['<D15/>', '<U/>']
<--     : ['<e127/>', '<V/>']
    --> : <Z />
<--     : ['<F104/>']
<--     : ['<W/>']
<--     : ['<g71/>', '<T83/>']
    --> : <D p="83"/>
<--     : ['<D83/>', '<U/>']
<--     : ['<E96/>']
<--     : ['<V/>']
    --> : <Z />
<--     : ['<F9/>', '<W/>']
<--     : ['<G94/>', '<T19 t="32"/>']
    --> : <D p="34"/>
<--     : ['<D34/>', '<U/>']
<--     : ['<e36 t="1"/>']
    --> : <N />
<--     : ['<N who="2" m="21575" />']
<--     : ['<F7/>', '<W/>']
    --> : <Z />
<--     : ['<G28/>', '<T129/>']
    --> : <D p="129"/>
<--     : ['<D129/>', '<U/>']
<--     : ['<e6/>', '<V/>']
<--     : ['<F5/>', '<W/>']
<--     : ['<G21 t="4"/>']
    --> : <N type="3" hai0="26" hai1="29" />
<--     : ['<N who="0" m="15567" />']
    --> : <D p="38"/>
    --> : <Z />
<--     : ['<D38/>', '<U/>']
<--     : ['<e117/>', '<V/>']
<--     : ['<f98/>']
<--     : ['<W/>']
<--     : ['<G78/>', '<T56/>']
    --> : <D p="37"/>
<--     : ['<FURITEN show="1" />', '<D37/>', '<U/>']
<--     : ['<e24/>']
    --> : <Z />
<--     : ['<N who="2" m="14447" />']
<--     : ['<F30/>', '<W/>']
<--     : ['<g33/>', '<T67/>']
    --> : <D p="67"/>
<--     : ['<D67/>', '<RYUUKYOKU ba="0,0" sc="170,10,410,10,250,10,170,-30" hai1="0,1,50,55,81,85,88" hai2="46,47,58,61,65,79,82" />']
    --> : <NEXTREADY />
    --> : <Z />
    
    
<--     : ['<INIT seed="2,1,0,4,4,3" ten="180,420,260,140" oya="1" hai="69,17,60,63,134,48,66,123,100,45,78,106,118"/>', '<U/>']
<--     : ['<E121/>', '<V/>']
<--     : ['<f72/>', '<W/>']
<--     : ['<G120/>', '<T84/>']
    --> : <D p="118"/>
    --> : <Z />
<--     : ['<D118/>', '<U/>']
<--     : ['<e115/>', '<V/>']
<--     : ['<F119/>', '<W/>']
<--     : ['<G133/>', '<T65/>']
    --> : <D p="123"/>
<--     : ['<D123/>', '<U/>']
<--     : ['<E0/>', '<V/>']
    --> : <Z />
<--     : ['<F64 t="1"/>']
    --> : <N />
<--     : ['<W/>']
<--     : ['<G131/>', '<T35/>']
    --> : <D p="134"/>
<--     : ['<D134/>', '<U/>']
<--     : ['<E129/>', '<V/>']
<--     : ['<F102/>', '<W/>']
    --> : <Z />
<--     : ['<g132/>', '<T116/>']
    --> : <D p="116"/>
<--     : ['<D116/>', '<U/>']
<--     : ['<E80/>', '<V/>']
<--     : ['<F81/>', '<W/>']
<--     : ['<G107/>']
    --> : <Z />
<--     : ['<N who="1" m="41034" />']
<--     : ['<E101/>', '<V/>']
<--     : ['<f94/>', '<W/>']
<--     : ['<G68 t="4"/>']
    --> : <N />
<--     : ['<T74/>']
    --> : <D p="35"/>
<--     : ['<D35/>']
<--     : ['<U/>']
    --> : <Z />
<--     : ['<E67 t="1"/>']
    --> : <N />
<--     : ['<V/>']
<--     : ['<F43/>', '<W/>']
<--     : ['<G40 t="4"/>']
    --> : <N />
<--     : ['<T130/>']
    --> : <D p="130"/>
<--     : ['<D130/>', '<U/>']
<--     : ['<E58/>', '<V/>']
    --> : <Z />
<--     : ['<f92/>', '<W/>']
<--     : ['<g135/>', '<T57/>']
    --> : <D p="17"/>
<--     : ['<D17/>', '<U/>']
<--     : ['<E4/>']
<--     : ['<N who="2" m="1643" />']
<--     : ['<F2/>', '<W/>']
<--     : ['<G37/>']
    --> : <Z />
<--     : ['<N who="1" m="14410" />']
<--     : ['<E117/>', '<V/>']
<--     : ['<f122/>', '<W/>']
<--     : ['<g128/>', '<T79/>']
    --> : <D p="100"/>
<--     : ['<D100/>', '<U/>']
<--     : ['<e88/>', '<V/>']
<--     : ['<F38/>', '<W/>']
    --> : <Z />
<--     : ['<G8/>', '<T32/>']
    --> : <D p="74"/>
<--     : ['<D74/>', '<U/>']
<--     : ['<E26/>']
<--     : ['<V/>']
<--     : ['<f44/>', '<W/>']
    --> : <Z />
<--     : ['<G112/>', '<T70/>']
    --> : <D p="106"/>
<--     : ['<D106/>', '<U/>']
<--     : ['<E46/>', '<V/>']
<--     : ['<f76 t="1"/>']
    --> : <N />
<--     : ['<W/>']
<--     : ['<G113/>', '<T42/>']
    --> : <Z />
    --> : <D p="32"/>
<--     : ['<D32/>', '<U/>']
<--     : ['<e98/>', '<V/>']
<--     : ['<f89/>']
<--     : ['<W/>']
<--     : ['<G87/>', '<T11/>']
    --> : <D p="84"/>
<--     : ['<D84/>', '<U/>']
<--     : ['<e90/>', '<V/>']
    --> : <Z />
<--     : ['<N who="2" m="1651"/>', '<V/>']
<--     : ['<DORA hai="18" />', '<F114/>', '<W/>']
<--     : ['<REACH who="3" step="1"/>']
    --> : <Z />
<--     : ['<G62 t="5"/>']
    --> : <N />
<--     : ['<REACH who="3" ten="180,420,260,130" step="2"/>', '<T47/>']
    --> : <D p="42"/>
<--     : ['<D42/>', '<U/>']
<--     : ['<e75/>', '<V/>']
    --> : <Z />
<--     : ['<f83/>', '<W/>']
<--     : ['<g59 t="4"/>']
    --> : <N />
<--     : ['<T110/>']
    --> : <D p="57"/>
<--     : ['<D57/>', '<U/>']
<--     : ['<e99/>', '<V/>']
    --> : <Z />
<--     : ['<F27/>', '<W/>']
<--     : ['<g9/>', '<T50 t="32"/>']
    --> : <D p="11"/>
<--     : ['<D11/>', '<U/>']
<--     : ['<e71 t="1"/>']
    --> : <N />
<--     : ['<V/>']
<--     : ['<f54/>', '<W/>']
<--     : ['<g14/>']
<--     : ['<AGARI ba="1,1" hai="10,12,13,14,15,16,24,28,34,126,127" m="1651" machi="14" ten="40,12000,2" yaku="34,2,52,4,54,1" doraHai="3,18" who="2" fromWho="3" sc="180,0,420,0,260,133,130,-123" />']
    --> : <Z />
    --> : <NEXTREADY />



<--     : ['<INIT seed="3,0,0,5,2,82" ten="180,420,393,7" oya="2" hai="84,80,134,127,68,14,111,44,81,53,54,90,4"/>', '<V/>']
<--     : ['<F123/>']
<--     : ['<W/>', '<g70/>', '<T63/>', '<BYE who="3" />']
    --> : <Z />
    --> : <D p="134"/>
<--     : ['<D134/>', '<U/>']
<--     : ['<E135/>', '<V/>']
<--     : ['<F112/>', '<W/>', '<g42/>', '<T11/>']
    --> : <D p="111"/>
<--     : ['<D111/>', '<U/>']
<--     : ['<E109/>', '<V/>']
<--     : ['<F115/>', '<W/>', '<g34/>', '<T89/>']
    --> : <Z />
    --> : <D p="127"/>
<--     : ['<D127/>']
<--     : ['<N who="1" m="48715" />']
<--     : ['<E33/>', '<V/>']
<--     : ['<F108/>']
<--     : ['<W/>', '<g57 t="4"/>']
    --> : <N />
<--     : ['<T58/>']
    --> : <D p="68"/>
<--     : ['<D68/>', '<U/>']
<--     : ['<E67/>', '<V/>']
    --> : <Z />
<--     : ['<F30/>', '<W/>', '<g9 t="4"/>']
    --> : <N />
<--     : ['<T20/>']
    --> : <D p="20"/>
<--     : ['<D20/>', '<U/>']
<--     : ['<E75/>']
<--     : ['<V/>']
<--     : ['<F71/>', '<W/>', '<g85 t="4"/>']
    --> : <N />
<--     : ['<T122/>']
    --> : <Z />
    --> : <D p="122"/>
<--     : ['<D122/>', '<U/>']
<--     : ['<e60/>']
<--     : ['<V/>']
<--     : ['<F65/>', '<W/>', '<g98/>', '<T103/>']
    --> : <D p="103"/>
<--     : ['<D103/>', '<U/>']
<--     : ['<e131/>', '<V/>']
<--     : ['<f3/>']
    --> : <Z />
<--     : ['<N who="1" m="1065" />']
<--     : ['<E101/>', '<V/>']
<--     : ['<F128/>', '<W/>', '<g49 t="4"/>']
    --> : <N />
<--     : ['<PROF lobby="0" type="1" add="-22.0,0,0,1,0,0,5,0,1,2,0"/>', '<AGARI ba="0,0" hai="41,47,49,83,86,91,104,105" m="1065,48715" machi="49" ten="30,2000,0" yaku="18,1,52,1" doraHai="82" who="1" fromWho="3" sc="180,0,420,20,393,0,7,-20" owari="180,-22.0,440,54.0,393,19.0,-13,-51.0" />']
    --> : <NEXTREADY />


    --> : <BYE />
