    --> : <HELO name="ID696E3BCC-hLHNE8Wf" tid="f0" sx="M" />
<--     : ['<HELO uname="%74%73%74%5F%74%69%6F" auth="20200608-2f5e4bc6" PF4="9,20,943.01,-8063.0,43,67,136,197,28,2436,245,461,423,215" PF3="0,0,1470.07,-63.0,0,0,1,0,1,7,0,2,0,0" ratingscale="PF3=1.000000&PF4=1.000000&PF01C=0.582222&PF02C=0.501632&PF03C=0.414869&PF11C=0.823386&PF12C=0.709416&PF13C=0.586714&PF23C=0.378722&PF33C=0.535594&PF1C00=8.000000" rr="PF3=0,0&PF4=202656,0&PF01C=0,0&PF02C=0,0&PF03C=0,0&PF11C=0,0&PF12C=0,0&PF13C=0,0&PF23C=0,0&PF33C=0,0&PF1C00=0,0"/>']
    --> : <AUTH val="20200608-d9406ea4"/>
    --> : <PXR V="9" />
<--     : ['<LN n="BZu1BYM1SI1Hi" j="B1B3B1B2B1B12C3C1C12D4C24B1B1B1C2C2B1B1B1B1C2B" g="IM1E2Q1LM1E2g1Bc4I8Ko3M1EE12GY4Bk12BI4I8P1Dz2Cc2Bv2G1z1h1G1h2G"/>']
    --> : <Z />
    --> : <JOIN t="0,1" />
    --> : <Z />
<--     : ['<LN n="BaC1BYV1SE1Hz" j="C1B3B1B2B5B8C3C1D12D4C4B21C1B3B2C1C1B1B1C2B" g="IM1E2Q1LM1E2g1Bg4I8Ks3M1EI12Gc4Bk12BI4I8P1Dw2Cf2Bv2G1w1h1G1h2G"/>']
    --> : <PXR V="9" />
    --> : <Z />
    --> : <Z />
<--     : ['<REJOIN t="0,1,r"/>']
    --> : <JOIN t="0,1, r" />
<--     : ['<GO type="1" lobby="0" gpid="7C5EF639-D40B4083"/>', '<UN n0="%74%73%74%5F%74%69%6F" n1="%E5%B0%8F%E9%9B%AA" n2="%6D%61%73%75%6B%75" n3="%E3%81%A1%E3%81%8F%E3%82%8F%E7%8C%AB" dan="9,9,10,9" rate="943.01,1482.22,1433.69,1511.75" sx="M,F,F,M"/>', '<TAIKYOKU oya="2" log="2020060819gm-0001-0000-a6995dde"/>']
    --> : <GOK /
    --> : <NEXTREADY />
    --> : <Z />
<--     : ['<INIT seed="0,0,0,4,5,74" ten="250,250,250,250" oya="2" hai="52,133,23,64,111,33,66,59,131,13,36,43,97"/>', '<V/>']
    --> : <Z />
    --> : <Z />
<--     : ['<F117/>', '<W/>']
    --> : <Z />
<--     : ['<G120/>', '<T51/>']
    --> : <D p="33"/>
<--     : ['<D33/>', '<U/>']
    --> : <Z />
<--     : ['<E134/>', '<V/>']
    --> : <Z />
<--     : ['<F79/>', '<W/>']
    --> : <Z />
<--     : ['<G116/>', '<T53/>']
    --> : <D p="133"/>
<--     : ['<D133/>', '<U/>']
    --> : <Z />
<--     : ['<E68/>']
    --> : <Z />
<--     : ['<N who="2" m="42103" />']
<--     : ['<F110/>', '<W/>']
    --> : <Z />
<--     : ['<G115/>', '<T61/>']
    --> : <D p="97"/>
<--     : ['<D97/>']
    --> : <Z />
<--     : ['<U/>']
<--     : ['<e123/>', '<V/>']
    --> : <Z />
<--     : ['<f122/>', '<W/>']
    --> : <Z />
<--     : ['<G108/>', '<T57/>']
    --> : <D p="13"/>
<--     : ['<D13/>']
    --> : <Z />
    --> : <Z />
<--     : ['<U/>']
    --> : <Z />
<--     : ['<e106/>']
    --> : <Z />
<--     : ['<V/>']
    --> : <Z />
    --> : <Z />
<--     : ['<F11/>']
<--     : ['<W/>']
    --> : <Z />
<--     : ['<G72/>', '<T135/>']
    --> : <Z />
    --> : <D p="23"/>
<--     : ['<D23/>']
<--     : ['<U/>']
    --> : <Z />
<--     : ['<e69/>', '<V/>']
    --> : <Z />
<--     : ['<F21/>']
<--     : ['<W/>']
    --> : <Z />
    --> : <Z />
<--     : ['<G49 t="4"/>']
    --> : <Z />
    --> : <N />
<--     : ['<T71/>']
    --> : <D p="135"/>
<--     : ['<D135/>', '<U/>']
    --> : <Z />
<--     : ['<e114/>', '<V/>']
    --> : <Z />
    --> : <Z />
    --> : <Z />
<--     : ['<f107/>', '<W/>']
    --> : <Z />
<--     : ['<REACH who="3" step="1"/>']
    --> : <Z />
<--     : ['<G86/>', '<REACH who="3" ten="250,250,250,240" step="2"/>', '<T37/>']
    --> : <Z />
    --> : <D p="111"/>
<--     : ['<D111/>', '<U/>']
    --> : <Z />
<--     : ['<E48/>', '<V/>']
    --> : <Z />
<--     : ['<f75/>', '<W/>']
    --> : <Z />
<--     : ['<g31/>', '<T91/>']
    --> : <Z />
    --> : <D p="131"/>
<--     : ['<D131/>']
<--     : ['<N who="1" m="50187" />']
<--     : ['<E44/>', '<V/>']
    --> : <Z />
    --> : <Z />
    --> : <Z />
<--     : ['<F70/>', '<W/>']
<--     : ['<g78/>', '<T60/>']
    --> : <Z />
    --> : <Z />
    --> : <D p="43"/>
<--     : ['<D43/>', '<U/>']
    --> : <Z />
<--     : ['<E29/>']
    --> : <Z />
<--     : ['<N who="2" m="19887" />']
    --> : <Z />
<--     : ['<F63 t="1"/>']
    --> : <N />
<--     : ['<W/>']
<--     : ['<g3/>', '<T125/>']
    --> : <Z />
    --> : <D p="125"/>
<--     : ['<D125/>', '<U/>']
    --> : <Z />
<--     : ['<e126/>', '<V/>']
    --> : <Z />
<--     : ['<f94/>', '<W/>']
<--     : ['<g132/>', '<T85 t="32"/>']
    --> : <Z />
    --> : <D p="85"/>
<--     : ['<D85/>']
<--     : ['<N who="1" m="48295" />']
    --> : <Z />
    --> : <Z />
<--     : ['<E95/>']
    --> : <Z />
<--     : ['<V/>']
    --> : <Z />
<--     : ['<f84/>', '<W/>']
<--     : ['<g100/>', '<T109/>']
    --> : <Z />
    --> : <D p="109"/>
<--     : ['<D109/>', '<U/>']
    --> : <Z />
<--     : ['<E102/>']
<--     : ['<V/>']
    --> : <Z />
    --> : <Z />
    --> : <Z />
<--     : ['<f88/>', '<W/>']
    --> : <Z />
<--     : ['<g12/>', '<T87 t="32"/>']
    --> : <REACH hai="53"/>
    --> : <D p="53"/>
<--     : ['<REACH who="0" step="1"/>']
<--     : ['<D53/>', '<REACH who="0" ten="240,250,250,240" step="2"/>', '<U/>']
    --> : <Z />
    --> : <Z />
<--     : ['<E104/>']
    --> : <Z />
<--     : ['<V/>']
    --> : <Z />
<--     : ['<f112/>', '<W/>']
<--     : ['<g58/>']
<--     : ['<AGARI ba="0,2" hai="17,19,50,54,58,96,103,105" m="19887,42103" machi="58" ten="30,1500,0" yaku="25,1" doraHai="74" who="2" fromWho="3" sc="240,0,250,0,250,35,240,-15" />']
    --> : <Z />
    --> : <NEXTREADY />
    --> : <Z />
    --> : <Z />
<--     : ['<INIT seed="0,1,0,4,0,105" ten="240,250,285,225" oya="2" hai="91,134,92,63,3,133,23,81,125,15,25,0,43"/>', '<V/>']
    --> : <Z />
    --> : <Z />
<--     : ['<F115/>', '<W/>']
    --> : <Z />
<--     : ['<G123/>', '<T124/>']
    --> : <D p="43"/>
<--     : ['<D43/>', '<U/>']
    --> : <Z />
<--     : ['<E111/>', '<V/>']
    --> : <Z />
<--     : ['<F33/>', '<W/>']
<--     : ['<G112/>', '<T34/>']
    --> : <Z />
    --> : <D p="63"/>
<--     : ['<D63/>', '<U/>']
    --> : <Z />
<--     : ['<e114/>', '<V/>']
<--     : ['<F127 t="1"/>']
    --> : <Z />
    --> : <N type="1" hai0="124" hai1="125" />
<--     : ['<N who="0" m="48714" />']
    --> : <D p="81"/>
<--     : ['<D81/>']
<--     : ['<U/>']
    --> : <Z />
<--     : ['<E106/>', '<V/>']
    --> : <Z />
<--     : ['<f117/>', '<W/>']
<--     : ['<G108/>', '<T58/>']
    --> : <D p="58"/>
    --> : <Z />
<--     : ['<D58/>', '<U/>']
    --> : <Z />
<--     : ['<e107/>', '<V/>']
    --> : <Z />
<--     : ['<F132 t="1"/>']
    --> : <N type="1" hai0="133" hai1="134" />
<--     : ['<N who="0" m="50794" />']
    --> : <D p="92"/>
<--     : ['<D92/>', '<U/>']
    --> : <Z />
<--     : ['<E129/>', '<V/>']
<--     : ['<F131/>', '<W/>']
    --> : <Z />
<--     : ['<G128/>', '<T49/>']
    --> : <D p="49"/>
<--     : ['<D49/>']
    --> : <Z />
    --> : <Z />
<--     : ['<N who="1" m="30895" />']
<--     : ['<E38/>', '<V/>']
    --> : <Z />
    --> : <Z />
<--     : ['<F47/>']
    --> : <Z />
<--     : ['<N who="1" m="17993" />']
<--     : ['<E74/>', '<V/>']
    --> : <Z />
    --> : <Z />
<--     : ['<f120/>', '<W/>']
<--     : ['<G73/>', '<T6/>']
    --> : <Z />
    --> : <D p="34"/>
<--     : ['<D34/>', '<U/>']
    --> : <Z />
<--     : ['<e8/>']
<--     : ['<V/>']
    --> : <Z />
<--     : ['<F102/>']
    --> : <Z />
<--     : ['<N who="1" m="39529" />']
<--     : ['<E126/>', '<V/>']
    --> : <Z />
<--     : ['<f116/>', '<W/>']
    --> : <Z />
<--     : ['<G1 t="1"/>']
    --> : <N />
<--     : ['<T71/>']
    --> : <D p="71"/>
<--     : ['<D71/>', '<U/>']
    --> : <Z />
<--     : ['<e135/>', '<V/>']
    --> : <Z />
    --> : <Z />
<--     : ['<F22/>']
<--     : ['<W/>']
    --> : <Z />
<--     : ['<G113/>', '<T83/>']
    --> : <D p="83"/>
<--     : ['<D83/>', '<U/>']
    --> : <Z />
<--     : ['<e75/>', '<V/>']
    --> : <Z />
<--     : ['<f21/>']
    --> : <Z />
<--     : ['<W/>']
    --> : <Z />
<--     : ['<g32/>', '<T10/>']
    --> : <D p="91"/>
<--     : ['<D91/>']
    --> : <Z />
<--     : ['<U/>']
<--     : ['<e35/>', '<V/>']
    --> : <Z />
    --> : <Z />
<--     : ['<f104/>']
<--     : ['<W/>']
    --> : <Z />
<--     : ['<G62/>', '<T85/>']
    --> : <D p="85"/>
<--     : ['<D85/>', '<U/>']
    --> : <Z />
<--     : ['<e80/>', '<V/>']
    --> : <Z />
<--     : ['<F7/>']
    --> : <Z />
<--     : ['<W/>']
    --> : <Z />
<--     : ['<g59/>', '<T122/>']
    --> : <D p="122"/>
<--     : ['<D122/>', '<U/>']
    --> : <Z />
<--     : ['<e66/>']
    --> : <Z />
<--     : ['<V/>']
    --> : <Z />
    --> : <Z />
<--     : ['<f72/>', '<W/>']
<--     : ['<g67/>', '<T36/>']
    --> : <Z />
    --> : <D p="36"/>
<--     : ['<D36/>', '<U/>']
    --> : <Z />
<--     : ['<e109/>', '<V/>']
    --> : <Z />
<--     : ['<F5/>']
    --> : <Z />
<--     : ['<W/>']
<--     : ['<g130/>', '<T40/>']
    --> : <D p="40"/>
<--     : ['<D40/>', '<U/>']
    --> : <Z />
<--     : ['<e54/>']
    --> : <Z />
    --> : <Z />
<--     : ['<V/>']
    --> : <Z />
    --> : <Z />
    --> : <Z />
<--     : ['<F55/>', '<W/>']
    --> : <Z />
<--     : ['<REACH who="3" step="1"/>']
    --> : <Z />
<--     : ['<G99/>', '<REACH who="3" ten="240,250,285,215" step="2"/>', '<T94/>']
    --> : <D p="94"/>
<--     : ['<D94/>']
    --> : <Z />
<--     : ['<U/>']
    --> : <Z />
<--     : ['<e119/>', '<V/>']
    --> : <Z />
    --> : <Z />
<--     : ['<F60/>', '<W/>']
<--     : ['<g87/>', '<T118/>']
    --> : <D p="118"/>
<--     : ['<D118/>', '<U/>']
    --> : <Z />
    --> : <Z />
<--     : ['<e41/>', '<V/>']
    --> : <Z />
<--     : ['<f20/>']
    --> : <Z />
<--     : ['<W/>']
<--     : ['<g69/>', '<T37/>']
    --> : <D p="37"/>
<--     : ['<D37/>', '<U/>']
    --> : <Z />
    --> : <Z />
<--     : ['<e98/>']
    --> : <Z />
<--     : ['<V/>']
    --> : <Z />
    --> : <Z />
<--     : ['<F78/>']
<--     : ['<AGARI ba="1,1" hai="24,26,76,78,79" m="39529,17993,30895" machi="78" ten="30,1000,0" yaku="8,1" doraHai="105" who="1" fromWho="2" sc="240,0,250,23,285,-13,215,0" />']
    --> : <NEXTREADY />
    --> : <Z />
    --> : <Z />
<--     : ['<INIT seed="1,0,0,4,4,81" ten="240,273,272,215" oya="3" hai="49,100,109,110,104,23,12,24,135,94,35,89,125"/>', '<W/>']
    --> : <Z />
    --> : <Z />
<--     : ['<G117/>', '<T124/>']
    --> : <D p="49"/>
<--     : ['<D49/>', '<U/>']
    --> : <Z />
<--     : ['<e115/>', '<V/>']
    --> : <Z />
<--     : ['<F116/>', '<W/>']
<--     : ['<G131/>', '<T14/>']
    --> : <Z />
    --> : <D p="104"/>
<--     : ['<D104/>', '<U/>']
    --> : <Z />
<--     : ['<E68/>']
<--     : ['<V/>']
    --> : <Z />
<--     : ['<F106/>', '<W/>']
    --> : <Z />
<--     : ['<g3/>', '<T4/>']
    --> : <D p="135"/>
<--     : ['<D135/>']
    --> : <Z />
<--     : ['<U/>']
    --> : <Z />
<--     : ['<E119/>', '<V/>']
<--     : ['<F34/>', '<W/>']
    --> : <Z />
<--     : ['<g118/>', '<T103/>']
    --> : <D p="94"/>
<--     : ['<D94/>']
    --> : <Z />
<--     : ['<U/>']
<--     : ['<E36/>', '<V/>']
    --> : <Z />
    --> : <Z />
<--     : ['<F73/>', '<W/>']
    --> : <Z />
<--     : ['<G42/>', '<T19/>']
    --> : <D p="89"/>
<--     : ['<D89/>']
    --> : <Z />
<--     : ['<U/>']
<--     : ['<E108 t="1"/>']
    --> : <Z />
    --> : <N type="1" hai0="109" hai1="110" />
<--     : ['<N who="0" m="41577" />']
    --> : <D p="103"/>
<--     : ['<D103/>', '<U/>']
    --> : <Z />
<--     : ['<E5/>', '<V/>']
    --> : <Z />
<--     : ['<F111/>', '<W/>']
    --> : <Z />
<--     : ['<G37/>', '<T17/>']
    --> : <D p="4"/>
<--     : ['<D4/>', '<U/>']
    --> : <Z />
    --> : <Z />
<--     : ['<E26/>', '<V/>']
    --> : <Z />
<--     : ['<f27/>', '<W/>']
    --> : <Z />
<--     : ['<G127 t="1"/>']
    --> : <N type="1" hai0="124" hai1="125" />
<--     : ['<N who="0" m="48715" />']
    --> : <D p="14"/>
<--     : ['<D14/>', '<U/>']
    --> : <Z />
<--     : ['<E107/>', '<V/>']
    --> : <Z />
    --> : <Z />
<--     : ['<F96/>', '<W/>']
    --> : <Z />
    --> : <Z />
<--     : ['<G74/>', '<T15/>']
    --> : <D p="15"/>
<--     : ['<D15/>', '<U/>']
    --> : <Z />
    --> : <Z />
    --> : <Z />
<--     : ['<E45/>', '<V/>']
    --> : <Z />
<--     : ['<f75/>', '<W/>']
    --> : <Z />
<--     : ['<g43/>', '<T22/>']
    --> : <D p="100"/>
<--     : ['<D100/>', '<U/>']
    --> : <Z />
    --> : <Z />
<--     : ['<REACH who="1" step="1"/>']
<--     : ['<e64/>']
    --> : <Z />
<--     : ['<REACH who="1" ten="240,263,272,215" step="2"/>', '<V/>']
    --> : <Z />
    --> : <Z />
    --> : <Z />
<--     : ['<F84/>']
    --> : <Z />
    --> : <Z />
<--     : ['<N who="3" m="50455" />']
    --> : <Z />
<--     : ['<G97/>', '<T8/>']
    --> : <D p="35"/>
<--     : ['<D35/>', '<U/>']
<--     : ['<e56/>']
    --> : <Z />
    --> : <Z />
<--     : ['<V/>']
    --> : <Z />
    --> : <Z />
<--     : ['<REACH who="2" step="1"/>']
<--     : ['<f21 t="9"/>']
    --> : <N type="6" />
    --> : <N />
<--     : ['<AGARI ba="0,1" hai="8,12,17,19,21,22,23,24" m="48715,41577" machi="21" ten="30,7700,0" yaku="14,1,18,1,34,2" doraHai="81" who="0" fromWho="2" sc="240,87,263,0,272,-77,215,0" />']
    --> : <NEXTREADY />
    --> : <Z />
    --> : <Z />
    --> : <Z />
<--     : ['<INIT seed="2,0,0,5,5,92" ten="327,263,195,215" oya="0" hai="44,83,128,125,101,104,67,126,49,100,37,99,115"/>', '<T15/>']
    --> : <D p="115"/>
    --> : <Z />
<--     : ['<D115/>']
    --> : <Z />
<--     : ['<N who="1" m="44043" />']
    --> : <Z />
<--     : ['<E68/>', '<V/>']
    --> : <Z />
    --> : <Z />
<--     : ['<F105/>', '<W/>']
    --> : <Z />
<--     : ['<REACH who="3" step="1"/>']
<--     : ['<G73/>', '<REACH who="3" ten="327,263,195,205" step="2"/>', '<T71/>']
    --> : <D p="128"/>
<--     : ['<D128/>']
    --> : <Z />
<--     : ['<N who="1" m="49195" />']
    --> : <Z />
<--     : ['<E36/>', '<V/>']
    --> : <Z />
<--     : ['<F41/>', '<W/>']
<--     : ['<g57/>', '<T34/>']
    --> : <D p="34"/>
<--     : ['<D34/>']
    --> : <Z />
<--     : ['<U/>']
    --> : <Z />
<--     : ['<e39/>', '<V/>']
    --> : <Z />
<--     : ['<f42/>', '<W/>']
<--     : ['<g28/>', '<T56/>']
    --> : <D p="83"/>
<--     : ['<D83/>']
    --> : <Z />
<--     : ['<N who="1" m="49183" />']
    --> : <Z />
<--     : ['<E4/>']
    --> : <Z />
<--     : ['<V/>']
    --> : <Z />
<--     : ['<F3/>', '<W/>']
<--     : ['<g9/>', '<T32/>']
    --> : <D p="32"/>
<--     : ['<D32/>', '<U/>']
    --> : <Z />
    --> : <Z />
<--     : ['<e38/>', '<V/>']
    --> : <Z />
<--     : ['<F31/>', '<W/>']
<--     : ['<g46/>', '<T82/>']
    --> : <Z />
    --> : <D p="101"/>
<--     : ['<D101/>', '<U/>']
    --> : <Z />
    --> : <Z />
<--     : ['<E103/>']
    --> : <Z />
<--     : ['<V/>']
    --> : <Z />
<--     : ['<F110/>', '<W/>']
<--     : ['<g74/>', '<T18/>']
    --> : <Z />
    --> : <D p="71"/>
<--     : ['<D71/>', '<U/>']
    --> : <Z />
<--     : ['<e118/>', '<V/>']
    --> : <Z />
<--     : ['<f112/>', '<W/>']
    --> : <Z />
<--     : ['<g5/>', '<T61/>']
    --> : <D p="37"/>
<--     : ['<D37/>', '<U/>']
    --> : <Z />
    --> : <Z />
<--     : ['<e40/>', '<V/>']
    --> : <Z />
<--     : ['<F2/>', '<W/>']
<--     : ['<g29/>', '<T85/>']
    --> : <D p="44"/>
<--     : ['<D44/>']
    --> : <Z />
<--     : ['<AGARI ba="0,1" hai="44,45,47,121,123" m="49183,49195,44043" machi="44" ten="30,3900,0" yaku="11,1,19,1,54,1" doraHai="92" who="1" fromWho="0" sc="327,-39,263,49,195,0,205,0" />']
    --> : <NEXTREADY />
    --> : <Z />
    --> : <Z />
<--     : ['<INIT seed="3,0,0,4,4,16" ten="288,312,195,205" oya="1" hai="76,54,50,57,27,114,107,23,69,79,124,61,71"/>', '<U/>']
    --> : <Z />
    --> : <Z />
<--     : ['<E119/>', '<V/>']
    --> : <Z />
    --> : <Z />
<--     : ['<F121/>', '<W/>']
<--     : ['<G74/>', '<T29/>']
    --> : <D p="114"/>
<--     : ['<D114/>']
    --> : <Z />
<--     : ['<U/>']
    --> : <Z />
<--     : ['<E0/>']
<--     : ['<V/>']
    --> : <Z />
    --> : <Z />
<--     : ['<F32/>']
    --> : <Z />
<--     : ['<W/>']
<--     : ['<g109/>', '<T35/>']
    --> : <Z />
    --> : <D p="124"/>
<--     : ['<D124/>', '<U/>']
<--     : ['<E134/>']
    --> : <Z />
<--     : ['<V/>']
    --> : <Z />
    --> : <Z />
<--     : ['<F127/>', '<W/>']
<--     : ['<G67 t="4"/>']
    --> : <Z />
    --> : <N />
<--     : ['<T60/>']
    --> : <D p="35"/>
<--     : ['<D35/>']
<--     : ['<U/>']
    --> : <Z />
<--     : ['<E115/>', '<V/>']
    --> : <Z />
<--     : ['<F41/>']
    --> : <Z />
<--     : ['<W/>']
    --> : <Z />
<--     : ['<g117/>', '<T111/>']
    --> : <D p="107"/>
<--     : ['<D107/>', '<U/>']
    --> : <Z />
<--     : ['<e116/>', '<V/>']
    --> : <Z />
<--     : ['<f118/>', '<W/>']
    --> : <Z />
<--     : ['<G129/>', '<T38/>']
    --> : <D p="38"/>
<--     : ['<D38/>']
<--     : ['<U/>']
    --> : <Z />
<--     : ['<E113/>', '<V/>']
    --> : <Z />
<--     : ['<f34/>', '<W/>']
    --> : <Z />
    --> : <Z />
<--     : ['<G132/>', '<T126/>']
    --> : <D p="111"/>
<--     : ['<D111/>', '<U/>']
    --> : <Z />
    --> : <Z />
<--     : ['<E75/>', '<V/>']
    --> : <Z />
<--     : ['<F2/>', '<W/>']
<--     : ['<G133/>', '<T7/>']
    --> : <D p="126"/>
<--     : ['<D126/>', '<U/>']
    --> : <Z />
<--     : ['<E42/>', '<V/>']
    --> : <Z />
<--     : ['<F1/>', '<W/>']
    --> : <Z />
    --> : <Z />
<--     : ['<G30 t="4"/>']
    --> : <N />
<--     : ['<T100/>']
    --> : <D p="7"/>
<--     : ['<D7/>', '<U/>']
    --> : <Z />
<--     : ['<e3/>', '<V/>']
    --> : <Z />
<--     : ['<F106/>', '<W/>']
    --> : <Z />
<--     : ['<G81/>', '<T17/>']
    --> : <D p="29"/>
<--     : ['<D29/>']
    --> : <Z />
<--     : ['<U/>']
    --> : <Z />
<--     : ['<E104/>']
    --> : <Z />
<--     : ['<V/>']
    --> : <Z />
<--     : ['<F108/>', '<W/>']
<--     : ['<g31 t="4"/>']
    --> : <N />
<--     : ['<T103/>']
    --> : <D p="71"/>
<--     : ['<D71/>', '<U/>']
    --> : <Z />
    --> : <Z />
<--     : ['<e105/>']
    --> : <Z />
<--     : ['<V/>']
<--     : ['<f36/>', '<W/>']
    --> : <Z />
    --> : <Z />
<--     : ['<g130/>', '<T128/>']
    --> : <D p="128"/>
<--     : ['<D128/>', '<U/>']
    --> : <Z />
<--     : ['<e112/>', '<V/>']
    --> : <Z />
    --> : <Z />
<--     : ['<F21/>', '<W/>']
<--     : ['<g33/>', '<T19/>']
    --> : <Z />
    --> : <D p="19"/>
<--     : ['<D19/>']
<--     : ['<U/>']
    --> : <Z />
<--     : ['<e73/>', '<V/>']
    --> : <Z />
    --> : <Z />
    --> : <Z />
<--     : ['<f110/>', '<W/>']
<--     : ['<g120/>', '<T12/>']
    --> : <D p="27"/>
<--     : ['<D27/>']
    --> : <Z />
<--     : ['<U/>']
    --> : <Z />
<--     : ['<e8/>']
    --> : <Z />
<--     : ['<N who="2" m="3147" />']
    --> : <Z />
<--     : ['<F15/>', '<W/>']
    --> : <Z />
<--     : ['<g89/>', '<T43/>']
    --> : <D p="61"/>
<--     : ['<D61/>', '<U/>']
    --> : <Z />
    --> : <Z />
<--     : ['<E98/>']
    --> : <Z />
    --> : <Z />
<--     : ['<V/>']
    --> : <Z />
<--     : ['<f39/>', '<W/>']
<--     : ['<g135/>', '<T125/>']
    --> : <Z />
    --> : <D p="125"/>
<--     : ['<D125/>', '<U/>']
    --> : <Z />
<--     : ['<e70/>', '<V/>']
    --> : <Z />
<--     : ['<f68/>', '<W/>']
    --> : <Z />
    --> : <Z />
<--     : ['<g6/>', '<T122/>']
    --> : <D p="122"/>
<--     : ['<D122/>', '<U/>']
    --> : <Z />
<--     : ['<e123/>', '<V/>']
    --> : <Z />
    --> : <Z />
<--     : ['<F86/>']
<--     : ['<W/>']
    --> : <Z />
<--     : ['<g78 t="1"/>']
    --> : <Z />
    --> : <N type="1" hai0="76" hai1="79" />
<--     : ['<N who="0" m="29739" />']
    --> : <D p="69"/>
<--     : ['<D69/>', '<U/>']
    --> : <Z />
    --> : <Z />
    --> : <Z />
<--     : ['<E26/>', '<V/>']
    --> : <Z />
    --> : <Z />
<--     : ['<F97/>']
    --> : <Z />
<--     : ['<W/>']
<--     : ['<g131/>', '<T90/>']
    --> : <D p="90"/>
<--     : ['<D90/>', '<PROF lobby="0" type="1" add="41.0,1,0,0,0,0,5,1,1,3,1"/>', '<RYUUKYOKU ba="0,0" sc="288,30,312,-10,195,-10,205,-10" owari="318,41.0,302,10.0,185,-31.0,195,-20.0" />']
    --> : <NEXTREADY />
    --> : <BYE />
