    --> : <HELO name="ID696E3BCC-hLHNE8Wf" tid="f0" sx="M" />
<--     : ['<HELO uname="%74%73%74%5F%74%69%6F" auth="20200602-6e090249" PF4="9,0,931.54,-8073.0,42,66,135,196,28,2413,242,459,414,211" PF3="0,0,1470.07,-63.0,0,0,1,0,1,7,0,2,0,0" ratingscale="PF3=1.000000&PF4=1.000000&PF01C=0.582222&PF02C=0.501632&PF03C=0.414869&PF11C=0.823386&PF12C=0.709416&PF13C=0.586714&PF23C=0.378722&PF33C=0.535594&PF1C00=8.000000" rr="PF3=0,0&PF4=196076,0&PF01C=0,0&PF02C=0,0&PF03C=0,0&PF11C=0,0&PF12C=0,0&PF13C=0,0&PF23C=0,0&PF33C=0,0&PF1C00=0,0"/>']
    --> : <AUTH val="20200602-48575818"/>
    --> : <PXR V="9" />
<--     : ['<LN n="BOJ1BMf1RM1GZ" j="B1B2C1D1B3B15B1D28D4D8C1C4C3C1B1C1C" g="HM4Iw3s1BA4I8Js3c1Cg12FI4BI12o4E8V1DS2Bm2BR2D1n1b1S1Y2G"/>']
    --> : <Z />
    --> : <JOIN t="0,1" />
<--     : ['<GO type="1" lobby="0" gpid="66B2CD9C-BBDEB3E8"/>', '<UN n0="%74%73%74%5F%74%69%6F" n1="%E3%81%84%E3%81%8F%E3%81%A6%E3%81%83" n2="%6C%73%2D%6C%73%72" n3="%E3%81%AA%E3%81%8B%E3%81%91%E3%81%84" dan="9,11,11,8" rate="931.54,1902.67,1707.58,1576.87" sx="M,M,M,M"/>', '<TAIKYOKU oya="2" log="2020060215gm-0001-0000-090caab1"/>']
    --> : <GOK /
    --> : <NEXTREADY />
    --> : <Z />
<--     : ['<INIT seed="0,0,0,5,5,106" ten="250,250,250,250" oya="2" hai="51,83,16,6,109,101,82,129,2,15,18,86,85"/>', '<V/>']
    --> : <Z />
    --> : <Z />
    --> : <Z />
<--     : ['<F127/>', '<W/>']
    --> : <Z />
<--     : ['<G29/>', '<T113/>']
    --> : <D p="113"/>
<--     : ['<D113/>', '<U/>']
<--     : ['<E34/>', '<V/>']
    --> : <Z />
<--     : ['<F110/>', '<W/>']
    --> : <Z />
<--     : ['<G66/>', '<T132/>']
    --> : <D p="109"/>
    --> : <Z />
<--     : ['<D109/>', '<U/>']
<--     : ['<E115/>', '<V/>']
    --> : <Z />
<--     : ['<F1/>', '<W/>']
    --> : <Z />
<--     : ['<G0/>', '<T31/>']
    --> : <D p="2"/>
<--     : ['<D2/>', '<U/>']
    --> : <Z />
<--     : ['<E124/>', '<V/>']
    --> : <Z />
<--     : ['<f119/>', '<W/>']
<--     : ['<G36/>']
    --> : <Z />
<--     : ['<T103/>']
    --> : <Z />
    --> : <D p="129"/>
<--     : ['<D129/>', '<U/>']
<--     : ['<E131/>', '<V/>']
    --> : <Z />
<--     : ['<f69/>', '<W/>']
    --> : <Z />
<--     : ['<g123/>', '<T112/>']
    --> : <Z />
    --> : <D p="112"/>
<--     : ['<D112/>', '<U/>']
<--     : ['<E5/>']
    --> : <Z />
<--     : ['<V/>']
    --> : <Z />
<--     : ['<REACH who="2" step="1"/>']
    --> : <Z />
<--     : ['<F81 t="1"/>']
    --> : <N />
<--     : ['<REACH who="2" ten="250,250,240,250" step="2"/>', '<W/>']
    --> : <Z />
    --> : <Z />
<--     : ['<G78 t="4"/>']
    --> : <N />
<--     : ['<T54/>']
    --> : <Z />
    --> : <D p="132"/>
<--     : ['<D132/>']
    --> : <Z />
<--     : ['<N who="1" m="50731" />']
<--     : ['<E122/>', '<V/>']
    --> : <Z />
<--     : ['<AGARI ba="0,1" hai="10,12,17,19,20,27,38,39,61,64,68,89,92,97" machi="20" ten="30,3000,0" yaku="1,1,0,1,53,0" doraHai="106" doraHaiUra="133" who="2" fromWho="2" sc="250,-10,250,-10,240,40,250,-10" />']
    --> : <NEXTREADY />
    --> : <Z />
    --> : <Z />
<--     : ['<INIT seed="0,1,0,2,1,74" ten="240,240,280,240" oya="2" hai="123,19,114,103,115,67,25,8,21,90,26,46,34"/>', '<V/>']
    --> : <Z />
    --> : <Z />
<--     : ['<F121/>', '<W/>']
<--     : ['<G3/>', '<T111/>']
    --> : <Z />
    --> : <D p="123"/>
<--     : ['<D123/>', '<U/>']
    --> : <Z />
<--     : ['<E105/>', '<V/>']
<--     : ['<F134/>', '<W/>']
    --> : <Z />
<--     : ['<G71/>']
<--     : ['<T129/>']
    --> : <Z />
    --> : <D p="129"/>
<--     : ['<D129/>']
    --> : <Z />
<--     : ['<N who="3" m="49161" />']
<--     : ['<G49/>', '<T7/>']
    --> : <Z />
    --> : <D p="103"/>
<--     : ['<D103/>', '<U/>']
    --> : <Z />
<--     : ['<E116/>', '<V/>']
    --> : <Z />
<--     : ['<F70/>', '<W/>']
    --> : <Z />
<--     : ['<g9/>', '<T72/>']
    --> : <D p="72"/>
<--     : ['<D72/>']
    --> : <Z />
<--     : ['<N who="3" m="27721" />']
<--     : ['<G59/>', '<T32/>']
    --> : <Z />
    --> : <D p="67"/>
<--     : ['<D67/>', '<U/>']
    --> : <Z />
<--     : ['<E110/>', '<V/>']
    --> : <Z />
<--     : ['<F106/>', '<W/>']
<--     : ['<G58/>', '<T35/>']
    --> : <Z />
    --> : <D p="46"/>
<--     : ['<D46/>']
<--     : ['<U/>']
    --> : <Z />
<--     : ['<E5/>', '<V/>']
    --> : <Z />
    --> : <Z />
<--     : ['<F15/>', '<W/>']
<--     : ['<G54/>', '<T6/>']
    --> : <Z />
    --> : <D p="90"/>
<--     : ['<D90/>', '<U/>']
    --> : <Z />
<--     : ['<e76/>']
<--     : ['<N who="3" m="29226" />']
    --> : <Z />
<--     : ['<G63/>']
<--     : ['<T56/>']
    --> : <Z />
    --> : <D p="56"/>
<--     : ['<D56/>']
    --> : <Z />
<--     : ['<N who="1" m="37031" />']
    --> : <Z />
<--     : ['<E22/>', '<V/>']
    --> : <Z />
    --> : <Z />
<--     : ['<f64/>', '<W/>']
    --> : <Z />
<--     : ['<g51/>', '<T77/>']
    --> : <Z />
    --> : <D p="111"/>
<--     : ['<D111/>', '<U/>']
    --> : <Z />
<--     : ['<e48/>']
<--     : ['<V/>']
    --> : <Z />
    --> : <Z />
<--     : ['<F60/>', '<W/>']
    --> : <Z />
<--     : ['<G113 t="1"/>']
    --> : <N type="1" hai0="114" hai1="115" />
<--     : ['<N who="0" m="43019" />']
    --> : <D p="77"/>
<--     : ['<D77/>', '<U/>']
    --> : <Z />
<--     : ['<e82/>', '<V/>']
    --> : <Z />
    --> : <Z />
    --> : <Z />
<--     : ['<F55/>', '<W/>']
<--     : ['<g1 t="4"/>']
    --> : <N type="3" hai0="7" hai1="8" />
<--     : ['<N who="0" m="111" />']
    --> : <Z />
    --> : <D p="26"/>
<--     : ['<D26/>', '<U/>']
<--     : ['<e100/>']
    --> : <Z />
<--     : ['<V/>']
    --> : <Z />
    --> : <Z />
<--     : ['<F47/>', '<W/>']
<--     : ['<g29 t="4"/>']
    --> : <N type="3" hai0="25" hai1="35" />
    --> : <Z />
<--     : ['<AGARI ba="1,0" hai="4,11,14,20,24,29,45,50,52,92,93" m="37031" machi="29" ten="30,2000,0" yaku="8,1,54,1" doraHai="74" who="1" fromWho="3" sc="240,0,240,23,280,0,240,-23" />']
    --> : <NEXTREADY />
    --> : <Z />
<--     : ['<INIT seed="1,0,0,4,1,83" ten="240,263,280,217" oya="3" hai="27,104,8,114,117,124,25,24,7,64,96,56,84"/>', '<W/>']
    --> : <Z />
    --> : <Z />
<--     : ['<G2 t="4"/>']
    --> : <N />
<--     : ['<T46/>']
    --> : <Z />
    --> : <D p="117"/>
<--     : ['<D117/>', '<U/>']
<--     : ['<E1/>', '<V/>']
    --> : <Z />
<--     : ['<F127/>', '<W/>']
<--     : ['<G116/>', '<T132/>']
    --> : <Z />
    --> : <D p="124"/>
<--     : ['<D124/>', '<U/>']
<--     : ['<E115/>', '<V/>']
    --> : <Z />
<--     : ['<F28/>', '<W/>']
    --> : <Z />
<--     : ['<G129/>', '<T19/>']
    --> : <D p="114"/>
<--     : ['<D114/>', '<U/>']
    --> : <Z />
<--     : ['<E119/>', '<V/>']
    --> : <Z />
<--     : ['<F73/>']
    --> : <Z />
<--     : ['<W/>']
<--     : ['<G67/>', '<T31/>']
    --> : <Z />
    --> : <D p="132"/>
<--     : ['<D132/>', '<U/>']
    --> : <Z />
<--     : ['<E134/>', '<V/>']
<--     : ['<F12/>', '<W/>']
    --> : <Z />
    --> : <Z />
<--     : ['<g50/>', '<T121/>']
    --> : <Z />
    --> : <D p="121"/>
<--     : ['<D121/>', '<U/>']
<--     : ['<E40/>', '<V/>']
    --> : <Z />
<--     : ['<f34/>', '<W/>']
    --> : <Z />
<--     : ['<g125/>', '<T106/>']
    --> : <Z />
    --> : <D p="31"/>
<--     : ['<D31/>', '<U/>']
<--     : ['<E6/>']
    --> : <Z />
<--     : ['<V/>']
    --> : <Z />
<--     : ['<F0/>', '<W/>']
    --> : <Z />
<--     : ['<G43/>', '<T65/>']
    --> : <Z />
    --> : <D p="106"/>
<--     : ['<D106/>', '<U/>']
<--     : ['<E32/>', '<V/>']
    --> : <Z />
<--     : ['<f38/>', '<W/>']
    --> : <Z />
<--     : ['<g45/>', '<T60/>']
    --> : <Z />
    --> : <D p="46"/>
<--     : ['<D46/>', '<U/>']
    --> : <Z />
<--     : ['<E103/>', '<V/>']
<--     : ['<f123/>', '<W/>']
    --> : <Z />
<--     : ['<REACH who="3" step="1"/>']
<--     : ['<G11/>', '<REACH who="3" ten="240,263,280,207" step="2"/>', '<T41/>']
    --> : <Z />
    --> : <D p="41"/>
<--     : ['<D41/>', '<U/>']
    --> : <Z />
<--     : ['<E128/>', '<V/>']
    --> : <Z />
<--     : ['<F122/>', '<W/>']
    --> : <Z />
<--     : ['<g126/>', '<T33/>']
    --> : <Z />
    --> : <D p="65"/>
<--     : ['<D65/>']
    --> : <Z />
<--     : ['<U/>']
<--     : ['<e113/>', '<V/>']
    --> : <Z />
<--     : ['<f37/>', '<W/>']
<--     : ['<g94/>', '<T3/>']
    --> : <Z />
    --> : <D p="84"/>
<--     : ['<D84/>', '<U/>']
    --> : <Z />
<--     : ['<e107/>']
<--     : ['<V/>']
    --> : <Z />
    --> : <Z />
    --> : <Z />
<--     : ['<f26 t="3"/>']
    --> : <N />
<--     : ['<W/>']
<--     : ['<g120/>', '<T112/>']
    --> : <Z />
    --> : <D p="112"/>
<--     : ['<D112/>', '<U/>']
    --> : <Z />
    --> : <Z />
<--     : ['<E130/>', '<V/>']
    --> : <Z />
<--     : ['<F29/>', '<W/>']
    --> : <Z />
<--     : ['<g36/>', '<T62/>']
    --> : <D p="33"/>
<--     : ['<D33/>', '<U/>']
    --> : <Z />
<--     : ['<E63 t="1"/>']
    --> : <N />
<--     : ['<V/>']
    --> : <Z />
<--     : ['<f71/>']
<--     : ['<W/>']
    --> : <Z />
<--     : ['<g79/>', '<T82/>']
    --> : <D p="62"/>
<--     : ['<D62/>']
    --> : <Z />
<--     : ['<U/>']
<--     : ['<e42/>', '<V/>']
    --> : <Z />
<--     : ['<f61/>', '<W/>']
<--     : ['<g66 t="4"/>']
    --> : <N />
<--     : ['<T80 t="32"/>']
    --> : <Z />
    --> : <D p="3"/>
<--     : ['<D3/>', '<U/>']
    --> : <Z />
<--     : ['<E68/>', '<V/>']
    --> : <Z />
    --> : <Z />
    --> : <Z />
<--     : ['<F90/>', '<W/>']
    --> : <Z />
<--     : ['<g47/>', '<T133/>']
    --> : <D p="133"/>
<--     : ['<D133/>', '<U/>']
    --> : <Z />
<--     : ['<E69/>', '<V/>']
<--     : ['<f70/>', '<W/>']
<--     : ['<g57 t="4"/>']
    --> : <N />
<--     : ['<T111/>']
    --> : <Z />
    --> : <D p="111"/>
<--     : ['<D111/>']
    --> : <Z />
<--     : ['<U/>']
<--     : ['<E49/>', '<V/>']
    --> : <Z />
<--     : ['<f10/>', '<W/>']
<--     : ['<g75/>', '<T55/>']
    --> : <Z />
    --> : <D p="64"/>
<--     : ['<D64/>', '<RYUUKYOKU ba="0,1" sc="240,-15,263,-15,280,15,207,15" hai2="4,5,13,17,20,74,76,81,85,88,97,100,105" hai3="9,14,44,51,54,77,78,92,93,98,99,101,102" />']
    --> : <NEXTREADY />
    --> : <Z />
<--     : ['<INIT seed="1,1,1,0,2,120" ten="225,248,295,222" oya="3" hai="129,3,73,26,42,64,122,86,63,43,131,29,107"/>', '<W/>']
    --> : <Z />
    --> : <Z />
<--     : ['<G116/>', '<T102/>']
    --> : <Z />
    --> : <D p="122"/>
<--     : ['<D122/>', '<U/>']
<--     : ['<E67/>', '<V/>']
    --> : <Z />
<--     : ['<F117/>', '<W/>']
<--     : ['<G69 t="4"/>']
    --> : <N />
<--     : ['<T10/>']
    --> : <Z />
    --> : <D p="73"/>
<--     : ['<D73/>']
<--     : ['<U/>']
    --> : <Z />
<--     : ['<E123/>', '<V/>']
    --> : <Z />
<--     : ['<F110/>', '<W/>']
<--     : ['<G9/>', '<T8/>']
    --> : <Z />
    --> : <D p="86"/>
<--     : ['<D86/>', '<U/>']
<--     : ['<E118/>', '<V/>']
    --> : <Z />
<--     : ['<F32/>']
<--     : ['<W/>']
    --> : <Z />
<--     : ['<G111/>', '<T20/>']
    --> : <Z />
    --> : <D p="10"/>
<--     : ['<D10/>']
<--     : ['<N who="1" m="2319" />']
    --> : <Z />
<--     : ['<E45/>', '<V/>']
    --> : <Z />
<--     : ['<F31/>']
<--     : ['<W/>']
    --> : <Z />
<--     : ['<G99 t="4"/>']
    --> : <N />
<--     : ['<T101/>']
    --> : <Z />
    --> : <D p="102"/>
<--     : ['<D102/>', '<U/>']
<--     : ['<E54/>']
    --> : <Z />
<--     : ['<V/>']
    --> : <Z />
<--     : ['<F127/>', '<W/>']
    --> : <Z />
<--     : ['<g7 t="4"/>']
    --> : <N />
<--     : ['<T105/>']
    --> : <D p="107"/>
<--     : ['<D107/>', '<U/>']
    --> : <Z />
<--     : ['<e62/>']
    --> : <Z />
<--     : ['<V/>']
<--     : ['<f119/>', '<W/>']
    --> : <Z />
    --> : <Z />
<--     : ['<REACH who="3" step="1"/>']
    --> : <Z />
<--     : ['<G85/>', '<REACH who="3" ten="225,248,295,212" step="2"/>', '<T106/>']
    --> : <Z />
    --> : <D p="8"/>
<--     : ['<D8/>', '<U/>']
    --> : <Z />
<--     : ['<E71/>', '<V/>']
<--     : ['<f38/>', '<W/>']
    --> : <Z />
<--     : ['<g5/>', '<T112/>']
    --> : <D p="112"/>
<--     : ['<D112/>', '<U/>']
    --> : <Z />
    --> : <Z />
<--     : ['<e47/>', '<V/>']
<--     : ['<f121/>', '<W/>']
<--     : ['<g133/>']
    --> : <Z />
<--     : ['<AGARI ba="1,2" hai="21,22,23,27,28,33,81,83,132,133,134" m="2319" machi="133" ten="30,1000,0" yaku="20,1" doraHai="120" who="1" fromWho="3" sc="225,0,248,33,295,0,212,-13" />']
    --> : <NEXTREADY />
    --> : <Z />
<--     : ['<INIT seed="2,0,0,5,5,6" ten="225,281,295,199" oya="0" hai="8,125,27,101,10,97,47,0,9,28,14,25,59"/>', '<T80/>']
    --> : <Z />
    --> : <Z />
    --> : <D p="125"/>
<--     : ['<D125/>', '<U/>']
<--     : ['<E132/>', '<V/>']
    --> : <Z />
<--     : ['<F123/>', '<W/>']
    --> : <Z />
<--     : ['<G113/>', '<T100/>']
    --> : <Z />
    --> : <D p="0"/>
<--     : ['<D0/>', '<U/>']
<--     : ['<e126/>', '<V/>']
    --> : <Z />
<--     : ['<F109/>', '<W/>']
<--     : ['<G124/>', '<T107/>']
    --> : <Z />
    --> : <D p="27"/>
<--     : ['<D27/>']
<--     : ['<U/>']
    --> : <Z />
<--     : ['<E115/>', '<V/>']
<--     : ['<F117/>', '<W/>']
<--     : ['<G135/>', '<T52/>']
    --> : <Z />
    --> : <D p="101"/>
<--     : ['<D101/>', '<U/>']
    --> : <Z />
<--     : ['<e1/>', '<V/>']
<--     : ['<f114/>', '<W/>']
    --> : <Z />
<--     : ['<G77/>', '<T58/>']
    --> : <Z />
    --> : <D p="80"/>
<--     : ['<D80/>']
<--     : ['<U/>']
<--     : ['<e108/>', '<V/>']
    --> : <Z />
<--     : ['<F104/>']
<--     : ['<W/>']
    --> : <Z />
<--     : ['<G75/>', '<T96/>']
    --> : <Z />
    --> : <D p="97"/>
<--     : ['<D97/>', '<U/>']
    --> : <Z />
<--     : ['<E35/>', '<V/>']
<--     : ['<F32/>']
    --> : <Z />
<--     : ['<W/>']
    --> : <Z />
<--     : ['<g111/>', '<T98/>']
    --> : <Z />
    --> : <D p="98"/>
<--     : ['<D98/>', '<U/>']
<--     : ['<E33/>', '<V/>']
    --> : <Z />
<--     : ['<f118/>', '<W/>']
    --> : <Z />
<--     : ['<g5 t="4"/>']
    --> : <N />
<--     : ['<T43/>']
    --> : <Z />
    --> : <D p="14"/>
<--     : ['<D14/>', '<U/>']
    --> : <Z />
<--     : ['<E99/>']
    --> : <Z />
<--     : ['<V/>']
<--     : ['<F38/>', '<W/>']
    --> : <Z />
    --> : <Z />
<--     : ['<g48 t="4"/>']
    --> : <N type="3" hai0="47" hai1="52" />
<--     : ['<N who="0" m="28703" />']
    --> : <Z />
    --> : <D p="43"/>
<--     : ['<D43/>']
<--     : ['<U/>']
    --> : <Z />
<--     : ['<E73/>', '<V/>']
    --> : <Z />
    --> : <Z />
<--     : ['<F7/>', '<W/>']
    --> : <Z />
<--     : ['<g103 t="4"/>']
    --> : <N />
<--     : ['<T70/>']
    --> : <Z />
    --> : <D p="70"/>
<--     : ['<D70/>']
    --> : <Z />
<--     : ['<U/>']
<--     : ['<E78/>']
    --> : <Z />
<--     : ['<V/>']
    --> : <Z />
<--     : ['<F71/>']
<--     : ['<W/>']
    --> : <Z />
<--     : ['<g72/>', '<T119/>']
    --> : <Z />
    --> : <D p="119"/>
<--     : ['<D119/>', '<U/>']
    --> : <Z />
<--     : ['<FURITEN show="1" />', '<e34/>', '<V/>']
    --> : <Z />
<--     : ['<f3/>', '<W/>']
    --> : <Z />
<--     : ['<g51/>', '<T93/>']
    --> : <D p="107"/>
    --> : <Z />
<--     : ['<FURITEN show="0" />', '<D107/>']
<--     : ['<U/>']
<--     : ['<e37/>', '<V/>']
    --> : <Z />
    --> : <Z />
<--     : ['<f18/>']
    --> : <Z />
<--     : ['<W/>']
<--     : ['<G105 t="4"/>']
    --> : <N />
<--     : ['<T116/>']
    --> : <Z />
    --> : <D p="116"/>
<--     : ['<D116/>', '<U/>']
    --> : <Z />
<--     : ['<E134/>', '<V/>']
<--     : ['<F69/>', '<W/>']
    --> : <Z />
<--     : ['<G106 t="4"/>']
    --> : <N />
<--     : ['<T112/>']
    --> : <Z />
    --> : <D p="112"/>
<--     : ['<D112/>', '<U/>']
<--     : ['<E121/>']
    --> : <Z />
<--     : ['<N who="3" m="46698" />']
<--     : ['<G89 t="4"/>']
    --> : <N />
<--     : ['<T127/>']
    --> : <Z />
    --> : <D p="127"/>
<--     : ['<D127/>', '<U/>']
    --> : <Z />
<--     : ['<E31/>', '<V/>']
    --> : <Z />
<--     : ['<f36/>', '<W/>']
    --> : <Z />
<--     : ['<g74/>', '<T20 t="16"/>']
    --> : <N type="7" />
<--     : ['<AGARI ba="0,0" hai="8,9,10,20,25,28,58,59,93,96,100" m="28703" machi="20" ten="30,12000,1" yaku="8,1,52,3,54,1" doraHai="6" who="0" fromWho="0" sc="225,120,281,-40,295,-40,199,-40" />']
    --> : <NEXTREADY />
    --> : <Z />
    --> : <Z />
<--     : ['<INIT seed="2,1,0,3,0,134" ten="345,241,255,159" oya="0" hai="107,100,6,91,36,78,97,76,71,59,96,32,84"/>', '<T99/>']
    --> : <Z />
    --> : <D p="71"/>
<--     : ['<D71/>', '<U/>']
    --> : <Z />
<--     : ['<E104/>', '<V/>']
<--     : ['<F113/>', '<W/>']
    --> : <Z />
<--     : ['<G105 t="4"/>']
    --> : <N />
<--     : ['<T119/>']
    --> : <Z />
    --> : <Z />
    --> : <D p="32"/>
<--     : ['<D32/>', '<U/>']
<--     : ['<E117/>', '<V/>']
    --> : <Z />
<--     : ['<F118/>', '<W/>']
<--     : ['<G116/>', '<T9/>']
    --> : <Z />
    --> : <D p="36"/>
<--     : ['<D36/>']
<--     : ['<U/>']
    --> : <Z />
<--     : ['<E128/>', '<V/>']
    --> : <Z />
<--     : ['<f5/>', '<W/>']
    --> : <Z />
<--     : ['<G112/>', '<T39/>']
    --> : <Z />
    --> : <D p="39"/>
<--     : ['<D39/>']
<--     : ['<U/>']
    --> : <Z />
<--     : ['<E62/>']
    --> : <Z />
<--     : ['<V/>']
    --> : <Z />
<--     : ['<f53/>', '<W/>']
<--     : ['<g110/>', '<T66/>']
    --> : <Z />
    --> : <D p="66"/>
<--     : ['<D66/>']
    --> : <Z />
<--     : ['<U/>']
<--     : ['<e121/>', '<V/>']
    --> : <Z />
<--     : ['<f68/>']
<--     : ['<W/>']
    --> : <Z />
<--     : ['<G42/>', '<T8/>']
    --> : <Z />
    --> : <D p="119"/>
<--     : ['<D119/>', '<U/>']
    --> : <Z />
<--     : ['<E11 t="1"/>']
    --> : <N />
<--     : ['<V/>']
    --> : <Z />
<--     : ['<f103/>', '<W/>']
<--     : ['<G37/>', '<T34/>']
    --> : <Z />
    --> : <D p="34"/>
<--     : ['<D34/>', '<U/>']
    --> : <Z />
<--     : ['<e111/>', '<V/>']
<--     : ['<f90/>', '<W/>']
    --> : <Z />
<--     : ['<G115/>', '<T101/>']
    --> : <Z />
    --> : <Z />
    --> : <D p="59"/>
<--     : ['<D59/>']
    --> : <Z />
<--     : ['<U/>']
<--     : ['<e109/>', '<V/>']
    --> : <Z />
<--     : ['<f122/>', '<W/>']
<--     : ['<G133/>', '<T123/>']
    --> : <Z />
    --> : <Z />
    --> : <D p="123"/>
<--     : ['<D123/>', '<U/>']
    --> : <Z />
    --> : <Z />
<--     : ['<E69/>', '<V/>']
    --> : <Z />
<--     : ['<f131/>', '<W/>']
    --> : <Z />
<--     : ['<G61/>', '<T21/>']
    --> : <Z />
    --> : <Z />
    --> : <D p="21"/>
<--     : ['<D21/>']
    --> : <Z />
<--     : ['<U/>']
    --> : <Z />
<--     : ['<E60/>']
<--     : ['<V/>']
    --> : <Z />
<--     : ['<f58/>', '<W/>']
    --> : <Z />
<--     : ['<g135/>', '<T75/>']
    --> : <Z />
    --> : <Z />
    --> : <Z />
    --> : <D p="75"/>
<--     : ['<D75/>', '<U/>']
    --> : <Z />
<--     : ['<e106/>', '<V/>']
    --> : <Z />
<--     : ['<f47/>', '<W/>']
    --> : <Z />
<--     : ['<G4/>', '<T72/>']
    --> : <Z />
    --> : <Z />
    --> : <Z />
    --> : <D p="72"/>
<--     : ['<D72/>', '<U/>']
    --> : <Z />
<--     : ['<e74/>']
    --> : <Z />
<--     : ['<V/>']
<--     : ['<f98 t="3"/>']
    --> : <N />
<--     : ['<W/>']
    --> : <Z />
    --> : <Z />
<--     : ['<REACH who="3" step="1"/>']
<--     : ['<G12 t="4"/>']
    --> : <Z />
    --> : <N />
<--     : ['<REACH who="3" ten="345,241,255,149" step="2"/>', '<T82/>']
    --> : <Z />
    --> : <D p="107"/>
<--     : ['<D107/>', '<U/>']
    --> : <Z />
<--     : ['<REACH who="1" step="1"/>']
<--     : ['<E52/>']
    --> : <Z />
<--     : ['<REACH who="1" ten="345,231,255,149" step="2"/>', '<V/>']
    --> : <Z />
<--     : ['<F55/>', '<W/>']
<--     : ['<g54/>', '<T70/>']
    --> : <Z />
    --> : <D p="70"/>
<--     : ['<D70/>', '<U/>']
<--     : ['<e114/>', '<V/>']
    --> : <Z />
<--     : ['<F40/>', '<W/>']
    --> : <Z />
<--     : ['<g38/>', '<T127/>']
    --> : <D p="9"/>
<--     : ['<D9/>', '<U/>']
<--     : ['<e20/>']
    --> : <Z />
<--     : ['<V/>']
    --> : <Z />
<--     : ['<F10/>', '<W/>']
    --> : <Z />
<--     : ['<g102 t="1"/>']
    --> : <N />
<--     : ['<T132/>']
    --> : <Z />
    --> : <D p="132"/>
<--     : ['<D132/>', '<U/>']
<--     : ['<e87/>']
    --> : <Z />
<--     : ['<V/>']
    --> : <Z />
    --> : <Z />
<--     : ['<F7/>', '<W/>']
<--     : ['<g80 t="4"/>']
    --> : <N />
<--     : ['<T120/>']
    --> : <Z />
    --> : <D p="120"/>
<--     : ['<D120/>', '<U/>']
<--     : ['<e27/>', '<V/>']
    --> : <Z />
<--     : ['<F83/>', '<W/>']
<--     : ['<g95 t="4"/>']
    --> : <N />
<--     : ['<T15/>']
    --> : <Z />
    --> : <D p="6"/>
<--     : ['<D6/>', '<U/>']
<--     : ['<e81/>', '<RYUUKYOKU ba="1,2" sc="345,-15,231,15,255,-15,149,15" hai1="2,3,41,43,44,45,49,51,65,93,94,124,126" hai3="0,1,22,23,29,30,48,50,64,67,79,85,86" />']
    --> : <NEXTREADY />
    --> : <Z />
    --> : <Z />
<--     : ['<INIT seed="3,2,2,3,0,129" ten="330,246,240,164" oya="1" hai="66,0,4,25,8,26,111,100,19,36,70,20,75"/>', '<U/>']
    --> : <Z />
<--     : ['<E114/>', '<V/>']
    --> : <Z />
    --> : <Z />
<--     : ['<F122/>', '<W/>']
    --> : <Z />
    --> : <Z />
<--     : ['<G1 t="4"/>']
    --> : <N />
<--     : ['<T120/>']
    --> : <D p="120"/>
<--     : ['<D120/>', '<U/>']
    --> : <Z />
<--     : ['<E117/>', '<V/>']
<--     : ['<F115/>', '<W/>']
    --> : <Z />
    --> : <Z />
<--     : ['<G112/>', '<T108/>']
    --> : <Z />
    --> : <D p="36"/>
<--     : ['<D36/>', '<U/>']
<--     : ['<E104/>', '<V/>']
    --> : <Z />
<--     : ['<F39/>', '<W/>']
    --> : <Z />
<--     : ['<G103/>', '<T116/>']
    --> : <Z />
    --> : <Z />
    --> : <D p="116"/>
<--     : ['<D116/>']
<--     : ['<N who="3" m="44585" />']
    --> : <Z />
<--     : ['<G68/>', '<T47/>']
    --> : <Z />
    --> : <Z />
    --> : <D p="75"/>
<--     : ['<D75/>', '<U/>']
<--     : ['<E38/>', '<V/>']
    --> : <Z />
<--     : ['<F64/>', '<W/>']
    --> : <Z />
    --> : <Z />
<--     : ['<G67/>', '<T74/>']
    --> : <Z />
    --> : <D p="74"/>
<--     : ['<D74/>', '<U/>']
    --> : <Z />
<--     : ['<E30/>', '<V/>']
    --> : <Z />
<--     : ['<F107/>', '<W/>']
    --> : <Z />
<--     : ['<g106/>', '<T63/>']
    --> : <Z />
    --> : <D p="100"/>
<--     : ['<D100/>']
<--     : ['<U/>']
    --> : <Z />
<--     : ['<E65/>', '<V/>']
    --> : <Z />
<--     : ['<f110 t="1"/>']
    --> : <N type="1" hai0="108" hai1="111" />
<--     : ['<N who="0" m="42026" />']
    --> : <D p="47"/>
    --> : <Z />
<--     : ['<D47/>']
<--     : ['<U/>']
    --> : <Z />
    --> : <Z />
<--     : ['<e45/>', '<V/>']
    --> : <Z />
<--     : ['<F73/>', '<W/>']
    --> : <Z />
    --> : <Z />
<--     : ['<G83/>', '<T3/>']
    --> : <D p="3"/>
<--     : ['<D3/>', '<U/>']
    --> : <Z />
<--     : ['<e31/>', '<V/>']
    --> : <Z />
<--     : ['<f61/>']
    --> : <Z />
<--     : ['<N who="3" m="36079" />']
    --> : <Z />
<--     : ['<G72/>', '<T11/>']
    --> : <Z />
    --> : <D p="11"/>
<--     : ['<D11/>', '<U/>']
    --> : <Z />
<--     : ['<REACH who="1" step="1"/>']
<--     : ['<E76/>', '<REACH who="1" ten="330,236,240,164" step="2"/>', '<V/>']
    --> : <Z />
<--     : ['<F77/>', '<W/>']
    --> : <Z />
<--     : ['<G124/>']
<--     : ['<PROF lobby="0" type="1" add="13.0,0,1,0,0,0,7,1,0,3,0"/>', '<AGARI ba="2,3" hai="12,13,48,54,56,79,81,85,89,94,96,124,126,127" machi="124" ten="40,7700,0" yaku="1,1,2,1,18,1,53,0" doraHai="129" doraHaiUra="102" who="1" fromWho="3" sc="330,0,236,113,240,0,164,-83" owari="330,13.0,349,45.0,240,-16.0,81,-42.0" />']
    --> : <NEXTREADY />
    --> : <BYE />
