    --> : <HELO name="ID696E3BCC-hLHNE8Wf" tid="f0" sx="M" />
<--     : ['<HELO uname="%74%73%74%5F%74%69%6F" auth="20200608-4e970468" PF4="9,0,946.83,-8136.0,44,68,136,200,28,2462,247,468,430,220" PF3="0,0,1470.07,-63.0,0,0,1,0,1,7,0,2,0,0" ratingscale="PF3=1.000000&PF4=1.000000&PF01C=0.582222&PF02C=0.501632&PF03C=0.414869&PF11C=0.823386&PF12C=0.709416&PF13C=0.586714&PF23C=0.378722&PF33C=0.535594&PF1C00=8.000000" rr="PF3=0,0&PF4=202857,0&PF01C=0,0&PF02C=0,0&PF03C=0,0&PF11C=0,0&PF12C=0,0&PF13C=0,0&PF23C=0,0&PF33C=0,0&PF1C00=0,0"/>']
    --> : <AUTH val="20200608-b889210a"/>
    --> : <PXR V="9" />
<--     : ['<LN n="CeY1COy1XO1NH" j="C1B3D1C3C12C3C1B4B8D4D12B4D9C2B4C1C1C1B1C2B" g="NI3I1Tc3k1CI4E4E4Sg3Q1GE12LY4Cg12CA4Q8b1GM2DY2DM2G1Bd1BO1V1BU2P"/>']
    --> : <Z />
    --> : <JOIN t="0,1" />
<--     : ['<GO type="1" lobby="0" gpid="05B6D67C-B1C5D183"/>', '<UN n0="%74%73%74%5F%74%69%6F" n1="%E3%83%A4%E3%83%90%E6%B2%A2" n2="%4E%6F%4E%61%6D%65" n3="%E3%83%8C%E3%83%9E%E3%83%83%E3%83%81%E3%81%95%E3%82%93" dan="9,11,0,11" rate="946.83,1643.32,1500.00,1653.52" sx="M,M,M,M"/>', '<TAIKYOKU oya="3" log="2020060822gm-0001-0000-0feab73f"/>']
    --> : <GOK /
    --> : <NEXTREADY />
    --> : <Z />
<--     : ['<INIT seed="0,0,0,2,5,35" ten="250,250,250,250" oya="3" hai="2,111,55,41,4,10,30,130,37,135,38,39,28"/>', '<W/>']
    --> : <Z />
    --> : <Z />
<--     : ['<G123/>', '<T40/>']
    --> : <D p="130"/>
<--     : ['<D130/>']
    --> : <Z />
<--     : ['<N who="2" m="49706" />']
    --> : <Z />
<--     : ['<F113/>', '<W/>']
<--     : ['<G117/>', '<T82/>']
    --> : <D p="135"/>
<--     : ['<D135/>', '<U/>']
    --> : <Z />
<--     : ['<E63/>', '<V/>']
    --> : <Z />
<--     : ['<F122/>', '<W/>']
    --> : <Z />
<--     : ['<G36 t="3"/>']
    --> : <N />
<--     : ['<T8/>']
    --> : <D p="111"/>
<--     : ['<D111/>']
    --> : <Z />
<--     : ['<N who="1" m="42539" />']
<--     : ['<E23/>', '<V/>']
    --> : <Z />
<--     : ['<F105/>', '<W/>']
    --> : <Z />
<--     : ['<G33/>', '<T56/>']
    --> : <D p="10"/>
<--     : ['<D10/>', '<U/>']
    --> : <Z />
<--     : ['<e132/>', '<V/>']
<--     : ['<f114/>', '<W/>']
    --> : <Z />
    --> : <Z />
<--     : ['<G125/>']
    --> : <Z />
<--     : ['<N who="1" m="48202" />']
<--     : ['<E11/>', '<V/>']
    --> : <Z />
<--     : ['<F101/>']
    --> : <Z />
<--     : ['<W/>']
<--     : ['<G7 t="4"/>']
    --> : <N />
<--     : ['<T118/>']
    --> : <D p="118"/>
<--     : ['<D118/>', '<U/>']
    --> : <Z />
<--     : ['<e34/>', '<V/>']
<--     : ['<f73/>']
    --> : <Z />
<--     : ['<W/>']
<--     : ['<G107/>', '<T103/>']
    --> : <D p="103"/>
    --> : <Z />
<--     : ['<D103/>', '<U/>']
<--     : ['<e129/>', '<V/>']
    --> : <Z />
    --> : <Z />
    --> : <Z />
<--     : ['<F20/>', '<W/>']
    --> : <Z />
<--     : ['<G64/>', '<T120/>']
    --> : <D p="120"/>
<--     : ['<D120/>', '<U/>']
    --> : <Z />
<--     : ['<e17/>']
<--     : ['<V/>']
    --> : <Z />
<--     : ['<F49/>']
    --> : <Z />
<--     : ['<W/>']
    --> : <Z />
<--     : ['<REACH who="3" step="1"/>']
<--     : ['<G80/>', '<REACH who="3" ten="250,250,250,240" step="2"/>', '<T14/>']
    --> : <D p="82"/>
<--     : ['<D82/>']
    --> : <Z />
<--     : ['<N who="1" m="47439" />']
    --> : <Z />
<--     : ['<E0/>', '<V/>']
<--     : ['<f69/>', '<W/>']
    --> : <Z />
<--     : ['<g32/>', '<T9/>']
    --> : <D p="2"/>
<--     : ['<D2/>', '<U/>']
    --> : <Z />
<--     : ['<e133/>']
<--     : ['<V/>']
    --> : <Z />
<--     : ['<F3/>', '<W/>']
<--     : ['<g126/>', '<T13/>']
    --> : <D p="39"/>
<--     : ['<D39/>', '<U/>']
    --> : <Z />
<--     : ['<e121/>', '<V/>']
    --> : <Z />
    --> : <Z />
    --> : <Z />
    --> : <Z />
<--     : ['<F24/>', '<W/>']
<--     : ['<g85/>', '<T18/>']
    --> : <D p="18"/>
<--     : ['<D18/>']
    --> : <Z />
<--     : ['<AGARI ba="0,1" hai="18,21,27,44,51,52,57,58,59,76,79,89,94,97" machi="18" ten="40,7700,0" yaku="1,1,8,1,54,1,53,0" doraHai="35" doraHaiUra="115" who="3" fromWho="0" sc="250,-77,250,0,250,0,240,87" />']
    --> : <NEXTREADY />
    --> : <Z />
    --> : <Z />
    --> : <Z />
<--     : ['<INIT seed="0,1,0,4,4,111" ten="173,250,250,327" oya="3" hai="118,10,114,18,127,97,130,105,96,11,108,30,22"/>', '<W/>']
    --> : <Z />
<--     : ['<G120/>', '<T27/>']
    --> : <D p="118"/>
<--     : ['<D118/>', '<U/>']
    --> : <Z />
    --> : <Z />
    --> : <Z />
<--     : ['<e107/>', '<V/>']
<--     : ['<F32/>', '<W/>']
    --> : <Z />
<--     : ['<g126/>', '<T4/>']
    --> : <D p="108"/>
<--     : ['<D108/>', '<U/>']
    --> : <Z />
<--     : ['<E0/>', '<V/>']
    --> : <Z />
<--     : ['<F72/>', '<W/>']
    --> : <Z />
<--     : ['<G102 t="4"/>']
    --> : <N />
<--     : ['<T122/>']
    --> : <D p="122"/>
<--     : ['<D122/>', '<U/>']
    --> : <Z />
<--     : ['<E119/>', '<V/>']
    --> : <Z />
    --> : <Z />
<--     : ['<F83/>']
<--     : ['<W/>']
    --> : <Z />
<--     : ['<G1 t="4"/>']
    --> : <N />
<--     : ['<T21/>']
    --> : <D p="127"/>
<--     : ['<D127/>', '<U/>']
    --> : <Z />
<--     : ['<e113/>', '<V/>']
    --> : <Z />
<--     : ['<f115/>', '<W/>']
    --> : <Z />
<--     : ['<G132/>', '<T57/>']
    --> : <D p="114"/>
<--     : ['<D114/>', '<U/>']
    --> : <Z />
    --> : <Z />
<--     : ['<E37/>']
    --> : <Z />
<--     : ['<V/>']
<--     : ['<f104/>', '<W/>']
    --> : <Z />
<--     : ['<g101 t="4"/>']
    --> : <N />
<--     : ['<T23/>']
    --> : <D p="130"/>
<--     : ['<D130/>', '<U/>']
    --> : <Z />
<--     : ['<E38/>']
<--     : ['<V/>']
    --> : <Z />
<--     : ['<f76/>']
    --> : <Z />
<--     : ['<W/>']
    --> : <Z />
<--     : ['<G62/>', '<T88/>']
    --> : <Z />
    --> : <D p="57"/>
<--     : ['<D57/>']
<--     : ['<U/>']
    --> : <Z />
<--     : ['<e8 t="1"/>']
    --> : <N />
<--     : ['<V/>']
    --> : <Z />
<--     : ['<F131/>', '<W/>']
<--     : ['<g121/>', '<T2/>']
    --> : <Z />
    --> : <D p="105"/>
<--     : ['<D105/>', '<U/>']
<--     : ['<E19/>']
    --> : <Z />
<--     : ['<V/>']
<--     : ['<f128/>', '<W/>']
    --> : <Z />
<--     : ['<g41/>']
    --> : <Z />
<--     : ['<T3/>']
    --> : <D p="88"/>
<--     : ['<D88/>', '<U/>']
    --> : <Z />
    --> : <Z />
<--     : ['<E73/>', '<V/>']
    --> : <Z />
<--     : ['<F43/>', '<W/>']
    --> : <Z />
<--     : ['<REACH who="3" step="1"/>']
    --> : <Z />
<--     : ['<G89/>', '<REACH who="3" ten="173,250,250,317" step="2"/>', '<T110/>']
    --> : <D p="110"/>
<--     : ['<D110/>']
<--     : ['<U/>']
    --> : <Z />
    --> : <Z />
<--     : ['<E63/>']
    --> : <Z />
<--     : ['<V/>']
    --> : <Z />
    --> : <Z />
<--     : ['<F42/>', '<W/>']
<--     : ['<g94/>']
    --> : <Z />
<--     : ['<T98 t="32"/>']
    --> : <D p="3"/>
<--     : ['<D3/>', '<U/>']
<--     : ['<E95/>']
    --> : <Z />
<--     : ['<V/>']
    --> : <Z />
    --> : <Z />
<--     : ['<F36/>', '<W/>']
<--     : ['<g51/>', '<T64 t="32"/>']
    --> : <Z />
    --> : <D p="64"/>
<--     : ['<D64/>']
<--     : ['<U/>']
    --> : <Z />
<--     : ['<E93/>']
<--     : ['<V/>']
    --> : <Z />
<--     : ['<F65/>', '<W/>']
<--     : ['<g6 t="4"/>']
    --> : <N />
<--     : ['<T87 t="32"/>']
    --> : <Z />
    --> : <D p="87"/>
<--     : ['<D87/>']
<--     : ['<U/>']
    --> : <Z />
<--     : ['<E66/>', '<V/>']
<--     : ['<F129/>', '<W/>']
    --> : <Z />
<--     : ['<g5 t="4"/>']
    --> : <N />
<--     : ['<T15 t="48"/>']
    --> : <N type="7" />
<--     : ['<AGARI ba="1,1" hai="2,4,10,11,15,18,21,22,23,27,30,96,97,98" machi="15" ten="30,1100,0" yaku="0,1" doraHai="111" who="0" fromWho="0" sc="173,24,250,-4,250,-4,317,-6" />']
    --> : <NEXTREADY />
    --> : <Z />
    --> : <Z />
<--     : ['<INIT seed="1,0,0,2,4,12" ten="197,246,246,311" oya="0" hai="77,14,83,40,90,96,63,6,26,128,4,24,91"/>', '<T11/>']
    --> : <D p="128"/>
<--     : ['<D128/>', '<U/>']
    --> : <Z />
    --> : <Z />
<--     : ['<E2/>', '<V/>']
    --> : <Z />
<--     : ['<F122/>']
<--     : ['<W/>']
    --> : <Z />
<--     : ['<G130/>', '<T66/>']
    --> : <D p="6"/>
<--     : ['<D6/>', '<U/>']
    --> : <Z />
<--     : ['<e43/>', '<V/>']
    --> : <Z />
<--     : ['<f114/>', '<W/>']
    --> : <Z />
<--     : ['<G127/>', '<T38/>']
    --> : <D p="96"/>
<--     : ['<D96/>']
<--     : ['<U/>']
    --> : <Z />
<--     : ['<E135/>', '<V/>']
    --> : <Z />
<--     : ['<f108/>', '<W/>']
    --> : <Z />
<--     : ['<G67/>', '<T126/>']
    --> : <D p="126"/>
<--     : ['<D126/>', '<U/>']
    --> : <Z />
<--     : ['<E113/>', '<V/>']
    --> : <Z />
<--     : ['<f111/>', '<W/>']
    --> : <Z />
    --> : <Z />
<--     : ['<G99/>', '<T84/>']
    --> : <D p="38"/>
<--     : ['<D38/>', '<U/>']
    --> : <Z />
<--     : ['<e35/>', '<V/>']
    --> : <Z />
<--     : ['<F134/>', '<W/>']
    --> : <Z />
<--     : ['<G33/>', '<T125/>']
    --> : <D p="125"/>
<--     : ['<D125/>', '<U/>']
    --> : <Z />
<--     : ['<e121/>']
    --> : <Z />
<--     : ['<N who="3" m="46666" />']
<--     : ['<G42/>', '<T25 t="32"/>']
    --> : <REACH hai="40"/>
    --> : <D p="40"/>
<--     : ['<REACH who="0" step="1"/>']
<--     : ['<D40/>', '<REACH who="0" ten="187,246,246,311" step="2"/>', '<U/>']
    --> : <Z />
    --> : <Z />
<--     : ['<E116/>', '<V/>']
    --> : <Z />
    --> : <Z />
<--     : ['<F110/>', '<W/>']
    --> : <Z />
<--     : ['<g7/>', '<T131/>']
    --> : <D p="131"/>
<--     : ['<D131/>', '<U/>']
    --> : <Z />
<--     : ['<E119/>', '<V/>']
<--     : ['<F109/>', '<W/>']
    --> : <Z />
<--     : ['<g133/>', '<T68 t="16"/>']
    --> : <N type="7" />
<--     : ['<AGARI ba="0,1" hai="4,11,14,24,25,26,63,66,68,77,83,84,90,91" machi="68" ten="30,6000,0" yaku="1,1,0,1,53,1" doraHai="12" doraHaiUra="3" who="0" fromWho="0" sc="187,70,246,-20,246,-20,311,-20" />']
    --> : <NEXTREADY />
    --> : <Z />
    --> : <Z />
    --> : <Z />
<--     : ['<INIT seed="1,1,0,2,2,52" ten="257,226,226,291" oya="0" hai="120,133,113,125,39,72,63,73,88,107,122,4,123"/>', '<T71/>']
    --> : <D p="113"/>
<--     : ['<D113/>']
    --> : <Z />
    --> : <Z />
<--     : ['<N who="2" m="43594" />']
    --> : <Z />
<--     : ['<F18/>']
    --> : <Z />
<--     : ['<W/>']
<--     : ['<G129/>', '<T116/>']
    --> : <D p="116"/>
<--     : ['<D116/>']
    --> : <Z />
<--     : ['<N who="2" m="44650" />']
    --> : <Z />
<--     : ['<F27/>']
    --> : <Z />
<--     : ['<W/>']
    --> : <Z />
<--     : ['<g2/>', '<T46/>']
    --> : <D p="107"/>
<--     : ['<D107/>', '<U/>']
    --> : <Z />
<--     : ['<E134/>', '<V/>']
    --> : <Z />
<--     : ['<f26/>']
<--     : ['<W/>']
    --> : <Z />
<--     : ['<G132/>', '<T9/>']
    --> : <D p="133"/>
<--     : ['<D133/>', '<U/>']
    --> : <Z />
<--     : ['<E119/>', '<V/>']
    --> : <Z />
<--     : ['<F104/>']
    --> : <Z />
<--     : ['<W/>']
<--     : ['<G14 t="4"/>']
    --> : <N />
<--     : ['<T91/>']
    --> : <D p="125"/>
<--     : ['<D125/>', '<U/>']
    --> : <Z />
    --> : <Z />
<--     : ['<E36/>', '<V/>']
<--     : ['<f19/>']
    --> : <Z />
<--     : ['<W/>']
    --> : <Z />
<--     : ['<G49/>', '<T121/>']
    --> : <N type="4" hai="123"/>
<--     : ['<N who="0" m="31488" />', '<DORA hai="31" />', '<T89/>']
    --> : <D p="39"/>
<--     : ['<D39/>', '<U/>']
    --> : <Z />
<--     : ['<E12/>', '<V/>']
    --> : <Z />
<--     : ['<F103/>', '<W/>']
    --> : <Z />
<--     : ['<g70/>', '<T98/>']
    --> : <D p="46"/>
<--     : ['<D46/>', '<U/>']
    --> : <Z />
<--     : ['<E42/>', '<V/>']
    --> : <Z />
<--     : ['<F22/>']
<--     : ['<W/>']
    --> : <Z />
<--     : ['<g78/>', '<T30/>']
    --> : <D p="30"/>
<--     : ['<D30/>', '<U/>']
    --> : <Z />
<--     : ['<E8/>', '<V/>']
    --> : <Z />
<--     : ['<F94/>']
<--     : ['<W/>']
    --> : <Z />
<--     : ['<G53/>', '<T111/>']
    --> : <D p="111"/>
<--     : ['<D111/>', '<U/>']
    --> : <Z />
<--     : ['<e44/>']
    --> : <Z />
<--     : ['<N who="2" m="23599" />']
<--     : ['<F7/>', '<W/>']
    --> : <Z />
<--     : ['<g97/>', '<T108/>']
    --> : <D p="108"/>
<--     : ['<D108/>', '<U/>']
    --> : <Z />
<--     : ['<E81/>', '<V/>']
    --> : <Z />
<--     : ['<f5/>', '<W/>']
    --> : <Z />
<--     : ['<g0 t="4"/>']
    --> : <N />
<--     : ['<T92/>']
    --> : <D p="4"/>
<--     : ['<D4/>', '<U/>']
    --> : <Z />
    --> : <Z />
<--     : ['<E82/>', '<V/>']
    --> : <Z />
<--     : ['<f109/>', '<W/>']
    --> : <Z />
<--     : ['<G87 t="4"/>']
    --> : <N />
<--     : ['<T40/>']
    --> : <D p="40"/>
<--     : ['<D40/>', '<U/>']
    --> : <Z />
<--     : ['<E77/>']
    --> : <Z />
<--     : ['<V/>']
<--     : ['<f135/>', '<W/>']
    --> : <Z />
<--     : ['<G50/>', '<T3/>']
    --> : <D p="3"/>
<--     : ['<D3/>', '<U/>']
    --> : <Z />
<--     : ['<E106/>', '<V/>']
    --> : <Z />
<--     : ['<F66/>']
<--     : ['<W/>']
<--     : ['<G84 t="4"/>']
    --> : <N />
<--     : ['<T13/>']
    --> : <D p="9"/>
<--     : ['<D9/>', '<U/>']
    --> : <Z />
<--     : ['<E124/>', '<V/>']
    --> : <Z />
<--     : ['<f64/>']
<--     : ['<W/>']
    --> : <Z />
<--     : ['<G75 t="1"/>']
    --> : <N />
<--     : ['<T105/>']
    --> : <D p="105"/>
<--     : ['<D105/>']
<--     : ['<AGARI ba="1,0" hai="15,16,21,32,35,47,51,54,60,67,68,96,102,105" machi="105" ten="30,7700,0" yaku="7,1,52,2,54,1" doraHai="52,31" who="3" fromWho="0" sc="257,-80,226,0,226,0,291,80" />']
    --> : <NEXTREADY />
    --> : <Z />
    --> : <Z />
    --> : <Z />
    --> : <Z />
    --> : <Z />
<--     : ['<INIT seed="2,0,0,5,5,72" ten="177,226,226,371" oya="1" hai="66,2,47,15,33,106,11,102,70,113,80,53,35"/>', '<U/>']
    --> : <Z />
    --> : <Z />
    --> : <Z />
<--     : ['<E112/>', '<V/>']
<--     : ['<F114/>', '<W/>']
    --> : <Z />
<--     : ['<G123/>', '<T51/>']
    --> : <D p="2"/>
<--     : ['<D2/>', '<U/>']
    --> : <Z />
<--     : ['<e124/>']
    --> : <Z />
<--     : ['<V/>']
<--     : ['<f1/>', '<W/>']
    --> : <Z />
<--     : ['<G10/>', '<T41/>']
    --> : <D p="113"/>
<--     : ['<D113/>', '<U/>']
    --> : <Z />
<--     : ['<E131/>', '<V/>']
    --> : <Z />
<--     : ['<F34 t="1"/>']
    --> : <N />
<--     : ['<W/>']
    --> : <Z />
<--     : ['<g19 t="4"/>']
    --> : <N />
<--     : ['<T9/>']
    --> : <D p="41"/>
<--     : ['<D41/>', '<U/>']
    --> : <Z />
<--     : ['<E38/>']
    --> : <Z />
<--     : ['<V/>']
<--     : ['<F135/>', '<W/>']
    --> : <Z />
    --> : <Z />
<--     : ['<G32 t="1"/>']
    --> : <N />
<--     : ['<T119/>']
    --> : <D p="119"/>
<--     : ['<D119/>', '<U/>']
    --> : <Z />
<--     : ['<e29/>']
    --> : <Z />
<--     : ['<V/>']
<--     : ['<f127/>']
    --> : <Z />
<--     : ['<W/>']
<--     : ['<g55 t="4"/>']
    --> : <N />
<--     : ['<T60/>']
    --> : <D p="80"/>
<--     : ['<D80/>', '<U/>']
    --> : <Z />
<--     : ['<E109/>', '<V/>']
    --> : <Z />
<--     : ['<f121/>', '<W/>']
    --> : <Z />
<--     : ['<g88/>', '<T116/>']
    --> : <D p="116"/>
<--     : ['<D116/>', '<U/>']
    --> : <Z />
<--     : ['<e43/>', '<V/>']
    --> : <Z />
    --> : <Z />
    --> : <Z />
<--     : ['<F95/>']
<--     : ['<W/>']
    --> : <Z />
<--     : ['<g100/>']
<--     : ['<T20/>']
    --> : <D p="20"/>
<--     : ['<D20/>', '<U/>']
    --> : <Z />
<--     : ['<e120/>', '<V/>']
    --> : <Z />
<--     : ['<F74/>', '<W/>']
    --> : <Z />
    --> : <Z />
<--     : ['<g36/>', '<T133/>']
    --> : <D p="133"/>
<--     : ['<D133/>', '<U/>']
    --> : <Z />
    --> : <Z />
    --> : <Z />
<--     : ['<E59/>']
<--     : ['<V/>']
    --> : <Z />
<--     : ['<F73/>', '<W/>']
<--     : ['<g31/>', '<T86/>']
    --> : <D p="11"/>
<--     : ['<D11/>']
    --> : <Z />
    --> : <Z />
<--     : ['<U/>']
<--     : ['<E105/>']
    --> : <Z />
<--     : ['<V/>']
<--     : ['<f132/>', '<W/>']
    --> : <Z />
<--     : ['<g28/>', '<T118/>']
    --> : <D p="118"/>
<--     : ['<D118/>', '<U/>']
    --> : <Z />
<--     : ['<e17/>']
    --> : <Z />
<--     : ['<V/>']
    --> : <Z />
    --> : <Z />
<--     : ['<f26/>', '<W/>']
    --> : <Z />
<--     : ['<g134/>', '<T5 t="32"/>']
    --> : <D p="35"/>
<--     : ['<D35/>', '<U/>']
    --> : <Z />
    --> : <Z />
<--     : ['<e42/>', '<V/>']
    --> : <Z />
<--     : ['<f128/>']
<--     : ['<AGARI ba="0,0" hai="37,39,44,45,97,98,101,103,104,107,125,126,128,129" machi="128" ten="25,1600,0" yaku="22,2" doraHai="72" who="3" fromWho="2" sc="177,0,226,0,226,-16,371,16" />']
    --> : <NEXTREADY />
    --> : <Z />
    --> : <Z />
<--     : ['<INIT seed="3,0,0,2,4,107" ten="177,226,210,387" oya="2" hai="91,71,43,24,26,40,102,121,87,115,32,69,116"/>', '<V/>']
    --> : <Z />
    --> : <Z />
<--     : ['<F114/>', '<W/>']
    --> : <Z />
    --> : <Z />
<--     : ['<g110/>', '<T42/>']
    --> : <D p="115"/>
<--     : ['<D115/>', '<U/>']
    --> : <Z />
<--     : ['<E37/>', '<V/>']
<--     : ['<F106/>', '<W/>']
    --> : <Z />
<--     : ['<g92 t="4"/>']
    --> : <N />
    --> : <Z />
<--     : ['<T84/>']
    --> : <D p="32"/>
<--     : ['<D32/>']
<--     : ['<U/>']
    --> : <Z />
<--     : ['<E59/>', '<V/>']
    --> : <Z />
<--     : ['<f120/>', '<W/>']
    --> : <Z />
<--     : ['<g35/>', '<T83/>']
    --> : <D p="121"/>
<--     : ['<D121/>', '<U/>']
    --> : <Z />
<--     : ['<E79/>']
<--     : ['<V/>']
    --> : <Z />
<--     : ['<F124/>', '<W/>']
    --> : <Z />
<--     : ['<G6/>', '<T38/>']
    --> : <D p="116"/>
<--     : ['<D116/>', '<U/>']
    --> : <Z />
<--     : ['<E5/>']
    --> : <Z />
<--     : ['<V/>']
<--     : ['<f10/>', '<W/>']
    --> : <Z />
    --> : <Z />
<--     : ['<G132/>']
<--     : ['<N who="2" m="50793" />']
    --> : <Z />
<--     : ['<F90/>', '<W/>']
    --> : <Z />
<--     : ['<g126/>', '<T31/>']
    --> : <Z />
    --> : <D p="38"/>
<--     : ['<D38/>', '<U/>']
    --> : <Z />
<--     : ['<e62/>']
<--     : ['<N who="2" m="38351" />']
    --> : <Z />
<--     : ['<F48/>', '<W/>']
    --> : <Z />
    --> : <Z />
<--     : ['<G19/>', '<T60/>']
    --> : <Z />
    --> : <D p="102"/>
<--     : ['<D102/>', '<U/>']
    --> : <Z />
<--     : ['<e135/>', '<V/>']
    --> : <Z />
<--     : ['<f41 t="3"/>']
    --> : <N />
    --> : <Z />
<--     : ['<W/>']
<--     : ['<g4/>', '<T53/>']
    --> : <D p="31"/>
<--     : ['<D31/>']
    --> : <Z />
<--     : ['<U/>']
    --> : <Z />
    --> : <Z />
    --> : <Z />
    --> : <Z />
<--     : ['<E97/>', '<V/>']
    --> : <Z />
<--     : ['<F108/>', '<W/>']
    --> : <Z />
<--     : ['<g0/>']
    --> : <Z />
<--     : ['<AGARI ba="0,0" hai="0,2,7,11,13,73,77,81" m="38351,50793" machi="0" ten="30,2900,0" yaku="20,1,52,1" doraHai="107" who="2" fromWho="3" sc="177,0,226,0,210,29,387,-29" />']
    --> : <NEXTREADY />
    --> : <Z />
<--     : ['<INIT seed="3,1,0,3,2,105" ten="177,226,239,358" oya="2" hai="106,107,44,52,59,130,64,34,56,26,132,97,1"/>', '<V/>']
    --> : <Z />
    --> : <Z />
<--     : ['<F119/>', '<W/>']
    --> : <Z />
<--     : ['<G128/>', '<T58/>']
    --> : <D p="130"/>
<--     : ['<D130/>', '<U/>']
    --> : <Z />
<--     : ['<E116/>', '<V/>']
    --> : <Z />
<--     : ['<f118/>', '<W/>']
    --> : <Z />
<--     : ['<G109/>']
<--     : ['<N who="1" m="41482" />']
    --> : <Z />
<--     : ['<E47/>']
<--     : ['<V/>']
    --> : <Z />
<--     : ['<F108/>', '<W/>']
<--     : ['<G3/>', '<T5/>']
    --> : <D p="132"/>
<--     : ['<D132/>', '<U/>']
    --> : <Z />
<--     : ['<e78/>', '<V/>']
    --> : <Z />
<--     : ['<F123/>', '<W/>']
    --> : <Z />
    --> : <Z />
<--     : ['<G4/>', '<T100/>']
    --> : <D p="64"/>
<--     : ['<D64/>']
    --> : <Z />
<--     : ['<U/>']
    --> : <Z />
<--     : ['<e93/>', '<V/>']
<--     : ['<f2/>', '<W/>']
    --> : <Z />
    --> : <Z />
<--     : ['<G87/>', '<T54/>']
    --> : <D p="107"/>
<--     : ['<D107/>', '<U/>']
    --> : <Z />
<--     : ['<e120/>', '<V/>']
    --> : <Z />
<--     : ['<f126/>', '<W/>']
    --> : <Z />
<--     : ['<G62 t="4"/>']
    --> : <N />
<--     : ['<T25/>']
    --> : <D p="34"/>
<--     : ['<D34/>']
    --> : <Z />
<--     : ['<U/>']
<--     : ['<e129/>', '<V/>']
    --> : <Z />
    --> : <Z />
<--     : ['<F94/>', '<W/>']
    --> : <Z />
    --> : <Z />
<--     : ['<G61 t="4"/>']
    --> : <N />
<--     : ['<T99/>']
    --> : <D p="99"/>
<--     : ['<D99/>', '<U/>']
    --> : <Z />
<--     : ['<e49/>']
<--     : ['<V/>']
<--     : ['<f102/>', '<W/>']
    --> : <Z />
    --> : <Z />
<--     : ['<g115/>', '<T125/>']
    --> : <D p="125"/>
<--     : ['<D125/>', '<U/>']
    --> : <Z />
<--     : ['<E23/>']
    --> : <Z />
<--     : ['<V/>']
<--     : ['<f124/>', '<W/>']
    --> : <Z />
<--     : ['<g41/>', '<T68/>']
    --> : <D p="68"/>
<--     : ['<D68/>']
    --> : <Z />
<--     : ['<U/>']
<--     : ['<e53 t="1"/>']
    --> : <N />
    --> : <Z />
<--     : ['<V/>']
    --> : <Z />
    --> : <Z />
    --> : <Z />
    --> : <Z />
<--     : ['<F21/>']
<--     : ['<W/>']
    --> : <Z />
    --> : <Z />
<--     : ['<G7/>', '<T10 t="32"/>']
    --> : <D p="44"/>
<--     : ['<D44/>', '<U/>']
    --> : <Z />
<--     : ['<e0/>', '<V/>']
    --> : <Z />
    --> : <Z />
    --> : <Z />
<--     : ['<f9/>', '<W/>']
    --> : <Z />
    --> : <Z />
<--     : ['<G77/>', '<T6 t="32"/>']
    --> : <D p="1"/>
<--     : ['<D1/>', '<U/>']
    --> : <Z />
<--     : ['<E28/>', '<V/>']
    --> : <Z />
<--     : ['<f11/>', '<W/>']
    --> : <Z />
<--     : ['<g104 t="4"/>']
    --> : <N />
<--     : ['<T65/>']
    --> : <D p="65"/>
<--     : ['<D65/>']
    --> : <Z />
<--     : ['<U/>']
<--     : ['<e29/>', '<V/>']
    --> : <Z />
<--     : ['<f113/>', '<W/>']
    --> : <Z />
<--     : ['<g134/>', '<T114/>']
    --> : <D p="114"/>
<--     : ['<D114/>', '<U/>']
    --> : <Z />
<--     : ['<e57 t="3"/>']
    --> : <Z />
    --> : <N />
<--     : ['<V/>']
<--     : ['<f122/>', '<W/>']
    --> : <Z />
    --> : <Z />
    --> : <Z />
<--     : ['<G121/>', '<T133/>']
    --> : <D p="133"/>
<--     : ['<D133/>', '<U/>']
    --> : <Z />
<--     : ['<E37/>']
<--     : ['<V/>']
    --> : <Z />
    --> : <Z />
<--     : ['<f80/>']
    --> : <Z />
<--     : ['<W/>']
    --> : <Z />
<--     : ['<g117/>', '<T96/>']
    --> : <D p="106"/>
<--     : ['<D106/>']
    --> : <Z />
<--     : ['<U/>']
<--     : ['<e66/>']
    --> : <Z />
<--     : ['<N who="2" m="41311" />']
<--     : ['<F39/>', '<W/>']
    --> : <Z />
<--     : ['<g131/>', '<T86/>']
    --> : <D p="59"/>
<--     : ['<D59/>']
    --> : <Z />
<--     : ['<U/>']
<--     : ['<e71/>', '<V/>']
    --> : <Z />
    --> : <Z />
    --> : <Z />
<--     : ['<F42/>', '<W/>']
    --> : <Z />
    --> : <Z />
<--     : ['<G8/>', '<T95/>']
    --> : <D p="10"/>
<--     : ['<D10/>', '<U/>']
    --> : <Z />
<--     : ['<e135/>', '<V/>']
<--     : ['<f127/>', '<W/>']
    --> : <Z />
    --> : <Z />
<--     : ['<G13/>']
    --> : <Z />
    --> : <Z />
    --> : <Z />
<--     : ['<N who="2" m="3329" />', '<V/>']
<--     : ['<AGARI ba="1,0" hai="16,19,43,45,51,75,79,82" m="3329,41311" machi="43" ten="30,6000,0" yaku="4,1,52,1,54,1" doraHai="105" who="2" fromWho="2" sc="177,-21,226,-21,239,63,358,-21" />']
    --> : <Z />
    --> : <NEXTREADY />
    --> : <Z />
<--     : ['<INIT seed="3,2,0,0,2,123" ten="156,205,302,337" oya="2" hai="134,2,63,5,12,70,17,53,94,56,135,117,122"/>', '<V/>']
    --> : <Z />
    --> : <Z />
<--     : ['<F68/>', '<W/>']
    --> : <Z />
<--     : ['<G106/>', '<T95/>']
    --> : <D p="70"/>
<--     : ['<D70/>', '<U/>']
    --> : <Z />
<--     : ['<e115/>', '<V/>']
    --> : <Z />
<--     : ['<f105/>', '<W/>']
<--     : ['<G101/>']
    --> : <Z />
<--     : ['<T41/>']
    --> : <D p="117"/>
    --> : <Z />
<--     : ['<D117/>', '<U/>']
<--     : ['<e112/>', '<V/>']
    --> : <Z />
<--     : ['<f114/>', '<W/>']
<--     : ['<G84/>', '<T10/>']
    --> : <D p="122"/>
<--     : ['<D122/>', '<U/>']
    --> : <Z />
    --> : <Z />
<--     : ['<E11/>', '<V/>']
<--     : ['<f125/>', '<W/>']
    --> : <Z />
<--     : ['<g77/>', '<T113/>']
    --> : <D p="113"/>
<--     : ['<D113/>', '<U/>']
    --> : <Z />
<--     : ['<e23/>', '<V/>']
    --> : <Z />
<--     : ['<F34/>']
    --> : <Z />
<--     : ['<N who="3" m="20799" />']
<--     : ['<G48 t="4"/>']
    --> : <N />
    --> : <Z />
<--     : ['<N who="1" m="18538" />']
    --> : <Z />
<--     : ['<E76/>']
<--     : ['<V/>']
    --> : <Z />
<--     : ['<f67/>', '<W/>']
    --> : <Z />
<--     : ['<G38/>', '<T61/>']
    --> : <D p="41"/>
<--     : ['<D41/>']
    --> : <Z />
<--     : ['<U/>']
    --> : <Z />
<--     : ['<e120/>', '<V/>']
<--     : ['<F55/>', '<W/>']
    --> : <Z />
<--     : ['<g89/>', '<T59/>']
    --> : <D p="135"/>
<--     : ['<D135/>', '<U/>']
    --> : <Z />
<--     : ['<e128/>', '<V/>']
<--     : ['<F131/>', '<W/>']
    --> : <Z />
<--     : ['<G37/>', '<T52 t="32"/>']
    --> : <REACH hai="134"/>
    --> : <D p="134"/>
<--     : ['<REACH who="0" step="1"/>']
<--     : ['<D134/>', '<REACH who="0" ten="146,205,302,337" step="2"/>', '<U/>']
    --> : <Z />
<--     : ['<e98/>', '<V/>']
    --> : <Z />
<--     : ['<f110/>']
    --> : <Z />
<--     : ['<N who="1" m="42601" />']
<--     : ['<E97/>', '<V/>']
<--     : ['<f69/>', '<W/>']
    --> : <Z />
<--     : ['<G132/>', '<T16/>']
    --> : <D p="16"/>
<--     : ['<D16/>', '<U/>']
    --> : <Z />
    --> : <Z />
    --> : <Z />
    --> : <Z />
<--     : ['<e57/>', '<V/>']
    --> : <Z />
    --> : <Z />
<--     : ['<f19/>']
    --> : <Z />
<--     : ['<W/>']
<--     : ['<G129/>', '<T66/>']
    --> : <D p="66"/>
<--     : ['<D66/>', '<U/>']
    --> : <Z />
<--     : ['<e4/>']
<--     : ['<V/>']
    --> : <Z />
    --> : <Z />
    --> : <Z />
    --> : <Z />
<--     : ['<F40/>', '<W/>']
    --> : <Z />
    --> : <Z />
<--     : ['<G127/>', '<T81/>']
    --> : <D p="81"/>
<--     : ['<D81/>']
<--     : ['<U/>']
    --> : <Z />
<--     : ['<e3/>']
<--     : ['<V/>']
    --> : <Z />
<--     : ['<f107/>', '<W/>']
    --> : <Z />
<--     : ['<G1/>', '<T21 t="16"/>']
    --> : <N type="7" />
<--     : ['<PROF lobby="0" type="1" add="-16.0,0,0,1,0,0,8,3,2,0,2"/>', '<AGARI ba="2,1" hai="2,5,10,12,17,21,52,53,56,59,61,63,94,95" machi="21" ten="20,8000,1" yaku="1,1,0,1,7,1,9,1,54,1,53,0" doraHai="123" doraHaiUra="75" who="0" fromWho="0" sc="146,96,205,-22,302,-42,337,-22" owari="242,-16.0,183,-32.0,260,6.0,315,42.0" />']
    --> : <NEXTREADY />
    --> : <BYE />
