    --> : <HELO name="ID696E3BCC-hLHNE8Wf" tid="f0" sx="M" />
<--     : ['<HELO uname="%74%73%74%5F%74%69%6F" auth="20200608-6c0e05e1" PF4="9,40,951.80,-8022.0,44,67,136,197,28,2441,246,462,426,216" PF3="0,0,1470.07,-63.0,0,0,1,0,1,7,0,2,0,0" ratingscale="PF3=1.000000&PF4=1.000000&PF01C=0.582222&PF02C=0.501632&PF03C=0.414869&PF11C=0.823386&PF12C=0.709416&PF13C=0.586714&PF23C=0.378722&PF33C=0.535594&PF1C00=8.000000" rr="PF3=0,0&PF4=202665,0&PF01C=0,0&PF02C=0,0&PF03C=0,0&PF11C=0,0&PF12C=0,0&PF13C=0,0&PF23C=0,0&PF33C=0,0&PF1C00=0,0"/>']
    --> : <AUTH val="20200608-9a102083"/>
    --> : <PXR V="9" />
<--     : ['<LN n="BeU1Bbr1TW1GH" j="C1B2C1B1C2C1B4B8D1B3B4B8B4B12B13B2C2C2B1C1B2B2B" g="IY1E2Q1MY3g1Bk4E8LU3Q1EI12GU4Bs12BA4I8P1EI2CK2CK2J1V1q1P1t2G"/>']
    --> : <Z />
    --> : <JOIN t="0,1" />
    --> : <Z />
    --> : <Z />
<--     : ['<LN n="Bej1BcK1Th1GO" j="D1C2C1D1C2C1D4B9B3C4B8C4B12C15C2B2B1C1B1C1C2B" g="Ic1E2Q1MY3g1Bk4E8Lc3Q1EE12GY4Bs12w4I8P1EL2CH2CN2J1V1q1P1t2D"/>']
    --> : <PXR V="9" />
<--     : ['<REJOIN t="0,1,r"/>']
    --> : <JOIN t="0,1, r" />
<--     : ['<GO type="1" lobby="0" gpid="62B878BD-287C24B0"/>', '<UN n0="%74%73%74%5F%74%69%6F" n1="%4E%6F%4E%61%6D%65" n2="%E3%82%B9%E3%83%86%34" n3="%4E%4F%41%50%31%4E" dan="9,0,11,8" rate="951.80,1500.00,1711.92,1539.79" sx="M,M,M,M"/>', '<TAIKYOKU oya="1" log="2020060819gm-0001-0000-d5ce0c7f"/>']
    --> : <GOK /
    --> : <NEXTREADY />
    --> : <Z />
    --> : <Z />
    --> : <Z />
<--     : ['<INIT seed="0,0,0,3,3,65" ten="250,250,250,250" oya="1" hai="112,25,8,134,21,81,135,87,58,31,38,118,52"/>', '<U/>']
    --> : <Z />
<--     : ['<E104/>', '<V/>']
    --> : <Z />
    --> : <Z />
<--     : ['<F49/>', '<W/>']
    --> : <Z />
<--     : ['<G74/>', '<T125/>']
    --> : <D p="112"/>
<--     : ['<D112/>', '<U/>']
    --> : <Z />
<--     : ['<e75/>', '<V/>']
    --> : <Z />
<--     : ['<F122/>', '<W/>']
    --> : <Z />
<--     : ['<G6/>', '<T85/>']
    --> : <D p="118"/>
<--     : ['<D118/>', '<U/>']
<--     : ['<E126/>', '<V/>']
    --> : <Z />
    --> : <Z />
<--     : ['<F7/>', '<W/>']
    --> : <Z />
    --> : <Z />
<--     : ['<G50 t="4"/>']
    --> : <N />
<--     : ['<T11/>']
    --> : <D p="38"/>
<--     : ['<D38/>', '<U/>']
    --> : <Z />
<--     : ['<e105/>', '<V/>']
    --> : <Z />
<--     : ['<f36/>', '<W/>']
<--     : ['<g117/>', '<T60/>']
    --> : <D p="125"/>
<--     : ['<D125/>', '<U/>']
    --> : <Z />
<--     : ['<E100/>']
    --> : <Z />
<--     : ['<V/>']
    --> : <Z />
<--     : ['<f41/>', '<W/>']
    --> : <Z />
    --> : <Z />
    --> : <Z />
<--     : ['<G14/>', '<T130/>']
    --> : <D p="130"/>
<--     : ['<D130/>', '<U/>']
    --> : <Z />
<--     : ['<E129/>', '<V/>']
    --> : <Z />
    --> : <Z />
<--     : ['<F113/>', '<W/>']
    --> : <Z />
<--     : ['<G19 t="4"/>']
    --> : <N />
<--     : ['<T13/>']
    --> : <D p="11"/>
<--     : ['<D11/>']
<--     : ['<U/>']
    --> : <Z />
    --> : <Z />
<--     : ['<E133 t="1"/>']
    --> : <N type="1" hai0="134" hai1="135" />
<--     : ['<N who="0" m="50697" />']
    --> : <D p="81"/>
<--     : ['<D81/>']
<--     : ['<U/>']
    --> : <Z />
    --> : <Z />
<--     : ['<E55/>', '<V/>']
    --> : <Z />
<--     : ['<f115/>', '<W/>']
    --> : <Z />
    --> : <Z />
    --> : <Z />
<--     : ['<G128/>', '<T34/>']
    --> : <D p="34"/>
<--     : ['<D34/>', '<U/>']
    --> : <Z />
<--     : ['<N who="1" m="0" />', '<DORA hai="48" />', '<U/>']
    --> : <Z />
<--     : ['<E32/>', '<V/>']
    --> : <Z />
<--     : ['<REACH who="2" step="1"/>']
    --> : <Z />
<--     : ['<F91/>']
<--     : ['<REACH who="2" ten="250,250,240,250" step="2"/>', '<W/>']
    --> : <Z />
    --> : <Z />
<--     : ['<g46/>', '<T120/>']
    --> : <D p="120"/>
<--     : ['<D120/>', '<U/>']
    --> : <Z />
<--     : ['<e51/>', '<V/>']
<--     : ['<f92/>']
    --> : <Z />
<--     : ['<W/>']
    --> : <Z />
    --> : <Z />
<--     : ['<G107/>', '<T109/>']
    --> : <D p="109"/>
<--     : ['<D109/>', '<U/>']
    --> : <Z />
    --> : <Z />
<--     : ['<E72/>', '<V/>']
<--     : ['<f73/>', '<W/>']
    --> : <Z />
    --> : <Z />
<--     : ['<g80/>', '<T42/>']
    --> : <D p="42"/>
<--     : ['<D42/>']
    --> : <Z />
<--     : ['<U/>']
<--     : ['<e40/>', '<V/>']
    --> : <Z />
<--     : ['<f27/>']
<--     : ['<W/>']
    --> : <Z />
<--     : ['<g44/>', '<T116/>']
    --> : <D p="116"/>
<--     : ['<D116/>', '<U/>']
    --> : <Z />
<--     : ['<e39/>', '<V/>']
    --> : <Z />
<--     : ['<N who="2" m="19456" />', '<DORA hai="54" />', '<V/>']
<--     : ['<f45/>', '<W/>']
    --> : <Z />
    --> : <Z />
    --> : <Z />
<--     : ['<g33 t="4"/>']
    --> : <N />
<--     : ['<T9/>']
    --> : <D p="13"/>
<--     : ['<FURITEN show="1" />', '<D13/>', '<U/>']
    --> : <Z />
    --> : <Z />
<--     : ['<E90/>', '<V/>']
<--     : ['<f110/>', '<W/>']
    --> : <Z />
<--     : ['<g37/>', '<T20/>']
    --> : <D p="21"/>
<--     : ['<D21/>', '<U/>']
    --> : <Z />
<--     : ['<e95/>', '<V/>']
<--     : ['<f121/>', '<W/>']
    --> : <Z />
<--     : ['<g108/>', '<T12/>']
    --> : <D p="12"/>
<--     : ['<D12/>', '<U/>']
    --> : <Z />
<--     : ['<E93/>', '<V/>']
<--     : ['<f10 t="1"/>']
    --> : <N type="1" hai0="8" hai1="9" />
    --> : <Z />
<--     : ['<N who="0" m="4202" />']
    --> : <D p="31"/>
<--     : ['<D31/>']
<--     : ['<U/>']
    --> : <Z />
    --> : <Z />
    --> : <Z />
<--     : ['<e111/>', '<V/>']
<--     : ['<f106/>', '<W/>']
    --> : <Z />
    --> : <Z />
<--     : ['<g114/>', '<T22/>']
    --> : <D p="25"/>
<--     : ['<D25/>', '<U/>']
    --> : <Z />
<--     : ['<E4/>', '<V/>']
<--     : ['<f101/>']
    --> : <Z />
<--     : ['<W/>']
    --> : <Z />
<--     : ['<g47/>', '<T26/>']
    --> : <D p="26"/>
<--     : ['<D26/>', '<U/>']
    --> : <Z />
<--     : ['<E5/>', '<RYUUKYOKU ba="0,1" sc="250,15,250,-15,240,15,250,-15" hai2="15,17,23,63,66,82,84,88,102,103" />']
    --> : <NEXTREADY />
    --> : <Z />
    --> : <Z />
<--     : ['<INIT seed="1,1,1,3,0,88" ten="265,235,255,235" oya="2" hai="8,129,99,85,40,9,91,77,118,135,127,113,5"/>', '<V/>']
    --> : <Z />
    --> : <Z />
<--     : ['<F128/>', '<W/>']
    --> : <Z />
    --> : <Z />
<--     : ['<G116/>', '<T73/>']
    --> : <D p="113"/>
<--     : ['<D113/>']
    --> : <Z />
<--     : ['<U/>']
<--     : ['<E110/>', '<V/>']
    --> : <Z />
<--     : ['<f120/>', '<W/>']
    --> : <Z />
    --> : <Z />
<--     : ['<G66/>', '<T74/>']
    --> : <D p="118"/>
<--     : ['<D118/>', '<U/>']
    --> : <Z />
    --> : <Z />
<--     : ['<E130/>', '<V/>']
    --> : <Z />
<--     : ['<F6/>']
<--     : ['<W/>']
    --> : <Z />
    --> : <Z />
    --> : <Z />
<--     : ['<G0 t="4"/>']
    --> : <N />
<--     : ['<T24/>']
    --> : <D p="129"/>
<--     : ['<D129/>', '<U/>']
    --> : <Z />
<--     : ['<E132/>', '<V/>']
    --> : <Z />
    --> : <Z />
<--     : ['<F87/>']
<--     : ['<W/>']
    --> : <Z />
    --> : <Z />
<--     : ['<G10 t="1"/>']
    --> : <N />
<--     : ['<T83/>']
    --> : <D p="135"/>
<--     : ['<D135/>', '<U/>']
    --> : <Z />
    --> : <Z />
<--     : ['<E11 t="1"/>']
    --> : <N />
<--     : ['<V/>']
<--     : ['<f109/>', '<W/>']
    --> : <Z />
<--     : ['<G89 t="4"/>']
    --> : <N />
<--     : ['<T61/>']
    --> : <D p="127"/>
<--     : ['<D127/>', '<U/>']
    --> : <Z />
<--     : ['<N who="1" m="9216" />', '<DORA hai="41" />', '<U/>']
    --> : <Z />
<--     : ['<e2/>', '<V/>']
    --> : <Z />
<--     : ['<f108/>', '<W/>']
    --> : <Z />
<--     : ['<REACH who="3" step="1"/>']
<--     : ['<G58/>', '<REACH who="3" ten="265,235,255,225" step="2"/>', '<T134/>']
    --> : <D p="134"/>
<--     : ['<D134/>', '<U/>']
    --> : <Z />
<--     : ['<E90/>', '<V/>']
    --> : <Z />
<--     : ['<REACH who="2" step="1"/>']
<--     : ['<F59/>', '<REACH who="2" ten="265,235,245,225" step="2"/>', '<W/>']
    --> : <Z />
<--     : ['<g43/>']
<--     : ['<AGARI ba="1,3" hai="13,17,19,20,22,26,43,45,51,92,94,95,112,114" machi="43" ten="40,18000,2" yaku="1,1,2,1,52,4,53,0" doraHai="88,41" doraHaiUra="70,75" who="2" fromWho="3" sc="265,0,235,0,245,213,225,-183" />']
    --> : <NEXTREADY />
    --> : <Z />
    --> : <Z />
    --> : <Z />
<--     : ['<INIT seed="1,2,0,5,1,68" ten="265,235,458,42" oya="2" hai="39,53,18,83,102,22,85,36,84,90,93,38,64"/>', '<V/>']
    --> : <Z />
    --> : <Z />
    --> : <Z />
<--     : ['<F69/>', '<W/>']
<--     : ['<G70/>', '<T108/>']
    --> : <D p="108"/>
<--     : ['<D108/>', '<U/>']
    --> : <Z />
<--     : ['<E119/>', '<V/>']
    --> : <Z />
<--     : ['<F126/>', '<W/>']
    --> : <Z />
<--     : ['<G123/>', '<T4/>']
    --> : <D p="4"/>
<--     : ['<D4/>', '<U/>']
    --> : <Z />
<--     : ['<E28/>', '<V/>']
    --> : <Z />
<--     : ['<F111/>', '<W/>']
    --> : <Z />
<--     : ['<G110/>', '<T112/>']
    --> : <Z />
    --> : <D p="112"/>
<--     : ['<D112/>', '<U/>']
    --> : <Z />
<--     : ['<E81/>', '<V/>']
    --> : <Z />
    --> : <Z />
<--     : ['<f62/>', '<W/>']
    --> : <Z />
    --> : <Z />
<--     : ['<G76 t="4"/>']
    --> : <N />
<--     : ['<T97/>']
    --> : <D p="85"/>
<--     : ['<D85/>', '<U/>']
    --> : <Z />
<--     : ['<e134/>', '<V/>']
    --> : <Z />
<--     : ['<f0/>', '<W/>']
    --> : <Z />
<--     : ['<G72/>']
<--     : ['<T27 t="32"/>']
    --> : <REACH hai="53"/>
    --> : <D p="53"/>
<--     : ['<REACH who="0" step="1"/>']
<--     : ['<D53/>']
    --> : <Z />
<--     : ['<REACH who="0" ten="255,235,458,42" step="2"/>', '<U/>']
    --> : <Z />
<--     : ['<e125/>', '<V/>']
    --> : <Z />
<--     : ['<F132/>', '<W/>']
    --> : <Z />
    --> : <Z />
<--     : ['<G41/>', '<T58/>']
    --> : <D p="58"/>
<--     : ['<D58/>', '<U/>']
    --> : <Z />
<--     : ['<E55/>']
<--     : ['<V/>']
    --> : <Z />
    --> : <Z />
<--     : ['<F42/>', '<W/>']
<--     : ['<G43/>', '<T101/>']
    --> : <D p="101"/>
<--     : ['<D101/>', '<U/>']
    --> : <Z />
<--     : ['<E45/>', '<V/>']
    --> : <Z />
    --> : <Z />
<--     : ['<F74/>', '<W/>']
    --> : <Z />
<--     : ['<g127/>', '<T121/>']
    --> : <D p="121"/>
<--     : ['<D121/>', '<U/>']
    --> : <Z />
    --> : <Z />
<--     : ['<E114/>', '<V/>']
    --> : <Z />
    --> : <Z />
    --> : <Z />
<--     : ['<F73/>', '<W/>']
    --> : <Z />
<--     : ['<g17/>', '<T23/>']
    --> : <D p="23"/>
<--     : ['<D23/>', '<U/>']
    --> : <Z />
    --> : <Z />
<--     : ['<e107/>']
    --> : <Z />
<--     : ['<V/>']
    --> : <Z />
    --> : <Z />
<--     : ['<F130/>']
    --> : <Z />
<--     : ['<W/>']
<--     : ['<g71/>', '<T8/>']
    --> : <Z />
    --> : <D p="8"/>
<--     : ['<D8/>']
<--     : ['<U/>']
    --> : <Z />
<--     : ['<e116/>', '<V/>']
    --> : <Z />
<--     : ['<F9/>']
<--     : ['<W/>']
    --> : <Z />
<--     : ['<G104/>', '<T120/>']
    --> : <D p="120"/>
<--     : ['<D120/>', '<U/>']
    --> : <Z />
<--     : ['<e20/>']
    --> : <Z />
<--     : ['<V/>']
<--     : ['<F35/>', '<W/>']
    --> : <Z />
<--     : ['<g100/>', '<T6/>']
    --> : <D p="6"/>
<--     : ['<D6/>']
    --> : <Z />
<--     : ['<U/>']
<--     : ['<e75/>', '<V/>']
    --> : <Z />
<--     : ['<F118/>', '<W/>']
    --> : <Z />
<--     : ['<g133/>', '<T47/>']
    --> : <D p="47"/>
<--     : ['<D47/>', '<U/>']
    --> : <Z />
    --> : <Z />
<--     : ['<E98/>']
    --> : <Z />
<--     : ['<V/>']
    --> : <Z />
<--     : ['<f44/>']
<--     : ['<W/>']
    --> : <Z />
    --> : <Z />
<--     : ['<G106/>', '<T31/>']
    --> : <D p="31"/>
<--     : ['<D31/>', '<U/>']
    --> : <Z />
<--     : ['<e124/>', '<V/>']
    --> : <Z />
<--     : ['<F103/>', '<W/>']
<--     : ['<G105/>', '<T19/>']
    --> : <D p="19"/>
    --> : <Z />
<--     : ['<D19/>', '<U/>']
    --> : <Z />
    --> : <Z />
<--     : ['<E30/>']
<--     : ['<V/>']
    --> : <Z />
<--     : ['<F115/>', '<W/>']
    --> : <Z />
<--     : ['<g82/>', '<T34/>']
    --> : <D p="34"/>
<--     : ['<D34/>', '<U/>']
    --> : <Z />
<--     : ['<e113/>', '<V/>']
    --> : <Z />
<--     : ['<F5/>', '<W/>']
    --> : <Z />
    --> : <Z />
<--     : ['<REACH who="3" step="1"/>']
<--     : ['<G79/>', '<REACH who="3" ten="255,235,458,32" step="2"/>', '<T91/>']
    --> : <D p="91"/>
<--     : ['<D91/>', '<U/>']
    --> : <Z />
<--     : ['<E89/>']
    --> : <Z />
    --> : <Z />
<--     : ['<N who="2" m="55791" />']
<--     : ['<F77/>', '<W/>']
    --> : <Z />
<--     : ['<AGARI ba="2,2" hai="12,13,15,16,21,25,48,49,50,51,54,57,92,94" machi="21" ten="40,8000,1" yaku="1,1,0,1,8,1,54,1,53,0" doraHai="68" doraHaiUra="63" who="3" fromWho="3" sc="255,-22,235,-22,458,-42,32,106" />']
    --> : <NEXTREADY />
    --> : <Z />
    --> : <Z />
<--     : ['<INIT seed="2,0,0,0,3,68" ten="233,213,416,138" oya="3" hai="48,131,127,135,77,3,121,53,105,129,55,108,110"/>', '<W/>']
    --> : <Z />
    --> : <Z />
    --> : <Z />
<--     : ['<g117/>']
<--     : ['<T96/>']
    --> : <D p="3"/>
<--     : ['<D3/>', '<U/>']
    --> : <Z />
<--     : ['<E33/>', '<V/>']
    --> : <Z />
<--     : ['<F133/>', '<W/>']
    --> : <Z />
    --> : <Z />
    --> : <Z />
<--     : ['<G1/>', '<T32/>']
    --> : <D p="32"/>
<--     : ['<D32/>', '<U/>']
    --> : <Z />
<--     : ['<E122/>', '<V/>']
    --> : <Z />
<--     : ['<F130 t="1"/>']
    --> : <N type="1" hai0="129" hai1="131" />
<--     : ['<N who="0" m="49674" />']
    --> : <D p="135"/>
<--     : ['<D135/>', '<U/>']
    --> : <Z />
<--     : ['<e76/>']
    --> : <Z />
<--     : ['<V/>']
    --> : <Z />
<--     : ['<F97/>']
    --> : <Z />
<--     : ['<W/>']
<--     : ['<G109 t="1"/>']
    --> : <N type="1" hai0="108" hai1="110" />
<--     : ['<N who="0" m="42091" />']
    --> : <D p="121"/>
    --> : <Z />
<--     : ['<D121/>', '<U/>']
<--     : ['<E78/>']
    --> : <Z />
<--     : ['<V/>']
    --> : <Z />
<--     : ['<F64/>', '<W/>']
    --> : <Z />
    --> : <Z />
    --> : <Z />
    --> : <Z />
<--     : ['<G45 t="4"/>']
    --> : <N type="3" hai0="48" hai1="55" />
<--     : ['<N who="0" m="28047" />']
    --> : <D p="77"/>
<--     : ['<D77/>', '<U/>']
    --> : <Z />
<--     : ['<e30/>', '<V/>']
    --> : <Z />
<--     : ['<f61/>']
    --> : <Z />
<--     : ['<W/>']
<--     : ['<G4/>']
<--     : ['<T74/>']
    --> : <D p="74"/>
<--     : ['<D74/>']
    --> : <Z />
<--     : ['<U/>']
    --> : <Z />
<--     : ['<E21/>', '<V/>']
    --> : <Z />
    --> : <Z />
    --> : <Z />
    --> : <Z />
<--     : ['<F23/>', '<W/>']
<--     : ['<G9/>']
    --> : <Z />
    --> : <Z />
<--     : ['<T120/>']
    --> : <D p="105"/>
<--     : ['<D105/>', '<U/>']
    --> : <Z />
<--     : ['<E100/>', '<V/>']
    --> : <Z />
<--     : ['<f134/>', '<W/>']
    --> : <Z />
<--     : ['<G111/>', '<T41/>']
    --> : <D p="120"/>
<--     : ['<D120/>', '<U/>']
    --> : <Z />
<--     : ['<e114/>', '<V/>']
<--     : ['<f112/>', '<W/>']
    --> : <Z />
    --> : <Z />
    --> : <Z />
    --> : <Z />
    --> : <Z />
<--     : ['<G89/>']
<--     : ['<T18/>']
    --> : <D p="96"/>
<--     : ['<D96/>']
    --> : <Z />
<--     : ['<U/>']
    --> : <Z />
<--     : ['<E119/>', '<V/>']
    --> : <Z />
<--     : ['<F0/>', '<W/>']
    --> : <Z />
<--     : ['<g115/>', '<T26/>']
    --> : <D p="26"/>
<--     : ['<D26/>', '<U/>']
    --> : <Z />
<--     : ['<e6/>']
    --> : <Z />
<--     : ['<V/>']
    --> : <Z />
<--     : ['<F10/>', '<W/>']
    --> : <Z />
    --> : <Z />
<--     : ['<G81/>']
<--     : ['<T20/>']
    --> : <D p="20"/>
<--     : ['<D20/>', '<U/>']
    --> : <Z />
    --> : <Z />
<--     : ['<E118/>', '<V/>']
    --> : <Z />
<--     : ['<F22/>', '<W/>']
    --> : <Z />
<--     : ['<g12/>']
    --> : <Z />
<--     : ['<T2/>']
    --> : <D p="2"/>
<--     : ['<D2/>', '<U/>']
    --> : <Z />
    --> : <Z />
<--     : ['<e29/>', '<V/>']
    --> : <Z />
    --> : <Z />
    --> : <Z />
<--     : ['<F84/>', '<W/>']
    --> : <Z />
<--     : ['<G83/>']
<--     : ['<T17/>']
    --> : <D p="18"/>
<--     : ['<D18/>', '<U/>']
    --> : <Z />
    --> : <Z />
<--     : ['<E93/>', '<V/>']
    --> : <Z />
<--     : ['<f128/>', '<W/>']
    --> : <Z />
    --> : <Z />
    --> : <Z />
<--     : ['<G124/>', '<T59/>']
    --> : <D p="17"/>
<--     : ['<D17/>', '<U/>']
    --> : <Z />
<--     : ['<e31/>', '<V/>']
    --> : <Z />
    --> : <Z />
<--     : ['<F16/>', '<W/>']
    --> : <Z />
    --> : <Z />
<--     : ['<G99/>', '<T104/>']
    --> : <D p="104"/>
<--     : ['<D104/>', '<U/>']
    --> : <Z />
<--     : ['<e101/>', '<V/>']
    --> : <Z />
<--     : ['<F35/>', '<W/>']
<--     : ['<g34/>', '<T125/>']
    --> : <D p="53"/>
<--     : ['<D53/>', '<U/>']
    --> : <Z />
    --> : <Z />
<--     : ['<e27/>', '<V/>']
    --> : <Z />
<--     : ['<f25/>', '<W/>']
    --> : <Z />
<--     : ['<G103/>', '<T87/>']
    --> : <D p="87"/>
<--     : ['<D87/>']
<--     : ['<U/>']
    --> : <Z />
    --> : <Z />
<--     : ['<E39/>']
    --> : <Z />
<--     : ['<N who="3" m="14922" />']
<--     : ['<G106/>', '<T98/>']
    --> : <D p="98"/>
<--     : ['<D98/>']
    --> : <Z />
<--     : ['<U/>']
    --> : <Z />
    --> : <Z />
<--     : ['<E95/>', '<V/>']
    --> : <Z />
<--     : ['<f102/>', '<W/>']
    --> : <Z />
<--     : ['<G19/>', '<T62/>']
    --> : <D p="41"/>
<--     : ['<FURITEN show="1" />', '<D41/>']
    --> : <Z />
<--     : ['<U/>']
<--     : ['<E40/>', '<V/>']
    --> : <Z />
    --> : <Z />
<--     : ['<f113/>', '<RYUUKYOKU ba="0,0" sc="233,15,213,-15,416,15,138,-15" hai2="5,7,8,11,13,14,49,50,56,69,71,80,82" />']
    --> : <NEXTREADY />
    --> : <Z />
    --> : <Z />
<--     : ['<INIT seed="3,1,0,2,3,47" ten="248,198,431,123" oya="0" hai="128,25,75,24,131,20,10,19,92,36,84,7,1"/>', '<T121/>']
    --> : <D p="75"/>
<--     : ['<D75/>', '<U/>']
    --> : <Z />
    --> : <Z />
<--     : ['<E117/>', '<V/>']
    --> : <Z />
<--     : ['<F39/>', '<W/>']
    --> : <Z />
    --> : <Z />
<--     : ['<G4 t="4"/>']
    --> : <N />
<--     : ['<T57/>']
    --> : <D p="36"/>
<--     : ['<D36/>', '<U/>']
    --> : <Z />
<--     : ['<E68/>', '<V/>']
    --> : <Z />
    --> : <Z />
    --> : <Z />
    --> : <Z />
<--     : ['<F5/>', '<W/>']
    --> : <Z />
    --> : <Z />
    --> : <Z />
<--     : ['<G119/>', '<T71/>']
    --> : <D p="71"/>
<--     : ['<D71/>', '<U/>']
    --> : <Z />
    --> : <Z />
<--     : ['<E74/>']
<--     : ['<V/>']
    --> : <Z />
<--     : ['<F66/>', '<W/>']
    --> : <Z />
    --> : <Z />
    --> : <Z />
    --> : <Z />
<--     : ['<G87/>']
<--     : ['<T62/>']
    --> : <D p="62"/>
<--     : ['<D62/>']
    --> : <Z />
<--     : ['<U/>']
<--     : ['<E0/>', '<V/>']
    --> : <Z />
    --> : <Z />
    --> : <Z />
<--     : ['<F116/>', '<W/>']
<--     : ['<g64/>', '<T81/>']
    --> : <Z />
    --> : <D p="92"/>
<--     : ['<D92/>']
<--     : ['<U/>']
    --> : <Z />
<--     : ['<E6/>', '<V/>']
    --> : <Z />
<--     : ['<f38/>', '<W/>']
    --> : <Z />
    --> : <Z />
<--     : ['<G93/>', '<T118/>']
    --> : <D p="118"/>
<--     : ['<D118/>', '<U/>']
    --> : <Z />
<--     : ['<E112/>', '<V/>']
    --> : <Z />
<--     : ['<f42/>', '<W/>']
    --> : <Z />
    --> : <Z />
    --> : <Z />
<--     : ['<G99/>', '<T120/>']
    --> : <D p="57"/>
<--     : ['<D57/>']
<--     : ['<U/>']
    --> : <Z />
<--     : ['<e73/>']
    --> : <Z />
<--     : ['<V/>']
    --> : <Z />
<--     : ['<F8/>', '<W/>']
    --> : <Z />
    --> : <Z />
<--     : ['<G103/>', '<T113/>']
    --> : <D p="81"/>
<--     : ['<D81/>', '<U/>']
    --> : <Z />
<--     : ['<E26 t="1"/>']
    --> : <N type="1" hai0="24" hai1="25" />
<--     : ['<N who="0" m="10345" />']
    --> : <D p="113"/>
    --> : <Z />
<--     : ['<D113/>', '<U/>']
<--     : ['<e89/>']
    --> : <Z />
    --> : <Z />
<--     : ['<N who="2" m="53679" />']
    --> : <Z />
<--     : ['<F32/>']
    --> : <Z />
<--     : ['<N who="3" m="12331" />']
<--     : ['<G29/>']
    --> : <Z />
<--     : ['<N who="2" m="11337" />']
<--     : ['<F129 t="1"/>']
    --> : <N type="1" hai0="128" hai1="131" />
<--     : ['<N who="0" m="49738" />']
    --> : <D p="84"/>
<--     : ['<D84/>', '<U/>']
    --> : <Z />
    --> : <Z />
<--     : ['<E37/>', '<V/>']
<--     : ['<f125/>', '<W/>']
    --> : <Z />
<--     : ['<G127/>', '<T111/>']
    --> : <D p="111"/>
<--     : ['<D111/>']
    --> : <Z />
<--     : ['<N who="3" m="42569" />']
<--     : ['<G3 t="4"/>']
    --> : <N />
<--     : ['<T27 t="16"/>']
    --> : <N type="7" />
<--     : ['<AGARI ba="1,0" hai="1,7,10,19,20,27,120,121" m="49738,10345" machi="27" ten="30,6000,0" yaku="19,1,34,2" doraHai="47" who="0" fromWho="0" sc="248,63,198,-21,431,-21,123,-21" />']
    --> : <NEXTREADY />
    --> : <Z />
    --> : <Z />
<--     : ['<INIT seed="3,2,0,3,2,82" ten="311,177,410,102" oya="0" hai="74,76,115,26,40,32,39,54,52,129,1,72,116"/>', '<T47/>']
    --> : <D p="115"/>
<--     : ['<D115/>']
    --> : <Z />
    --> : <Z />
<--     : ['<N who="1" m="44107" />']
<--     : ['<E35/>', '<V/>']
    --> : <Z />
    --> : <Z />
<--     : ['<F106/>', '<W/>']
    --> : <Z />
<--     : ['<G3/>', '<T70/>']
    --> : <D p="116"/>
<--     : ['<D116/>', '<U/>']
    --> : <Z />
<--     : ['<e119/>', '<V/>']
    --> : <Z />
<--     : ['<F28/>', '<W/>']
    --> : <Z />
<--     : ['<G114/>', '<T5/>']
    --> : <D p="129"/>
<--     : ['<D129/>', '<U/>']
    --> : <Z />
<--     : ['<E102/>', '<V/>']
    --> : <Z />
<--     : ['<f104/>', '<W/>']
    --> : <Z />
    --> : <Z />
<--     : ['<G125/>', '<T97/>']
    --> : <D p="70"/>
<--     : ['<D70/>', '<U/>']
    --> : <Z />
<--     : ['<E127/>', '<V/>']
    --> : <Z />
<--     : ['<F60/>']
    --> : <Z />
<--     : ['<W/>']
    --> : <Z />
<--     : ['<g117/>', '<T62/>']
    --> : <D p="97"/>
<--     : ['<D97/>', '<U/>']
    --> : <Z />
<--     : ['<e118/>', '<V/>']
<--     : ['<f25/>', '<W/>']
    --> : <Z />
    --> : <Z />
<--     : ['<g100/>', '<T86/>']
    --> : <D p="86"/>
<--     : ['<D86/>', '<U/>']
    --> : <Z />
<--     : ['<E93/>']
<--     : ['<V/>']
    --> : <Z />
<--     : ['<F11/>', '<W/>']
    --> : <Z />
<--     : ['<G95/>', '<T38/>']
    --> : <D p="39"/>
<--     : ['<D39/>', '<U/>']
    --> : <Z />
<--     : ['<E27/>', '<V/>']
    --> : <Z />
<--     : ['<f111/>', '<W/>']
<--     : ['<G20/>', '<T107/>']
    --> : <D p="107"/>
<--     : ['<D107/>', '<U/>']
    --> : <Z />
    --> : <Z />
<--     : ['<E109/>', '<V/>']
<--     : ['<f29/>', '<W/>']
    --> : <Z />
<--     : ['<G126/>', '<T22/>']
    --> : <D p="32"/>
<--     : ['<D32/>', '<U/>']
    --> : <Z />
<--     : ['<e101/>']
<--     : ['<V/>']
    --> : <Z />
<--     : ['<f43/>']
<--     : ['<W/>']
<--     : ['<G33/>', '<T105/>']
    --> : <Z />
    --> : <D p="105"/>
<--     : ['<D105/>', '<U/>']
<--     : ['<e131/>', '<V/>']
    --> : <Z />
<--     : ['<f120/>']
<--     : ['<W/>']
    --> : <Z />
<--     : ['<G108/>', '<T4/>']
    --> : <D p="1"/>
<--     : ['<D1/>', '<U/>']
    --> : <Z />
<--     : ['<E56/>']
<--     : ['<V/>']
    --> : <Z />
<--     : ['<F135/>', '<W/>']
    --> : <Z />
<--     : ['<g128/>', '<T7/>']
    --> : <D p="62"/>
<--     : ['<D62/>']
    --> : <Z />
<--     : ['<U/>']
    --> : <Z />
<--     : ['<e37/>', '<V/>']
<--     : ['<f9/>', '<W/>']
    --> : <Z />
<--     : ['<g96/>', '<T31 t="32"/>']
    --> : <REACH hai="74"/>
    --> : <D p="74"/>
<--     : ['<REACH who="0" step="1"/>']
<--     : ['<D74/>', '<REACH who="0" ten="301,177,410,102" step="2"/>', '<U/>']
    --> : <Z />
    --> : <Z />
<--     : ['<e84/>']
    --> : <Z />
<--     : ['<N who="2" m="48247" />']
<--     : ['<F132/>', '<W/>']
    --> : <Z />
<--     : ['<G75/>', '<T45/>']
    --> : <D p="45"/>
<--     : ['<D45/>']
<--     : ['<PROF lobby="0" type="1" add="2.0,0,1,0,0,0,6,1,1,3,2"/>', '<AGARI ba="2,1" hai="10,15,16,45,48,50,51,55,88,94,98" m="48247" machi="45" ten="30,7700,0" yaku="8,1,52,1,54,2" doraHai="82" who="2" fromWho="0" sc="301,-83,177,0,410,93,102,0" owari="218,2.0,177,-22.0,503,60.0,102,-40.0" />']
    --> : <NEXTREADY />
    --> : <BYE />
