    --> : <HELO name="ID696E3BCC-hLHNE8Wf" tid="f0" sx="M" />
<--     : ['<HELO uname="%74%73%74%5F%74%69%6F" auth="20200608-141d1549" PF4="9,0,934.18,-8121.0,42,67,136,197,28,2431,243,461,421,213" PF3="0,0,1470.07,-63.0,0,0,1,0,1,7,0,2,0,0" ratingscale="PF3=1.000000&PF4=1.000000&PF01C=0.582222&PF02C=0.501632&PF03C=0.414869&PF11C=0.823386&PF12C=0.709416&PF13C=0.586714&PF23C=0.378722&PF33C=0.535594&PF1C00=8.000000" rr="PF3=0,0&PF4=202639,0&PF01C=0,0&PF02C=0,0&PF03C=0,0&PF11C=0,0&PF12C=0,0&PF13C=0,0&PF23C=0,0&PF33C=0,0&PF1C00=0,0"/>']
    --> : <AUTH val="20200608-e203302b"/>
    --> : <PXR V="9" />
<--     : ['<LN n="BXq1BWM1RD1It" j="1B3B3C1B4B9B2B1C12B1B3B16B8C1C1B1B2C2B1B2B3B" g="Iw3I1Kg3k1BY4M8LA3U1Do12GU4Bc12w4E8J1EC2CQ2Bg2J1q1n1M1q2G"/>']
    --> : <Z />
    --> : <JOIN t="0,1" />
    --> : <Z />
    --> : <Z />
<--     : ['<LN n="BXw1BWT1RJ1Il" j="C1B3B3C1C4B9B2B13C1B3B16B8B1B6B1B2B1B2B" g="Io3E1Kk3k1BY4M8Kw3U1Ds12GQ4Bg12w4E8M1EC2CT2Bj2J1q1n1M1q2G"/>']
    --> : <PXR V="9" />
    --> : <Z />
    --> : <Z />
<--     : ['<REJOIN t="0,1,r"/>']
    --> : <JOIN t="0,1, r" />
<--     : ['<GO type="1" lobby="0" gpid="6EBAF132-4F17E578"/>', '<UN n0="%74%73%74%5F%74%69%6F" n1="%E9%9B%80%E9%AC%BC%EF%BC%AD" n2="%E3%81%BE%E3%81%A4%E3%81%9F%E3%81%91%E5%80%B6%E6%A5%BD%E9%83%A8%38" n3="%6B%79%61%6E%61%73%61%6E" dan="9,11,11,9" rate="934.18,1719.25,1677.55,1577.83" sx="M,M,M,M"/>', '<TAIKYOKU oya="0" log="2020060818gm-0001-0000-99aa3be7"/>']
    --> : <GOK /
    --> : <NEXTREADY />
    --> : <Z />
    --> : <Z />
    --> : <Z />
    --> : <Z />
<--     : ['<INIT seed="0,0,0,4,0,133" ten="250,250,250,250" oya="0" hai="100,65,28,69,104,56,60,26,71,21,30,52,77"/>', '<T131/>']
    --> : <D p="131"/>
<--     : ['<D131/>', '<U/>']
    --> : <Z />
    --> : <Z />
<--     : ['<E45/>']
    --> : <Z />
<--     : ['<V/>']
<--     : ['<F123/>', '<W/>']
    --> : <Z />
<--     : ['<G115/>', '<T70/>']
    --> : <D p="77"/>
<--     : ['<D77/>', '<U/>']
    --> : <Z />
<--     : ['<E79/>', '<V/>']
    --> : <Z />
<--     : ['<f122/>', '<W/>']
    --> : <Z />
    --> : <Z />
<--     : ['<G47/>', '<T86/>']
    --> : <Z />
    --> : <D p="86"/>
<--     : ['<D86/>', '<U/>']
<--     : ['<E67/>', '<V/>']
    --> : <Z />
<--     : ['<F111/>']
    --> : <Z />
<--     : ['<N who="1" m="42505" />']
<--     : ['<E97/>']
    --> : <Z />
<--     : ['<V/>']
<--     : ['<F116/>', '<W/>']
    --> : <Z />
    --> : <Z />
<--     : ['<G50 t="4"/>']
    --> : <N />
    --> : <Z />
<--     : ['<T90/>']
    --> : <D p="90"/>
<--     : ['<D90/>', '<U/>']
    --> : <Z />
<--     : ['<E124/>', '<V/>']
    --> : <Z />
<--     : ['<f118/>', '<W/>']
<--     : ['<G85/>', '<T98 t="32"/>']
    --> : <Z />
    --> : <REACH hai="30"/>
    --> : <D p="30"/>
<--     : ['<REACH who="0" step="1"/>']
<--     : ['<D30/>', '<REACH who="0" ten="240,250,250,250" step="2"/>', '<U/>']
    --> : <Z />
<--     : ['<e18/>']
<--     : ['<V/>']
    --> : <Z />
    --> : <Z />
<--     : ['<F31/>', '<W/>']
    --> : <Z />
    --> : <Z />
<--     : ['<G7/>', '<T12/>']
    --> : <D p="12"/>
<--     : ['<D12/>']
<--     : ['<U/>']
    --> : <Z />
<--     : ['<e80/>', '<V/>']
    --> : <Z />
<--     : ['<F125/>', '<W/>']
    --> : <Z />
<--     : ['<G127/>', '<T1/>']
    --> : <D p="1"/>
<--     : ['<D1/>']
<--     : ['<U/>']
    --> : <Z />
<--     : ['<e36/>']
    --> : <Z />
<--     : ['<V/>']
<--     : ['<f73/>']
    --> : <Z />
<--     : ['<W/>']
    --> : <Z />
<--     : ['<g78/>', '<T38/>']
    --> : <D p="38"/>
<--     : ['<D38/>']
    --> : <Z />
<--     : ['<U/>']
<--     : ['<e29/>', '<V/>']
    --> : <Z />
<--     : ['<f14/>', '<W/>']
    --> : <Z />
<--     : ['<G39/>', '<T53 t="16"/>']
    --> : <N type="7" />
<--     : ['<AGARI ba="0,1" hai="21,26,28,52,53,56,60,65,69,70,71,98,100,104" machi="53" ten="40,7800,0" yaku="1,1,0,1,54,1,53,0" doraHai="133" doraHaiUra="3" who="0" fromWho="0" sc="240,88,250,-26,250,-26,250,-26" />']
    --> : <NEXTREADY />
    --> : <Z />
    --> : <Z />
    --> : <Z />
    --> : <Z />
<--     : ['<INIT seed="0,1,0,4,1,69" ten="328,224,224,224" oya="0" hai="60,16,37,21,104,44,108,25,70,6,131,82,13"/>', '<T35/>']
    --> : <D p="104"/>
<--     : ['<D104/>', '<U/>']
    --> : <Z />
<--     : ['<E106/>', '<V/>']
    --> : <Z />
<--     : ['<F107/>']
<--     : ['<W/>']
    --> : <Z />
<--     : ['<G71/>', '<T55/>']
    --> : <D p="131"/>
<--     : ['<D131/>', '<U/>']
    --> : <Z />
<--     : ['<E114/>', '<V/>']
    --> : <Z />
<--     : ['<F0/>']
<--     : ['<W/>']
    --> : <Z />
<--     : ['<G134/>', '<T8/>']
    --> : <D p="35"/>
<--     : ['<D35/>']
<--     : ['<U/>']
    --> : <Z />
    --> : <Z />
<--     : ['<E3/>', '<V/>']
    --> : <Z />
<--     : ['<F5/>']
<--     : ['<W/>']
<--     : ['<G127/>', '<T40/>']
    --> : <D p="108"/>
<--     : ['<D108/>']
    --> : <Z />
<--     : ['<U/>']
    --> : <Z />
<--     : ['<e117/>', '<V/>']
    --> : <Z />
<--     : ['<F33/>', '<W/>']
    --> : <Z />
<--     : ['<G64 t="4"/>']
    --> : <N />
<--     : ['<T61/>']
    --> : <D p="70"/>
<--     : ['<D70/>', '<U/>']
    --> : <Z />
<--     : ['<E72/>', '<V/>']
    --> : <Z />
<--     : ['<F31/>', '<W/>']
    --> : <Z />
<--     : ['<G74/>', '<T65/>']
    --> : <D p="65"/>
<--     : ['<D65/>', '<U/>']
<--     : ['<e120/>', '<V/>']
    --> : <Z />
    --> : <Z />
<--     : ['<F128/>', '<W/>']
    --> : <Z />
<--     : ['<g112/>', '<T78 t="32"/>']
    --> : <REACH hai="55"/>
    --> : <D p="55"/>
<--     : ['<REACH who="0" step="1"/>']
<--     : ['<D55/>', '<REACH who="0" ten="318,224,224,224" step="2"/>', '<U/>']
    --> : <Z />
    --> : <Z />
    --> : <Z />
<--     : ['<e51/>']
<--     : ['<V/>']
    --> : <Z />
<--     : ['<F67/>', '<W/>']
    --> : <Z />
<--     : ['<g32/>', '<T86 t="16"/>']
    --> : <N type="7" />
<--     : ['<AGARI ba="1,1" hai="6,8,13,16,21,25,37,40,44,60,61,78,82,86" machi="86" ten="20,18000,2" yaku="1,1,2,1,0,1,7,1,52,1,54,1,53,1" doraHai="69" doraHaiUra="10" who="0" fromWho="0" sc="318,193,224,-61,224,-61,224,-61" />']
    --> : <NEXTREADY />
    --> : <Z />
    --> : <Z />
    --> : <Z />
    --> : <Z />
<--     : ['<INIT seed="0,2,0,0,1,84" ten="511,163,163,163" oya="0" hai="91,4,88,51,86,26,39,18,21,97,29,121,115"/>', '<T95/>']
    --> : <D p="115"/>
<--     : ['<D115/>', '<U/>']
    --> : <Z />
    --> : <Z />
<--     : ['<E132/>', '<V/>']
    --> : <Z />
<--     : ['<F124/>', '<W/>']
    --> : <Z />
    --> : <Z />
<--     : ['<G61/>', '<T85/>']
    --> : <D p="121"/>
<--     : ['<D121/>', '<U/>']
    --> : <Z />
<--     : ['<E73/>', '<V/>']
    --> : <Z />
<--     : ['<F118/>']
<--     : ['<W/>']
    --> : <Z />
<--     : ['<G81 t="4"/>']
    --> : <N />
<--     : ['<T107/>']
    --> : <Z />
    --> : <D p="39"/>
<--     : ['<D39/>']
<--     : ['<U/>']
<--     : ['<E33/>', '<V/>']
    --> : <Z />
<--     : ['<f89 t="1"/>']
    --> : <N />
<--     : ['<W/>']
    --> : <Z />
    --> : <Z />
<--     : ['<g72/>', '<T96/>']
    --> : <Z />
    --> : <D p="4"/>
<--     : ['<D4/>', '<U/>']
    --> : <Z />
<--     : ['<E17/>', '<V/>']
<--     : ['<F65/>', '<W/>']
    --> : <Z />
<--     : ['<G71/>', '<T59/>']
    --> : <D p="29"/>
<--     : ['<D29/>']
    --> : <Z />
<--     : ['<U/>']
    --> : <Z />
<--     : ['<e133/>', '<V/>']
    --> : <Z />
<--     : ['<F8/>']
<--     : ['<W/>']
<--     : ['<G75/>', '<T130/>']
    --> : <D p="130"/>
<--     : ['<D130/>', '<U/>']
    --> : <Z />
    --> : <Z />
<--     : ['<E62/>', '<V/>']
    --> : <Z />
<--     : ['<f0/>']
    --> : <Z />
<--     : ['<W/>']
<--     : ['<G105/>', '<T66/>']
    --> : <D p="66"/>
<--     : ['<D66/>']
    --> : <Z />
<--     : ['<U/>']
<--     : ['<E100/>']
    --> : <Z />
<--     : ['<V/>']
<--     : ['<f108/>']
    --> : <Z />
<--     : ['<N who="3" m="41515" />']
<--     : ['<G93 t="4"/>']
    --> : <Z />
    --> : <N />
<--     : ['<T3/>']
    --> : <D p="3"/>
<--     : ['<D3/>']
<--     : ['<U/>']
<--     : ['<e113/>', '<V/>']
    --> : <Z />
<--     : ['<f36/>', '<W/>']
    --> : <Z />
<--     : ['<g99 t="5"/>']
    --> : <N />
<--     : ['<T112/>']
    --> : <D p="112"/>
<--     : ['<D112/>', '<U/>']
    --> : <Z />
    --> : <Z />
<--     : ['<e11/>', '<V/>']
<--     : ['<f106/>', '<W/>']
    --> : <Z />
    --> : <Z />
<--     : ['<G120/>', '<T68/>']
    --> : <D p="68"/>
<--     : ['<D68/>']
<--     : ['<U/>']
    --> : <Z />
<--     : ['<e134/>', '<V/>']
    --> : <Z />
<--     : ['<f125/>', '<W/>']
<--     : ['<g102 t="4"/>']
    --> : <N />
<--     : ['<T76/>']
    --> : <Z />
    --> : <D p="97"/>
<--     : ['<D97/>', '<U/>']
    --> : <Z />
<--     : ['<e70/>', '<V/>']
<--     : ['<f78/>', '<W/>']
    --> : <Z />
<--     : ['<g101 t="4"/>']
    --> : <N type="3" hai0="95" hai1="96" />
<--     : ['<N who="0" m="60575" />']
    --> : <D p="107"/>
<--     : ['<D107/>', '<U/>']
    --> : <Z />
<--     : ['<e35/>', '<V/>']
    --> : <Z />
<--     : ['<f126/>', '<W/>']
<--     : ['<G31 t="4"/>']
    --> : <N />
<--     : ['<T122/>']
    --> : <Z />
    --> : <D p="122"/>
<--     : ['<D122/>', '<U/>']
    --> : <Z />
<--     : ['<REACH who="1" step="1"/>']
<--     : ['<E43/>']
    --> : <Z />
<--     : ['<REACH who="1" ten="511,153,163,163" step="2"/>', '<V/>']
    --> : <Z />
<--     : ['<f104/>', '<W/>']
    --> : <Z />
<--     : ['<G6/>', '<T80/>']
    --> : <D p="86"/>
<--     : ['<D86/>', '<U/>']
<--     : ['<e119/>']
    --> : <Z />
<--     : ['<N who="3" m="45642" />']
    --> : <Z />
<--     : ['<G49/>', '<T24/>']
    --> : <D p="26"/>
<--     : ['<D26/>', '<U/>']
<--     : ['<e67/>', '<V/>']
    --> : <Z />
    --> : <Z />
<--     : ['<F22/>']
<--     : ['<AGARI ba="2,1" hai="2,5,10,22,27,30,129,131" m="45642,41515" machi="22" ten="30,3900,0" yaku="14,1,34,2" doraHai="84" who="3" fromWho="2" sc="511,0,153,0,163,-45,163,55" />']
    --> : <NEXTREADY />
    --> : <Z />
    --> : <Z />
<--     : ['<INIT seed="1,0,0,1,5,113" ten="511,153,118,218" oya="1" hai="63,20,107,53,7,15,125,82,89,22,58,48,28"/>', '<U/>']
    --> : <Z />
    --> : <Z />
<--     : ['<E34/>', '<V/>']
    --> : <Z />
<--     : ['<F95/>', '<W/>']
    --> : <Z />
<--     : ['<G131/>', '<T59/>']
    --> : <D p="107"/>
<--     : ['<D107/>', '<U/>']
    --> : <Z />
<--     : ['<E4/>', '<V/>']
    --> : <Z />
<--     : ['<f45/>', '<W/>']
    --> : <Z />
<--     : ['<G135/>', '<T21/>']
    --> : <D p="125"/>
<--     : ['<D125/>']
    --> : <Z />
<--     : ['<U/>']
<--     : ['<e121/>', '<V/>']
    --> : <Z />
<--     : ['<f84/>', '<W/>']
    --> : <Z />
<--     : ['<G91/>', '<T122/>']
    --> : <Z />
    --> : <D p="122"/>
<--     : ['<D122/>', '<U/>']
    --> : <Z />
<--     : ['<E55/>', '<V/>']
    --> : <Z />
<--     : ['<f60/>', '<W/>']
    --> : <Z />
<--     : ['<G72/>', '<T30/>']
    --> : <D p="82"/>
<--     : ['<D82/>']
    --> : <Z />
<--     : ['<U/>']
    --> : <Z />
    --> : <Z />
<--     : ['<E74/>', '<V/>']
    --> : <Z />
<--     : ['<F64/>', '<W/>']
    --> : <Z />
<--     : ['<G6/>', '<T73/>']
    --> : <D p="73"/>
<--     : ['<D73/>', '<U/>']
    --> : <Z />
<--     : ['<E129/>', '<V/>']
    --> : <Z />
<--     : ['<F31 t="1"/>']
    --> : <N />
<--     : ['<W/>']
    --> : <Z />
<--     : ['<G132/>', '<T49/>']
    --> : <D p="89"/>
<--     : ['<D89/>']
    --> : <Z />
<--     : ['<U/>']
<--     : ['<e115/>', '<V/>']
    --> : <Z />
<--     : ['<F19/>', '<W/>']
    --> : <Z />
<--     : ['<g134/>', '<T130/>']
    --> : <D p="130"/>
<--     : ['<D130/>', '<U/>']
    --> : <Z />
<--     : ['<E23 t="3"/>']
    --> : <Z />
    --> : <N />
<--     : ['<V/>']
<--     : ['<REACH who="2" step="1"/>']
    --> : <Z />
<--     : ['<F54/>']
<--     : ['<REACH who="2" ten="511,153,108,218" step="2"/>', '<W/>']
    --> : <Z />
    --> : <Z />
<--     : ['<G29 t="1"/>']
    --> : <N />
<--     : ['<T75/>']
    --> : <D p="63"/>
<--     : ['<D63/>', '<U/>']
    --> : <Z />
<--     : ['<e12/>', '<V/>']
<--     : ['<f14/>']
    --> : <Z />
<--     : ['<W/>']
    --> : <Z />
<--     : ['<G32/>', '<T38/>']
    --> : <D p="7"/>
<--     : ['<D7/>', '<U/>']
<--     : ['<e65/>', '<V/>']
    --> : <Z />
<--     : ['<f16/>', '<W/>']
<--     : ['<G17 t="4"/>']
    --> : <N />
<--     : ['<T86/>']
    --> : <Z />
    --> : <D p="75"/>
<--     : ['<D75/>', '<U/>']
<--     : ['<e18/>', '<V/>']
    --> : <Z />
<--     : ['<AGARI ba="0,1" hai="0,3,40,42,68,69,81,83,96,98,118,119,124,126" machi="118" ten="25,12000,2" yaku="1,1,0,1,22,2,52,2,53,0" doraHai="113" doraHaiUra="51" who="2" fromWho="2" sc="511,-30,153,-60,108,130,218,-30" />']
    --> : <NEXTREADY />
    --> : <Z />
    --> : <Z />
    --> : <Z />
<--     : ['<INIT seed="2,0,0,4,1,117" ten="481,93,238,188" oya="2" hai="2,93,111,109,131,15,18,31,129,103,48,68,104"/>', '<V/>']
    --> : <Z />
    --> : <Z />
<--     : ['<F65/>', '<W/>']
    --> : <Z />
<--     : ['<G69/>', '<T62/>']
    --> : <D p="2"/>
<--     : ['<D2/>', '<U/>']
<--     : ['<E119/>', '<V/>']
    --> : <Z />
<--     : ['<F30/>', '<W/>']
    --> : <Z />
<--     : ['<G105/>', '<T82/>']
    --> : <D p="104"/>
<--     : ['<D104/>', '<U/>']
    --> : <Z />
<--     : ['<E43/>', '<V/>']
    --> : <Z />
<--     : ['<f7/>', '<W/>']
    --> : <Z />
<--     : ['<G114/>', '<T4/>']
    --> : <D p="4"/>
<--     : ['<D4/>', '<U/>']
    --> : <Z />
<--     : ['<e116/>', '<V/>']
    --> : <Z />
<--     : ['<F77/>', '<W/>']
    --> : <Z />
<--     : ['<G130 t="1"/>']
    --> : <N type="1" hai0="129" hai1="131" />
<--     : ['<N who="0" m="49675" />']
    --> : <D p="31"/>
<--     : ['<D31/>']
<--     : ['<U/>']
    --> : <Z />
<--     : ['<E64/>', '<V/>']
    --> : <Z />
<--     : ['<F128/>', '<W/>']
    --> : <Z />
<--     : ['<G134/>']
<--     : ['<N who="2" m="51817" />']
    --> : <Z />
<--     : ['<F124/>', '<W/>']
    --> : <Z />
<--     : ['<G125/>', '<T73/>']
    --> : <D p="48"/>
<--     : ['<D48/>', '<U/>']
    --> : <Z />
<--     : ['<E83/>']
    --> : <Z />
    --> : <Z />
<--     : ['<N who="2" m="49183" />']
    --> : <Z />
<--     : ['<F17/>', '<W/>']
    --> : <Z />
<--     : ['<G107/>', '<T58/>']
    --> : <D p="68"/>
<--     : ['<D68/>', '<U/>']
    --> : <Z />
<--     : ['<E11/>', '<V/>']
    --> : <Z />
<--     : ['<f10/>', '<W/>']
<--     : ['<G106/>', '<T115/>']
    --> : <D p="62"/>
<--     : ['<D62/>', '<U/>']
    --> : <Z />
<--     : ['<e6/>', '<V/>']
    --> : <Z />
<--     : ['<F52/>']
<--     : ['<W/>']
    --> : <Z />
    --> : <Z />
<--     : ['<G47/>', '<T27/>']
    --> : <D p="27"/>
<--     : ['<D27/>']
<--     : ['<U/>']
    --> : <Z />
<--     : ['<e75/>', '<V/>']
    --> : <Z />
<--     : ['<f20/>']
<--     : ['<W/>']
    --> : <Z />
    --> : <Z />
<--     : ['<G79 t="4"/>']
    --> : <N type="3" hai0="73" hai1="82" />
<--     : ['<N who="0" m="44399" />']
    --> : <D p="58"/>
<--     : ['<D58/>']
<--     : ['<U/>']
    --> : <Z />
    --> : <Z />
<--     : ['<e33/>', '<V/>']
    --> : <Z />
    --> : <Z />
<--     : ['<F90/>']
<--     : ['<W/>']
    --> : <Z />
    --> : <Z />
<--     : ['<G123/>']
    --> : <Z />
<--     : ['<T61/>']
    --> : <D p="61"/>
<--     : ['<D61/>', '<U/>']
    --> : <Z />
<--     : ['<REACH who="1" step="1"/>']
<--     : ['<E98/>']
    --> : <Z />
<--     : ['<AGARI ba="0,0" hai="37,38,39,97,98,120,121,122" m="49183,51817" machi="98" ten="50,12000,1" yaku="20,1,52,3,54,1" doraHai="117" who="2" fromWho="1" sc="481,0,93,-120,238,120,188,0" />', '<PROF lobby="0" type="1" add="58.0,1,0,0,0,0,5,2,0,2,2"/>', '<AGARI ba="0,0" hai="9,12,19,45,50,55,57,63,66,85,86,94,98,102" machi="98" ten="40,1300,0" yaku="8,1" doraHai="117" who="3" fromWho="1" sc="481,0,-27,-13,358,0,188,13" owari="481,58.0,-40,-54.0,358,16.0,201,-20.0" />']
    --> : <NEXTREADY />
    --> : <NEXTREADY />
    --> : <BYE />
