    --> : <HELO name="ID696E3BCC-hLHNE8Wf" tid="f0" sx="M" />
<--     : ['<HELO uname="%74%73%74%5F%74%69%6F" auth="20200608-21a032a3" PF4="9,10,950.08,-8100.0,44,68,136,199,28,2456,247,466,429,219" PF3="0,0,1470.07,-63.0,0,0,1,0,1,7,0,2,0,0" ratingscale="PF3=1.000000&PF4=1.000000&PF01C=0.582222&PF02C=0.501632&PF03C=0.414869&PF11C=0.823386&PF12C=0.709416&PF13C=0.586714&PF23C=0.378722&PF33C=0.535594&PF1C00=8.000000" rr="PF3=0,0&PF4=202759,0&PF01C=0,0&PF02C=0,0&PF03C=0,0&PF11C=0,0&PF12C=0,0&PF13C=0,0&PF23C=0,0&PF33C=0,0&PF1C00=0,0"/>']
    --> : <AUTH val="20200608-d7be17c1"/>
    --> : <PXR V="9" />
<--     : ['<LN n="CNk1CEP1Vi1Kk" j="C3C1C8B8B1B2B5B4B4D1B3C4B20B1B2B2C2B1B5B" g="Lk1E2M1RA1E2g1Cg4I8QM1E2g1FY12KE4Cs12Bw4I8n1GA2DG2DD2S1BI1w1P1w2M"/>']
    --> : <Z />
    --> : <JOIN t="0,1" />
<--     : ['<REJOIN t="0,1,r"/>']
    --> : <JOIN t="0,1, r" />
<--     : ['<GO type="1" lobby="0" gpid="B463B164-F8D997E9"/>', '<UN n0="%74%73%74%5F%74%69%6F" n1="%E3%81%BE%E3%82%8B%E3%81%A7%E3%81%A0%E3%82%81%E3%81%8A" n2="%E3%81%8B%E3%82%82%E3%81%A4%E3%81%B0%E3%82%81" n3="%4E%6F%4E%61%6D%65" dan="9,11,11,0" rate="950.08,1670.16,1552.25,1500.00" sx="M,M,M,M"/>', '<TAIKYOKU oya="0" log="2020060821gm-0001-0000-b3fcee27"/>']
    --> : <GOK /
    --> : <NEXTREADY />
    --> : <Z />
<--     : ['<INIT seed="0,0,0,1,5,93" ten="250,250,250,250" oya="0" hai="119,84,38,108,66,12,72,63,41,100,89,25,4"/>', '<T17/>']
    --> : <D p="119"/>
<--     : ['<D119/>', '<U/>']
    --> : <Z />
    --> : <Z />
    --> : <Z />
<--     : ['<E104/>', '<V/>']
    --> : <Z />
<--     : ['<F110/>', '<W/>']
<--     : ['<G111/>', '<T20/>']
    --> : <D p="108"/>
<--     : ['<D108/>', '<U/>']
    --> : <Z />
<--     : ['<E34/>', '<V/>']
    --> : <Z />
    --> : <Z />
<--     : ['<F133/>', '<W/>']
<--     : ['<G113/>', '<T43/>']
    --> : <D p="38"/>
<--     : ['<D38/>', '<U/>']
    --> : <Z />
<--     : ['<e112/>', '<V/>']
    --> : <Z />
<--     : ['<F120/>', '<W/>']
    --> : <Z />
<--     : ['<G132/>', '<T97/>']
    --> : <D p="72"/>
<--     : ['<D72/>']
    --> : <Z />
<--     : ['<U/>']
<--     : ['<E124/>', '<V/>']
    --> : <Z />
    --> : <Z />
<--     : ['<F118/>', '<W/>']
    --> : <Z />
<--     : ['<G32/>', '<T40/>']
    --> : <D p="4"/>
<--     : ['<D4/>']
    --> : <Z />
<--     : ['<U/>']
<--     : ['<e134/>']
    --> : <Z />
<--     : ['<V/>']
    --> : <Z />
    --> : <Z />
<--     : ['<F33/>', '<W/>']
    --> : <Z />
<--     : ['<G127/>', '<T48/>']
    --> : <D p="25"/>
<--     : ['<D25/>']
<--     : ['<U/>']
<--     : ['<E128/>', '<V/>']
    --> : <Z />
    --> : <Z />
<--     : ['<F76/>', '<W/>']
    --> : <Z />
<--     : ['<g116/>', '<T16/>']
    --> : <Z />
    --> : <D p="17"/>
<--     : ['<D17/>']
    --> : <Z />
<--     : ['<U/>']
<--     : ['<e117/>', '<V/>']
    --> : <Z />
    --> : <Z />
    --> : <Z />
<--     : ['<f59/>']
    --> : <Z />
<--     : ['<W/>']
    --> : <Z />
<--     : ['<G28/>', '<T81/>']
    --> : <D p="48"/>
<--     : ['<D48/>', '<U/>']
    --> : <Z />
<--     : ['<E3/>']
<--     : ['<V/>']
    --> : <Z />
    --> : <Z />
<--     : ['<F57/>']
<--     : ['<W/>']
    --> : <Z />
<--     : ['<REACH who="3" step="1"/>']
<--     : ['<G79 t="4"/>']
    --> : <Z />
    --> : <N />
<--     : ['<REACH who="3" ten="250,250,250,240" step="2"/>', '<T29/>']
    --> : <D p="29"/>
<--     : ['<D29/>']
    --> : <Z />
<--     : ['<U/>']
<--     : ['<e39/>']
<--     : ['<V/>']
    --> : <Z />
<--     : ['<f115/>', '<W/>']
<--     : ['<g70 t="4"/>']
    --> : <N />
<--     : ['<T37/>']
    --> : <D p="37"/>
<--     : ['<D37/>', '<U/>']
    --> : <Z />
    --> : <Z />
<--     : ['<e105/>', '<V/>']
    --> : <Z />
    --> : <Z />
<--     : ['<F36/>', '<W/>']
<--     : ['<g58 t="4"/>']
    --> : <N type="3" hai0="63" hai1="66" />
<--     : ['<N who="0" m="37239" />']
    --> : <D p="100"/>
<--     : ['<D100/>']
    --> : <Z />
<--     : ['<U/>']
    --> : <Z />
<--     : ['<e122/>', '<V/>']
    --> : <Z />
<--     : ['<F102/>', '<W/>']
<--     : ['<g109/>', '<T95/>']
    --> : <D p="95"/>
<--     : ['<D95/>', '<U/>']
    --> : <Z />
    --> : <Z />
<--     : ['<E8/>']
<--     : ['<V/>']
    --> : <Z />
    --> : <Z />
<--     : ['<F11/>', '<W/>']
<--     : ['<g9 t="4"/>']
    --> : <N type="3" hai0="12" hai1="16" />
<--     : ['<N who="0" m="6159" />']
    --> : <D p="20"/>
<--     : ['<D20/>']
    --> : <Z />
<--     : ['<U/>']
    --> : <Z />
<--     : ['<e106/>', '<V/>']
    --> : <Z />
<--     : ['<f130/>', '<W/>']
<--     : ['<g101/>', '<T52/>']
    --> : <D p="97"/>
<--     : ['<D97/>', '<U/>']
    --> : <Z />
<--     : ['<e125/>', '<V/>']
    --> : <Z />
<--     : ['<f129/>', '<W/>']
    --> : <Z />
<--     : ['<AGARI ba="0,1" hai="14,18,22,51,54,56,60,61,68,69,71,88,90,91" machi="51" ten="40,5200,0" yaku="1,1,0,1,54,1,53,0" doraHai="93" doraHaiUra="30" who="3" fromWho="3" sc="250,-26,250,-13,250,-13,240,62" />']
    --> : <NEXTREADY />
    --> : <Z />
    --> : <Z />
<--     : ['<INIT seed="1,0,0,3,4,51" ten="224,237,237,302" oya="1" hai="2,97,90,21,115,85,76,122,69,31,72,13,50"/>', '<U/>']
    --> : <Z />
    --> : <Z />
<--     : ['<E113/>', '<V/>']
    --> : <Z />
<--     : ['<F1/>', '<W/>']
<--     : ['<G110/>', '<T62/>']
    --> : <Z />
    --> : <D p="115"/>
<--     : ['<D115/>', '<U/>']
<--     : ['<E121/>', '<V/>']
    --> : <Z />
<--     : ['<F111/>', '<W/>']
    --> : <Z />
<--     : ['<G127/>', '<T25/>']
    --> : <D p="122"/>
<--     : ['<D122/>', '<U/>']
    --> : <Z />
<--     : ['<E109/>', '<V/>']
    --> : <Z />
<--     : ['<F68/>', '<W/>']
    --> : <Z />
<--     : ['<G74/>']
    --> : <Z />
<--     : ['<T33/>']
    --> : <D p="2"/>
<--     : ['<D2/>', '<U/>']
<--     : ['<E126/>', '<V/>']
    --> : <Z />
    --> : <Z />
<--     : ['<f103/>']
<--     : ['<W/>']
    --> : <Z />
<--     : ['<G133/>', '<T53/>']
    --> : <D p="72"/>
<--     : ['<D72/>']
    --> : <Z />
<--     : ['<U/>']
<--     : ['<E135/>', '<V/>']
    --> : <Z />
    --> : <Z />
<--     : ['<F38/>']
    --> : <Z />
<--     : ['<W/>']
    --> : <Z />
<--     : ['<G128/>', '<T108/>']
    --> : <D p="108"/>
<--     : ['<D108/>', '<U/>']
    --> : <Z />
<--     : ['<E131/>', '<V/>']
<--     : ['<F43/>']
    --> : <Z />
<--     : ['<W/>']
    --> : <Z />
    --> : <Z />
<--     : ['<g12/>', '<T29/>']
    --> : <D p="13"/>
<--     : ['<D13/>']
    --> : <Z />
<--     : ['<U/>']
    --> : <Z />
<--     : ['<E30 t="1"/>']
    --> : <N />
<--     : ['<V/>']
    --> : <Z />
<--     : ['<F78/>', '<W/>']
    --> : <Z />
<--     : ['<G32 t="4"/>']
    --> : <N />
<--     : ['<T98/>']
    --> : <D p="76"/>
<--     : ['<D76/>']
    --> : <Z />
<--     : ['<U/>']
    --> : <Z />
<--     : ['<E96 t="1"/>']
    --> : <N />
<--     : ['<V/>']
<--     : ['<f3/>', '<W/>']
    --> : <Z />
    --> : <Z />
    --> : <Z />
<--     : ['<g24 t="4"/>']
    --> : <N />
<--     : ['<T99/>']
    --> : <D p="33"/>
<--     : ['<D33/>', '<U/>']
    --> : <Z />
    --> : <Z />
<--     : ['<E40/>', '<V/>']
    --> : <Z />
<--     : ['<F17/>']
    --> : <Z />
<--     : ['<W/>']
    --> : <Z />
<--     : ['<g83 t="4"/>']
    --> : <N />
<--     : ['<T89/>']
    --> : <D p="31"/>
<--     : ['<D31/>', '<U/>']
    --> : <Z />
<--     : ['<e117/>']
<--     : ['<V/>']
    --> : <Z />
<--     : ['<f48/>']
<--     : ['<W/>']
    --> : <Z />
    --> : <Z />
<--     : ['<G92 t="4"/>']
    --> : <N />
<--     : ['<T81/>']
    --> : <D p="90"/>
<--     : ['<D90/>']
    --> : <Z />
<--     : ['<U/>']
    --> : <Z />
<--     : ['<REACH who="1" step="1"/>']
    --> : <Z />
<--     : ['<E67/>']
<--     : ['<REACH who="1" ten="224,227,237,302" step="2"/>', '<V/>']
    --> : <Z />
    --> : <Z />
<--     : ['<f132/>', '<W/>']
<--     : ['<REACH who="3" step="1"/>']
    --> : <Z />
<--     : ['<G39/>', '<REACH who="3" ten="224,227,237,292" step="2"/>', '<T56 t="32"/>']
    --> : <D p="69"/>
<--     : ['<D69/>', '<U/>']
<--     : ['<e70/>']
<--     : ['<V/>']
    --> : <Z />
    --> : <Z />
<--     : ['<F119/>', '<W/>']
    --> : <Z />
<--     : ['<g37/>', '<T123 t="32"/>']
    --> : <REACH hai="123"/>
    --> : <D p="123"/>
<--     : ['<REACH who="0" step="1"/>']
<--     : ['<D123/>', '<REACH who="0" ten="214,227,237,292" step="2"/>', '<U/>']
    --> : <Z />
<--     : ['<e106/>', '<V/>']
<--     : ['<F118/>', '<W/>']
    --> : <Z />
<--     : ['<g47/>', '<T11/>']
    --> : <D p="11"/>
<--     : ['<D11/>']
    --> : <Z />
<--     : ['<AGARI ba="0,3" hai="0,5,7,9,11,14,63,66,71,73,75,82,86,88" machi="11" ten="40,3900,0" yaku="1,1,54,1,53,0" doraHai="51" doraHaiUra="94" who="1" fromWho="0" sc="214,-39,227,69,237,0,292,0" />']
    --> : <NEXTREADY />
    --> : <Z />
    --> : <Z />
<--     : ['<INIT seed="1,1,0,0,0,87" ten="175,296,237,292" oya="1" hai="13,17,47,106,4,65,41,124,102,112,33,49,101"/>', '<U/>']
    --> : <Z />
    --> : <Z />
<--     : ['<E134/>', '<V/>']
    --> : <Z />
<--     : ['<F39/>']
    --> : <Z />
<--     : ['<W/>']
<--     : ['<G113/>', '<T115/>']
    --> : <D p="33"/>
<--     : ['<D33/>']
    --> : <Z />
<--     : ['<U/>']
    --> : <Z />
<--     : ['<E73/>', '<V/>']
    --> : <Z />
<--     : ['<F61/>', '<W/>']
    --> : <Z />
<--     : ['<G110/>', '<T69/>']
    --> : <D p="124"/>
<--     : ['<D124/>', '<U/>']
    --> : <Z />
<--     : ['<E114 t="1"/>']
    --> : <N />
<--     : ['<V/>']
<--     : ['<f64/>', '<W/>']
    --> : <Z />
<--     : ['<G1/>', '<T63/>']
    --> : <D p="4"/>
<--     : ['<D4/>']
    --> : <Z />
<--     : ['<U/>']
    --> : <Z />
<--     : ['<E109/>', '<V/>']
<--     : ['<f57/>', '<W/>']
    --> : <Z />
    --> : <Z />
<--     : ['<g126/>', '<T130/>']
    --> : <D p="130"/>
<--     : ['<D130/>', '<U/>']
    --> : <Z />
<--     : ['<E116/>', '<V/>']
    --> : <Z />
<--     : ['<f42/>']
<--     : ['<W/>']
    --> : <Z />
<--     : ['<G68 t="4"/>']
    --> : <N />
<--     : ['<T62/>']
    --> : <D p="63"/>
<--     : ['<D63/>']
    --> : <Z />
<--     : ['<U/>']
    --> : <Z />
<--     : ['<e120/>', '<V/>']
    --> : <Z />
<--     : ['<f54/>']
<--     : ['<W/>']
    --> : <Z />
<--     : ['<g77/>', '<T20 t="32"/>']
    --> : <D p="102"/>
<--     : ['<D102/>', '<U/>']
    --> : <Z />
<--     : ['<E118/>', '<V/>']
    --> : <Z />
<--     : ['<f43/>']
    --> : <Z />
<--     : ['<W/>']
<--     : ['<g74/>', '<T71 t="32"/>']
    --> : <D p="71"/>
<--     : ['<D71/>', '<U/>']
    --> : <Z />
    --> : <Z />
<--     : ['<E11/>']
<--     : ['<V/>']
    --> : <Z />
<--     : ['<F123/>', '<W/>']
    --> : <Z />
<--     : ['<g7/>']
<--     : ['<T58 t="32"/>']
    --> : <D p="69"/>
<--     : ['<D69/>', '<U/>']
    --> : <Z />
<--     : ['<e108/>', '<V/>']
    --> : <Z />
<--     : ['<f117/>', '<W/>']
    --> : <Z />
<--     : ['<g78/>', '<T66 t="32"/>']
    --> : <D p="66"/>
<--     : ['<D66/>', '<U/>']
    --> : <Z />
    --> : <Z />
<--     : ['<E82/>', '<V/>']
    --> : <Z />
<--     : ['<F84/>']
    --> : <Z />
<--     : ['<W/>']
<--     : ['<g79/>', '<T56 t="32"/>']
    --> : <D p="58"/>
<--     : ['<D58/>']
    --> : <Z />
<--     : ['<U/>']
    --> : <Z />
<--     : ['<e76/>', '<V/>']
    --> : <Z />
    --> : <Z />
<--     : ['<F100/>']
<--     : ['<W/>']
    --> : <Z />
<--     : ['<G29/>', '<T75 t="32"/>']
    --> : <D p="75"/>
<--     : ['<D75/>', '<U/>']
    --> : <Z />
<--     : ['<e111/>', '<V/>']
    --> : <Z />
<--     : ['<F107/>', '<W/>']
    --> : <Z />
<--     : ['<G129/>', '<T53 t="32"/>']
    --> : <D p="41"/>
<--     : ['<D41/>', '<U/>']
    --> : <Z />
<--     : ['<e67/>', '<V/>']
    --> : <Z />
<--     : ['<F128/>', '<W/>']
    --> : <Z />
<--     : ['<g25 t="4"/>']
    --> : <N />
<--     : ['<T95 t="32"/>']
    --> : <D p="106"/>
<--     : ['<D106/>']
    --> : <Z />
<--     : ['<U/>']
    --> : <Z />
<--     : ['<E104/>', '<V/>']
    --> : <Z />
<--     : ['<F125/>', '<W/>']
    --> : <Z />
<--     : ['<g70 t="4"/>']
    --> : <N />
<--     : ['<T119 t="32"/>']
    --> : <D p="119"/>
<--     : ['<D119/>', '<U/>']
    --> : <Z />
<--     : ['<REACH who="1" step="1"/>']
    --> : <Z />
    --> : <Z />
<--     : ['<E24/>']
    --> : <Z />
<--     : ['<REACH who="1" ten="175,286,237,292" step="2"/>', '<N who="2" m="16655" />']
<--     : ['<F133/>', '<W/>']
    --> : <Z />
    --> : <Z />
<--     : ['<g131/>', '<T81 t="32"/>']
    --> : <D p="81"/>
<--     : ['<D81/>', '<U/>']
    --> : <Z />
<--     : ['<e80/>', '<V/>']
<--     : ['<f121/>', '<W/>']
    --> : <Z />
    --> : <Z />
<--     : ['<G26 t="4"/>']
    --> : <N />
<--     : ['<T88 t="32"/>']
    --> : <D p="101"/>
<--     : ['<D101/>', '<U/>']
    --> : <Z />
<--     : ['<e92/>', '<V/>']
    --> : <Z />
<--     : ['<f31/>', '<W/>']
    --> : <Z />
<--     : ['<G28/>', '<T27/>']
    --> : <D p="27"/>
<--     : ['<D27/>', '<U/>']
    --> : <Z />
<--     : ['<e3/>']
<--     : ['<V/>']
    --> : <Z />
<--     : ['<f105/>', '<W/>']
    --> : <Z />
<--     : ['<g72/>', '<RYUUKYOKU ba="1,1" sc="175,10,286,10,237,10,292,-30" hai0="13,17,20,47,49,53,56,62,65,88,95,112,115" hai1="34,35,38,40,46,48,52,59,90,91,93,98,103" hai2="2,5,6,8,10,14,18,19,22,23" />']
    --> : <NEXTREADY />
    --> : <Z />
<--     : ['<INIT seed="1,2,1,4,5,7" ten="185,296,247,262" oya="1" hai="59,60,0,77,102,8,53,9,54,46,44,104,108"/>', '<U/>']
    --> : <Z />
    --> : <Z />
    --> : <Z />
    --> : <Z />
<--     : ['<E61/>', '<V/>']
    --> : <Z />
    --> : <Z />
<--     : ['<F71/>', '<W/>']
    --> : <Z />
<--     : ['<G37/>', '<T111/>']
    --> : <D p="77"/>
<--     : ['<D77/>', '<U/>']
    --> : <Z />
<--     : ['<E24/>']
<--     : ['<V/>']
    --> : <Z />
<--     : ['<F117/>', '<W/>']
    --> : <Z />
<--     : ['<G70/>', '<T98/>']
    --> : <D p="46"/>
<--     : ['<D46/>', '<U/>']
    --> : <Z />
<--     : ['<e49/>']
<--     : ['<V/>']
    --> : <Z />
<--     : ['<F114/>', '<W/>']
    --> : <Z />
<--     : ['<G43/>', '<T74/>']
    --> : <D p="74"/>
<--     : ['<D74/>']
    --> : <Z />
    --> : <Z />
<--     : ['<N who="1" m="43383" />']
    --> : <Z />
    --> : <Z />
<--     : ['<E107/>', '<V/>']
<--     : ['<F131/>', '<W/>']
    --> : <Z />
<--     : ['<G133/>', '<T88/>']
    --> : <D p="88"/>
<--     : ['<D88/>', '<U/>']
    --> : <Z />
<--     : ['<E85/>']
<--     : ['<V/>']
    --> : <Z />
    --> : <Z />
    --> : <Z />
<--     : ['<F35/>', '<W/>']
<--     : ['<G72/>', '<T135/>']
    --> : <D p="135"/>
<--     : ['<D135/>', '<U/>']
    --> : <Z />
    --> : <Z />
    --> : <Z />
<--     : ['<e39/>', '<V/>']
    --> : <Z />
    --> : <Z />
<--     : ['<F56/>']
<--     : ['<W/>']
<--     : ['<G106 t="4"/>']
    --> : <N />
    --> : <Z />
<--     : ['<T23/>']
    --> : <D p="23"/>
<--     : ['<D23/>', '<U/>']
<--     : ['<e129/>', '<V/>']
    --> : <Z />
    --> : <Z />
<--     : ['<f83/>']
<--     : ['<W/>']
    --> : <Z />
<--     : ['<g2/>', '<T67/>']
    --> : <D p="67"/>
<--     : ['<D67/>', '<U/>']
    --> : <Z />
<--     : ['<e3/>', '<V/>']
    --> : <Z />
<--     : ['<REACH who="2" step="1"/>']
<--     : ['<F51/>', '<REACH who="2" ten="185,296,237,262" step="2"/>', '<W/>']
    --> : <Z />
<--     : ['<g128/>', '<T101/>']
    --> : <D p="59"/>
<--     : ['<D59/>', '<U/>']
    --> : <Z />
<--     : ['<e32/>', '<V/>']
<--     : ['<f94/>']
    --> : <Z />
<--     : ['<W/>']
    --> : <Z />
    --> : <Z />
<--     : ['<G118/>', '<T132/>']
    --> : <D p="132"/>
<--     : ['<D132/>', '<U/>']
    --> : <Z />
<--     : ['<e134/>', '<V/>']
<--     : ['<f112/>', '<W/>']
    --> : <Z />
    --> : <Z />
    --> : <Z />
    --> : <Z />
<--     : ['<G63/>', '<T95/>']
    --> : <D p="60"/>
<--     : ['<D60/>', '<U/>']
    --> : <Z />
<--     : ['<e113/>', '<V/>']
<--     : ['<f78/>', '<W/>']
    --> : <Z />
    --> : <Z />
<--     : ['<G55 t="1"/>']
    --> : <N />
<--     : ['<AGARI ba="2,2" hai="13,16,20,26,29,33,45,50,55,57,62,64,121,122" machi="55" ten="30,7700,0" yaku="1,1,7,1,54,1,53,1" doraHai="7" doraHaiUra="58" who="2" fromWho="3" sc="185,0,296,0,237,103,262,-83" />']
    --> : <NEXTREADY />
    --> : <Z />
    --> : <Z />
    --> : <Z />
    --> : <Z />
<--     : ['<INIT seed="2,0,0,3,5,88" ten="185,296,340,179" oya="2" hai="51,40,107,12,57,75,37,4,39,94,123,25,24"/>', '<V/>']
    --> : <Z />
    --> : <Z />
<--     : ['<F105/>', '<W/>']
    --> : <Z />
<--     : ['<G108/>', '<T112/>']
    --> : <D p="112"/>
    --> : <Z />
<--     : ['<D112/>', '<U/>']
<--     : ['<E125/>', '<V/>']
    --> : <Z />
<--     : ['<F117/>', '<W/>']
    --> : <Z />
    --> : <Z />
<--     : ['<g74/>', '<T87/>']
    --> : <D p="123"/>
<--     : ['<D123/>']
    --> : <Z />
<--     : ['<U/>']
<--     : ['<E135/>', '<V/>']
    --> : <Z />
<--     : ['<f119/>', '<W/>']
    --> : <Z />
<--     : ['<G30/>', '<T27/>']
    --> : <D p="75"/>
<--     : ['<D75/>']
    --> : <Z />
<--     : ['<U/>']
<--     : ['<E131/>', '<V/>']
    --> : <Z />
    --> : <Z />
<--     : ['<F34/>', '<W/>']
    --> : <Z />
<--     : ['<G101/>', '<T22/>']
    --> : <D p="107"/>
<--     : ['<D107/>', '<U/>']
    --> : <Z />
<--     : ['<e110/>', '<V/>']
    --> : <Z />
<--     : ['<f35/>', '<W/>']
    --> : <Z />
<--     : ['<g132/>']
<--     : ['<T68/>']
    --> : <D p="68"/>
<--     : ['<D68/>']
    --> : <Z />
<--     : ['<U/>']
    --> : <Z />
<--     : ['<E10/>']
    --> : <Z />
<--     : ['<V/>']
    --> : <Z />
<--     : ['<F31/>', '<W/>']
<--     : ['<g124/>', '<T49/>']
    --> : <D p="4"/>
<--     : ['<D4/>', '<U/>']
    --> : <Z />
    --> : <Z />
<--     : ['<E56/>', '<V/>']
    --> : <Z />
    --> : <Z />
<--     : ['<F76/>']
    --> : <Z />
<--     : ['<W/>']
<--     : ['<g103/>', '<T9/>']
    --> : <D p="22"/>
<--     : ['<D22/>']
    --> : <Z />
<--     : ['<U/>']
    --> : <Z />
    --> : <Z />
<--     : ['<E41/>', '<V/>']
    --> : <Z />
<--     : ['<F102/>', '<W/>']
    --> : <Z />
    --> : <Z />
<--     : ['<G6 t="4"/>']
    --> : <N />
<--     : ['<T104/>']
    --> : <D p="104"/>
<--     : ['<D104/>', '<U/>']
    --> : <Z />
<--     : ['<E46/>']
    --> : <Z />
<--     : ['<N who="3" m="18026" />']
    --> : <Z />
<--     : ['<G36 t="1"/>']
    --> : <N />
<--     : ['<T63/>']
    --> : <D p="40"/>
<--     : ['<D40/>', '<U/>']
    --> : <Z />
<--     : ['<e8/>']
<--     : ['<V/>']
    --> : <Z />
<--     : ['<f130/>', '<W/>']
    --> : <Z />
    --> : <Z />
<--     : ['<G115/>', '<T33/>']
    --> : <D p="33"/>
<--     : ['<D33/>', '<U/>']
    --> : <Z />
    --> : <Z />
<--     : ['<E55/>']
<--     : ['<N who="3" m="21034" />']
    --> : <Z />
<--     : ['<G83/>']
    --> : <Z />
<--     : ['<T72/>']
    --> : <Z />
    --> : <D p="72"/>
<--     : ['<D72/>']
    --> : <Z />
<--     : ['<U/>']
<--     : ['<E128/>', '<V/>']
    --> : <Z />
<--     : ['<F38 t="1"/>']
    --> : <N />
<--     : ['<W/>']
<--     : ['<g28/>', '<T47/>']
    --> : <Z />
    --> : <D p="51"/>
<--     : ['<D51/>', '<U/>']
    --> : <Z />
<--     : ['<e53/>', '<V/>']
    --> : <Z />
<--     : ['<f127/>', '<W/>']
    --> : <Z />
<--     : ['<AGARI ba="0,0" hai="11,13,16,58,61,64,84,86" m="21034,18026" machi="11" ten="30,4000,0" yaku="8,1,54,2" doraHai="88" who="3" fromWho="3" sc="185,-10,296,-10,340,-20,179,40" />']
    --> : <NEXTREADY />
    --> : <Z />
    --> : <Z />
<--     : ['<INIT seed="3,0,0,4,5,47" ten="175,286,320,219" oya="3" hai="43,114,85,118,75,6,98,64,61,106,96,108,109"/>', '<W/>']
    --> : <Z />
    --> : <Z />
<--     : ['<g122/>', '<T54/>']
    --> : <D p="118"/>
<--     : ['<D118/>', '<U/>']
    --> : <Z />
<--     : ['<E121/>', '<V/>']
    --> : <Z />
<--     : ['<F123/>', '<W/>']
<--     : ['<g119/>', '<T92/>']
    --> : <D p="75"/>
<--     : ['<D75/>']
    --> : <Z />
    --> : <Z />
<--     : ['<U/>']
<--     : ['<E35/>', '<V/>']
    --> : <Z />
    --> : <Z />
<--     : ['<F126/>', '<W/>']
    --> : <Z />
    --> : <Z />
<--     : ['<G90 t="4"/>']
    --> : <N />
<--     : ['<T30/>']
    --> : <D p="114"/>
<--     : ['<D114/>', '<U/>']
    --> : <Z />
<--     : ['<E127/>', '<V/>']
    --> : <Z />
    --> : <Z />
<--     : ['<f104/>', '<W/>']
    --> : <Z />
<--     : ['<g101 t="4"/>']
    --> : <N />
<--     : ['<T3/>']
    --> : <D p="30"/>
<--     : ['<D30/>']
    --> : <Z />
<--     : ['<U/>']
    --> : <Z />
<--     : ['<e105/>', '<V/>']
<--     : ['<F102/>', '<W/>']
    --> : <Z />
<--     : ['<g128/>', '<T48/>']
    --> : <D p="106"/>
<--     : ['<D106/>', '<U/>']
    --> : <Z />
<--     : ['<E117/>', '<V/>']
    --> : <Z />
    --> : <Z />
    --> : <Z />
<--     : ['<f63/>', '<W/>']
    --> : <Z />
<--     : ['<g37/>', '<T53/>']
    --> : <D p="85"/>
<--     : ['<D85/>']
    --> : <Z />
<--     : ['<N who="1" m="48359" />']
    --> : <Z />
<--     : ['<E34/>', '<V/>']
    --> : <Z />
<--     : ['<F51/>']
    --> : <Z />
<--     : ['<W/>']
    --> : <Z />
<--     : ['<g8 t="4"/>']
    --> : <N />
<--     : ['<T72/>']
    --> : <D p="72"/>
<--     : ['<D72/>', '<U/>']
    --> : <Z />
<--     : ['<e39/>', '<V/>']
    --> : <Z />
<--     : ['<F88/>', '<W/>']
    --> : <Z />
    --> : <Z />
<--     : ['<g14/>', '<T13/>']
    --> : <D p="3"/>
<--     : ['<D3/>']
    --> : <Z />
<--     : ['<U/>']
<--     : ['<E26/>']
<--     : ['<V/>']
    --> : <Z />
<--     : ['<f115/>', '<W/>']
<--     : ['<g36/>', '<T10/>']
    --> : <Z />
    --> : <D p="43"/>
<--     : ['<D43/>']
<--     : ['<PROF lobby="0" type="1" add="-36.0,0,0,0,1,0,6,0,2,1,1"/>', '<AGARI ba="0,0" hai="1,2,16,20,27,43,46,50,60,66,71,74,79,82" machi="43" ten="30,3900,0" yaku="7,1,52,1,54,1" doraHai="47" who="2" fromWho="0" sc="175,-39,286,0,320,39,219,0" owari="136,-36.0,286,9.0,359,45.0,219,-18.0" />']
    --> : <NEXTREADY />
    --> : <BYE />
